#
# There is insufficient memory for the Java Runtime Environment to continue.
# Native memory allocation (malloc) failed to allocate 85568 bytes for Chunk::new
# Possible reasons:
#   The system is out of physical RAM or swap space
#   The process is running with CompressedOops enabled, and the Java Heap may be blocking the growth of the native heap
# Possible solutions:
#   Reduce memory load on the system
#   Increase physical memory or swap space
#   Check if swap backing store is full
#   Decrease Java heap size (-Xmx/-Xms)
#   Decrease number of Java threads
#   Decrease Java thread stack sizes (-Xss)
#   Set larger code cache with -XX:ReservedCodeCacheSize=
#   JVM is running with Unscaled Compressed Oops mode in which the Java heap is
#     placed in the first 4GB address space. The Java Heap base address is the
#     maximum limit for the native heap growth. Please use -XX:HeapBaseMinAddress
#     to set the Java Heap base and to place the Java Heap above 4GB virtual address.
# This output file may be truncated or incomplete.
#
#  Out of Memory Error (./open/src/hotspot/share/memory/arena.cpp:195), pid=27004, tid=28312
#
# JRE version: Java(TM) SE Runtime Environment (15.0.2+7) (build 15.0.2+7-27)
# Java VM: Java HotSpot(TM) 64-Bit Server VM (15.0.2+7-27, mixed mode, sharing, tiered, compressed oops, g1 gc, windows-amd64)
# No core dump will be written. Minidumps are not enabled by default on client versions of Windows
#

---------------  S U M M A R Y ------------

Command Line: -Dapplication.home=C:\Program Files\Java\jdk-15.0.2 --add-modules=ALL-DEFAULT -Xms8m -Djdk.module.main=jdk.compiler jdk.compiler/com.sun.tools.javac.Main -d C:\Users\Burapa\Documents\NetBeansProjects\CardGame\build\classes -classpath C:\Users\Burapa\Documents\NetBeansProjects\CardGame\build\classes;C:\Program Files\Java\javafx-sdk-11.0.2\lib\javafx.base.jar;C:\Program Files\Java\javafx-sdk-11.0.2\lib\javafx.controls.jar;C:\Program Files\Java\javafx-sdk-11.0.2\lib\javafx.fxml.jar;C:\Program Files\Java\javafx-sdk-11.0.2\lib\javafx.graphics.jar;C:\Program Files\Java\javafx-sdk-11.0.2\lib\javafx.media.jar;C:\Program Files\Java\javafx-sdk-11.0.2\lib\javafx.swing.jar;C:\Program Files\Java\javafx-sdk-11.0.2\lib\javafx.web.jar;C:\Program Files\Java\javafx-sdk-11.0.2\lib\javafx-swt.jar -sourcepath C:\Users\Burapa\Documents\NetBeansProjects\CardGame\src -target 15 -encoding UTF-8 -g -processorpath C:\Program Files\Java\javafx-sdk-11.0.2\lib\javafx.base.jar;C:\Program Files\Java\javafx-sdk-11.0.2\lib\javafx.controls.jar;C:\Program Files\Java\javafx-sdk-11.0.2\lib\javafx.fxml.jar;C:\Program Files\Java\javafx-sdk-11.0.2\lib\javafx.graphics.jar;C:\Program Files\Java\javafx-sdk-11.0.2\lib\javafx.media.jar;C:\Program Files\Java\javafx-sdk-11.0.2\lib\javafx.swing.jar;C:\Program Files\Java\javafx-sdk-11.0.2\lib\javafx.web.jar;C:\Program Files\Java\javafx-sdk-11.0.2\lib\javafx-swt.jar;C:\Users\Burapa\Documents\NetBeansProjects\CardGame\build\empty -s C:\Users\Burapa\Documents\NetBeansProjects\CardGame\build\generated-sources\ap-source-output -source 15 --module-path C:\Program Files\Java\javafx-sdk-11.0.2\lib\javafx-swt.jar;C:\Program Files\Java\javafx-sdk-11.0.2\lib\javafx.base.jar;C:\Program Files\Java\javafx-sdk-11.0.2\lib\javafx.controls.jar;C:\Program Files\Java\javafx-sdk-11.0.2\lib\javafx.fxml.jar;C:\Program Files\Java\javafx-sdk-11.0.2\lib\javafx.graphics.jar;C:\Program Files\Java\javafx-sdk-11.0.2\lib\javafx.media.jar;C:\Program Files\Java\javafx-sdk-11.0.2\lib\javafx.swing.jar;C:\Program Files\Java\javafx-sdk-11.0.2\lib\javafx.web.jar C:\Users\Burapa\Documents\NetBeansProjects\CardGame\src\cardgame\CardGame.java

Host: AMD Ryzen 7 3750H with Radeon Vega Mobile Gfx  , 8 cores, 7G,  Windows 10 , 64 bit Build 19041 (10.0.19041.928)
Time: Sat May  1 22:44:31 2021 SE Asia Standard Time elapsed time: 1.754301 seconds (0d 0h 0m 1s)

---------------  T H R E A D  ---------------

Current thread (0x000001fd067f65d0):  JavaThread "C2 CompilerThread0" daemon [_thread_in_native, id=28312, stack(0x0000004b84900000,0x0000004b84a00000)]


Current CompileTask:
C2:   1754 2488       4       com.sun.tools.javac.jvm.PoolReader::resolve (341 bytes)

Stack: [0x0000004b84900000,0x0000004b84a00000]
Native frames: (J=compiled Java code, j=interpreted, Vv=VM code, C=native code)
V  [jvm.dll+0x62ae9a]
V  [jvm.dll+0x7817a9]
V  [jvm.dll+0x782f03]
V  [jvm.dll+0x783563]
V  [jvm.dll+0x216325]
V  [jvm.dll+0x97f3a]
V  [jvm.dll+0x9861c]
V  [jvm.dll+0x54074f]
V  [jvm.dll+0x1f2cd4]
V  [jvm.dll+0x1ec348]
V  [jvm.dll+0x1e9867]
V  [jvm.dll+0x178567]
V  [jvm.dll+0x1f9225]
V  [jvm.dll+0x1f72cc]
V  [jvm.dll+0x74495d]
V  [jvm.dll+0x73d75a]
V  [jvm.dll+0x629c56]
C  [ucrtbase.dll+0x21bb2]
C  [KERNEL32.DLL+0x17034]
C  [ntdll.dll+0x52651]


---------------  P R O C E S S  ---------------

Threads class SMR info:
_java_thread_list=0x000001fd06f39170, length=13, elements={
0x000001fd65642660, 0x000001fd067d3b40, 0x000001fd067d4620, 0x000001fd067ef080,
0x000001fd067f1a50, 0x000001fd067f2410, 0x000001fd067f65d0, 0x000001fd067ffdd0,
0x000001fd06808bf0, 0x000001fd06a11030, 0x000001fd06a94a10, 0x000001fd06f43d40,
0x000001fd078c9130
}

Java Threads: ( => current thread )
  0x000001fd65642660 JavaThread "main" [_thread_in_native, id=28268, stack(0x0000004b83d00000,0x0000004b83e00000)]
  0x000001fd067d3b40 JavaThread "Reference Handler" daemon [_thread_blocked, id=28296, stack(0x0000004b84400000,0x0000004b84500000)]
  0x000001fd067d4620 JavaThread "Finalizer" daemon [_thread_blocked, id=28300, stack(0x0000004b84500000,0x0000004b84600000)]
  0x000001fd067ef080 JavaThread "Signal Dispatcher" daemon [_thread_blocked, id=28304, stack(0x0000004b84600000,0x0000004b84700000)]
  0x000001fd067f1a50 JavaThread "Attach Listener" daemon [_thread_blocked, id=28308, stack(0x0000004b84700000,0x0000004b84800000)]
  0x000001fd067f2410 JavaThread "Service Thread" daemon [_thread_blocked, id=28212, stack(0x0000004b84800000,0x0000004b84900000)]
=>0x000001fd067f65d0 JavaThread "C2 CompilerThread0" daemon [_thread_in_native, id=28312, stack(0x0000004b84900000,0x0000004b84a00000)]
  0x000001fd067ffdd0 JavaThread "C1 CompilerThread0" daemon [_thread_in_native, id=28316, stack(0x0000004b84a00000,0x0000004b84b00000)]
  0x000001fd06808bf0 JavaThread "Sweeper thread" daemon [_thread_blocked, id=28240, stack(0x0000004b84b00000,0x0000004b84c00000)]
  0x000001fd06a11030 JavaThread "Common-Cleaner" daemon [_thread_blocked, id=28324, stack(0x0000004b84c00000,0x0000004b84d00000)]
  0x000001fd06a94a10 JavaThread "Notification Thread" daemon [_thread_blocked, id=28328, stack(0x0000004b84d00000,0x0000004b84e00000)]
  0x000001fd06f43d40 JavaThread "C2 CompilerThread1" daemon [_thread_in_native, id=28216, stack(0x0000004b85000000,0x0000004b85100000)]
  0x000001fd078c9130 JavaThread "C2 CompilerThread2" daemon [_thread_in_native, id=28192, stack(0x0000004b85100000,0x0000004b85200000)]

Other Threads:
  0x000001fd067d13a0 VMThread "VM Thread" [stack: 0x0000004b84300000,0x0000004b84400000] [id=28292]
  0x000001fd06aadec0 WatcherThread [stack: 0x0000004b84e00000,0x0000004b84f00000] [id=28220]
  0x000001fd65680ca0 GCTaskThread "GC Thread#0" [stack: 0x0000004b83e00000,0x0000004b83f00000] [id=28272]
  0x000001fd06b0e3e0 GCTaskThread "GC Thread#1" [stack: 0x0000004b84f00000,0x0000004b85000000] [id=28224]
  0x000001fd656947f0 ConcurrentGCThread "G1 Main Marker" [stack: 0x0000004b83f00000,0x0000004b84000000] [id=28276]
  0x000001fd65695a90 ConcurrentGCThread "G1 Conc#0" [stack: 0x0000004b84000000,0x0000004b84100000] [id=28280]
  0x000001fd06b0e710 ConcurrentGCThread "G1 Conc#1" [stack: 0x0000004b85200000,0x0000004b85300000] [id=28264]
  0x000001fd656c0cf0 ConcurrentGCThread "G1 Refine#0" [stack: 0x0000004b84100000,0x0000004b84200000] [id=28284]
  0x000001fd656c1800 ConcurrentGCThread "G1 Young RemSet Sampling" [stack: 0x0000004b84200000,0x0000004b84300000] [id=28288]

Threads with active compile tasks:
C2 CompilerThread0     1771 2488       4       com.sun.tools.javac.jvm.PoolReader::resolve (341 bytes)
C1 CompilerThread0     1771 2616       3       com.sun.tools.javac.code.Types$5::visitClassType (387 bytes)
C2 CompilerThread1     1771 2137       4       com.sun.tools.javac.code.Symtab::enterClass (71 bytes)
C2 CompilerThread2     1771 2132       4       com.sun.tools.javac.code.Symtab::lookupPackage (243 bytes)

VM state: not at safepoint (normal execution)

VM Mutex/Monitor currently owned by a thread: None

Heap address: 0x0000000082e00000, size: 2002 MB, Compressed Oops mode: 32-bit
CDS archive(s) mapped at: [0x0000000800000000-0x0000000800b50000-0x0000000800b50000), size 11862016, SharedBaseAddress: 0x0000000800000000, ArchiveRelocationMode: 0.
Compressed class space mapped at: 0x0000000800b50000-0x0000000840b50000, size: 1073741824
Narrow klass base: 0x0000000800000000, Narrow klass shift: 3, Narrow klass range: 0x100000000

GC Precious Log:
 CPUs: 8 total, 8 available
 Memory: 8000M
 Large Page Support: Disabled
 NUMA Support: Disabled
 Compressed Oops: Enabled (32-bit)
 Heap Region Size: 1M
 Heap Min Capacity: 8M
 Heap Initial Capacity: 8M
 Heap Max Capacity: 2002M
 Pre-touch: Disabled
 Parallel Workers: 8
 Concurrent Workers: 2
 Concurrent Refinement Workers: 8
 Periodic GC: Disabled

Heap:
 garbage-first heap   total 47104K, used 14780K [0x0000000082e00000, 0x0000000100000000)
  region size 1024K, 4 young (4096K), 1 survivors (1024K)
 Metaspace       used 11645K, capacity 13652K, committed 13824K, reserved 1060864K
  class space    used 1258K, capacity 1461K, committed 1536K, reserved 1048576K

Heap Regions: E=young(eden), S=young(survivor), O=old, HS=humongous(starts), HC=humongous(continues), CS=collection set, F=free, OA=open archive, CA=closed archive, TAMS=top-at-mark-start (previous, next)
|   0|0x0000000082e00000, 0x0000000082f00000, 0x0000000082f00000|100%| O|  |TAMS 0x0000000082f00000, 0x0000000082e00000| Untracked 
|   1|0x0000000082f00000, 0x0000000083000000, 0x0000000083000000|100%| O|  |TAMS 0x0000000083000000, 0x0000000082f00000| Untracked 
|   2|0x0000000083000000, 0x0000000083100000, 0x0000000083100000|100%| O|  |TAMS 0x0000000083100000, 0x0000000083000000| Untracked 
|   3|0x0000000083100000, 0x0000000083200000, 0x0000000083200000|100%| O|  |TAMS 0x0000000083200000, 0x0000000083100000| Untracked 
|   4|0x0000000083200000, 0x0000000083300000, 0x0000000083300000|100%| O|  |TAMS 0x0000000083300000, 0x0000000083200000| Untracked 
|   5|0x0000000083300000, 0x0000000083400000, 0x0000000083400000|100%| O|  |TAMS 0x0000000083400000, 0x0000000083300000| Untracked 
|   6|0x0000000083400000, 0x0000000083500000, 0x0000000083500000|100%| O|  |TAMS 0x0000000083500000, 0x0000000083400000| Untracked 
|   7|0x0000000083500000, 0x0000000083600000, 0x0000000083600000|100%| O|  |TAMS 0x0000000083600000, 0x0000000083500000| Untracked 
|   8|0x0000000083600000, 0x0000000083700000, 0x0000000083700000|100%| O|  |TAMS 0x0000000083700000, 0x0000000083600000| Untracked 
|   9|0x0000000083700000, 0x0000000083800000, 0x0000000083800000|100%| O|  |TAMS 0x00000000837f2000, 0x0000000083700000| Untracked 
|  10|0x0000000083800000, 0x0000000083900000, 0x0000000083900000|100%|HS|  |TAMS 0x0000000083900000, 0x0000000083800000| Complete 
|  11|0x0000000083900000, 0x00000000839eaa00, 0x0000000083a00000| 91%| O|  |TAMS 0x0000000083900000, 0x0000000083900000| Untracked 
|  12|0x0000000083a00000, 0x0000000083a00000, 0x0000000083b00000|  0%| F|  |TAMS 0x0000000083a00000, 0x0000000083a00000| Untracked 
|  13|0x0000000083b00000, 0x0000000083b00000, 0x0000000083c00000|  0%| F|  |TAMS 0x0000000083b00000, 0x0000000083b00000| Untracked 
|  14|0x0000000083c00000, 0x0000000083c00000, 0x0000000083d00000|  0%| F|  |TAMS 0x0000000083c00000, 0x0000000083c00000| Untracked 
|  15|0x0000000083d00000, 0x0000000083d00000, 0x0000000083e00000|  0%| F|  |TAMS 0x0000000083d00000, 0x0000000083d00000| Untracked 
|  16|0x0000000083e00000, 0x0000000083e00000, 0x0000000083f00000|  0%| F|  |TAMS 0x0000000083e00000, 0x0000000083e00000| Untracked 
|  17|0x0000000083f00000, 0x0000000083f848d0, 0x0000000084000000| 51%| S|CS|TAMS 0x0000000083f00000, 0x0000000083f00000| Complete 
|  18|0x0000000084000000, 0x0000000084000000, 0x0000000084100000|  0%| F|  |TAMS 0x0000000084000000, 0x0000000084000000| Untracked 
|  19|0x0000000084100000, 0x0000000084100000, 0x0000000084200000|  0%| F|  |TAMS 0x0000000084100000, 0x0000000084100000| Untracked 
|  20|0x0000000084200000, 0x0000000084200000, 0x0000000084300000|  0%| F|  |TAMS 0x0000000084200000, 0x0000000084200000| Untracked 
|  21|0x0000000084300000, 0x0000000084300000, 0x0000000084400000|  0%| F|  |TAMS 0x0000000084300000, 0x0000000084300000| Untracked 
|  22|0x0000000084400000, 0x0000000084400000, 0x0000000084500000|  0%| F|  |TAMS 0x0000000084400000, 0x0000000084400000| Untracked 
|  23|0x0000000084500000, 0x0000000084500000, 0x0000000084600000|  0%| F|  |TAMS 0x0000000084500000, 0x0000000084500000| Untracked 
|  24|0x0000000084600000, 0x0000000084600000, 0x0000000084700000|  0%| F|  |TAMS 0x0000000084600000, 0x0000000084600000| Untracked 
|  25|0x0000000084700000, 0x0000000084700000, 0x0000000084800000|  0%| F|  |TAMS 0x0000000084700000, 0x0000000084700000| Untracked 
|  26|0x0000000084800000, 0x0000000084800000, 0x0000000084900000|  0%| F|  |TAMS 0x0000000084800000, 0x0000000084800000| Untracked 
|  27|0x0000000084900000, 0x0000000084900000, 0x0000000084a00000|  0%| F|  |TAMS 0x0000000084900000, 0x0000000084900000| Untracked 
|  28|0x0000000084a00000, 0x0000000084a00000, 0x0000000084b00000|  0%| F|  |TAMS 0x0000000084a00000, 0x0000000084a00000| Untracked 
|  29|0x0000000084b00000, 0x0000000084b00000, 0x0000000084c00000|  0%| F|  |TAMS 0x0000000084b00000, 0x0000000084b00000| Untracked 
|  30|0x0000000084c00000, 0x0000000084c00000, 0x0000000084d00000|  0%| F|  |TAMS 0x0000000084c00000, 0x0000000084c00000| Untracked 
|  31|0x0000000084d00000, 0x0000000084d00000, 0x0000000084e00000|  0%| F|  |TAMS 0x0000000084d00000, 0x0000000084d00000| Untracked 
|  32|0x0000000084e00000, 0x0000000084e00000, 0x0000000084f00000|  0%| F|  |TAMS 0x0000000084e00000, 0x0000000084e00000| Untracked 
|  33|0x0000000084f00000, 0x0000000084f00000, 0x0000000085000000|  0%| F|  |TAMS 0x0000000084f00000, 0x0000000084f00000| Untracked 
|  34|0x0000000085000000, 0x0000000085000000, 0x0000000085100000|  0%| F|  |TAMS 0x0000000085000000, 0x0000000085000000| Untracked 
|  35|0x0000000085100000, 0x0000000085100000, 0x0000000085200000|  0%| F|  |TAMS 0x0000000085100000, 0x0000000085100000| Untracked 
|  36|0x0000000085200000, 0x0000000085200000, 0x0000000085300000|  0%| F|  |TAMS 0x0000000085200000, 0x0000000085200000| Untracked 
|  37|0x0000000085300000, 0x0000000085300000, 0x0000000085400000|  0%| F|  |TAMS 0x0000000085300000, 0x0000000085300000| Untracked 
|  38|0x0000000085400000, 0x0000000085400000, 0x0000000085500000|  0%| F|  |TAMS 0x0000000085400000, 0x0000000085400000| Untracked 
|  39|0x0000000085500000, 0x0000000085500000, 0x0000000085600000|  0%| F|  |TAMS 0x0000000085500000, 0x0000000085500000| Untracked 
|  40|0x0000000085600000, 0x0000000085600000, 0x0000000085700000|  0%| F|  |TAMS 0x0000000085600000, 0x0000000085600000| Untracked 
|  41|0x0000000085700000, 0x0000000085700000, 0x0000000085800000|  0%| F|  |TAMS 0x0000000085700000, 0x0000000085700000| Untracked 
|  42|0x0000000085800000, 0x0000000085800000, 0x0000000085900000|  0%| F|  |TAMS 0x0000000085800000, 0x0000000085800000| Untracked 
|  43|0x0000000085900000, 0x00000000859b76e0, 0x0000000085a00000| 71%| E|  |TAMS 0x0000000085900000, 0x0000000085900000| Complete 
|  44|0x0000000085a00000, 0x0000000085b00000, 0x0000000085b00000|100%| E|CS|TAMS 0x0000000085a00000, 0x0000000085a00000| Complete 
|  45|0x0000000085b00000, 0x0000000085c00000, 0x0000000085c00000|100%| E|CS|TAMS 0x0000000085b00000, 0x0000000085b00000| Complete 

Card table byte_map: [0x000001fd7eec0000,0x000001fd7f2b0000] _byte_map_base: 0x000001fd7eaa9000

Marking Bits (Prev, Next): (CMBitMap*) 0x000001fd65683440, (CMBitMap*) 0x000001fd65683480
 Prev Bits: [0x000001fd00000000, 0x000001fd01f48000)
 Next Bits: [0x000001fd01f50000, 0x000001fd03e98000)

Polling page: 0x000001fd65720000

Metaspace:

Usage:
  Non-class:     11.91 MB capacity,    10.16 MB ( 85%) used,     1.74 MB ( 15%) free+waste,    13.00 KB ( <1%) overhead. 
      Class:      1.43 MB capacity,     1.23 MB ( 86%) used,   195.33 KB ( 13%) free+waste,     4.94 KB ( <1%) overhead. 
       Both:     13.33 MB capacity,    11.39 MB ( 85%) used,     1.93 MB ( 14%) free+waste,    17.94 KB ( <1%) overhead. 

Virtual space:
  Non-class space:       12.00 MB reserved,      12.00 MB (100%) committed 
      Class space:        1.00 GB reserved,       1.50 MB ( <1%) committed 
             Both:        1.01 GB reserved,      13.50 MB (  1%) committed 

Chunk freelists:
   Non-Class:  31.00 KB
       Class:  10.00 KB
        Both:  41.00 KB

MaxMetaspaceSize: 17179869184.00 GB
CompressedClassSpaceSize: 1.00 GB

CodeHeap 'non-profiled nmethods': size=120000Kb used=909Kb max_used=909Kb free=119090Kb
 bounds [0x000001fd76b40000, 0x000001fd76db0000, 0x000001fd7e070000]
CodeHeap 'profiled nmethods': size=120000Kb used=5422Kb max_used=5422Kb free=114578Kb
 bounds [0x000001fd6f610000, 0x000001fd6fb60000, 0x000001fd76b40000]
CodeHeap 'non-nmethods': size=5760Kb used=1169Kb max_used=1205Kb free=4591Kb
 bounds [0x000001fd6f070000, 0x000001fd6f2e0000, 0x000001fd6f610000]
 total_blobs=3023 nmethods=2603 adapters=332
 compilation: enabled
              stopped_count=0, restarted_count=0
 full_count=0

Compilation events (20 events):
Event: 1.744 Thread 0x000001fd067ffdd0 nmethod 2606 0x000001fd6fb57c10 code [0x000001fd6fb57da0, 0x000001fd6fb57ef8]
Event: 1.747 Thread 0x000001fd067ffdd0 2607       3       com.sun.tools.javac.tree.TreeMaker::Assign (20 bytes)
Event: 1.747 Thread 0x000001fd067ffdd0 nmethod 2607 0x000001fd6fb57f90 code [0x000001fd6fb58140, 0x000001fd6fb584d8]
Event: 1.747 Thread 0x000001fd067ffdd0 2608       3       com.sun.tools.javac.tree.JCTree$JCAssign::<init> (15 bytes)
Event: 1.747 Thread 0x000001fd067ffdd0 nmethod 2608 0x000001fd6fb58610 code [0x000001fd6fb587c0, 0x000001fd6fb58a98]
Event: 1.747 Thread 0x000001fd067ffdd0 2609       3       com.sun.tools.javac.tree.TreeMaker::Exec (19 bytes)
Event: 1.748 Thread 0x000001fd067ffdd0 nmethod 2609 0x000001fd6fb58b90 code [0x000001fd6fb58d40, 0x000001fd6fb59078]
Event: 1.748 Thread 0x000001fd067ffdd0 2611       3       com.sun.tools.javac.code.Symbol::getRawTypeAttributes (21 bytes)
Event: 1.748 Thread 0x000001fd067ffdd0 nmethod 2611 0x000001fd6fb59210 code [0x000001fd6fb593c0, 0x000001fd6fb595b8]
Event: 1.748 Thread 0x000001fd067ffdd0 2610       3       com.sun.tools.javac.tree.JCTree$JCExpressionStatement::<init> (10 bytes)
Event: 1.748 Thread 0x000001fd067ffdd0 nmethod 2610 0x000001fd6fb59690 code [0x000001fd6fb59840, 0x000001fd6fb59ab8]
Event: 1.748 Thread 0x000001fd067ffdd0 2612       3       java.util.ArrayDeque::addLast (51 bytes)
Event: 1.748 Thread 0x000001fd067ffdd0 nmethod 2612 0x000001fd6fb59c10 code [0x000001fd6fb59de0, 0x000001fd6fb5a2b8]
Event: 1.749 Thread 0x000001fd067ffdd0 2613       3       com.sun.tools.javac.code.Scope$ScopeImpl$1::doNext (43 bytes)
Event: 1.749 Thread 0x000001fd067ffdd0 nmethod 2613 0x000001fd6fb5a490 code [0x000001fd6fb5a640, 0x000001fd6fb5a888]
Event: 1.749 Thread 0x000001fd067ffdd0 2614       3       com.sun.tools.javac.code.Symbol$VarSymbol::getKind (105 bytes)
Event: 1.749 Thread 0x000001fd067ffdd0 nmethod 2614 0x000001fd6fb5a990 code [0x000001fd6fb5ab60, 0x000001fd6fb5b238]
Event: 1.749 Thread 0x000001fd067ffdd0 2615       3       com.sun.tools.javac.code.Types$5::visitClassType (10 bytes)
Event: 1.750 Thread 0x000001fd067ffdd0 nmethod 2615 0x000001fd6fb5b390 code [0x000001fd6fb5b540, 0x000001fd6fb5b768]
Event: 1.750 Thread 0x000001fd067ffdd0 2616       3       com.sun.tools.javac.code.Types$5::visitClassType (387 bytes)

GC Heap History (20 events):
Event: 0.868 GC heap before
{Heap before GC invocations=11 (full 0):
 garbage-first heap   total 13312K, used 5319K [0x0000000082e00000, 0x0000000100000000)
  region size 1024K, 2 young (2048K), 1 survivors (1024K)
 Metaspace       used 8871K, capacity 11343K, committed 11520K, reserved 1058816K
  class space    used 998K, capacity 1225K, committed 1280K, reserved 1048576K
}
Event: 0.869 GC heap after
{Heap after GC invocations=12 (full 0):
 garbage-first heap   total 13312K, used 5381K [0x0000000082e00000, 0x0000000100000000)
  region size 1024K, 1 young (1024K), 1 survivors (1024K)
 Metaspace       used 8871K, capacity 11343K, committed 11520K, reserved 1058816K
  class space    used 998K, capacity 1225K, committed 1280K, reserved 1048576K
}
Event: 0.875 GC heap before
{Heap before GC invocations=12 (full 0):
 garbage-first heap   total 13312K, used 6405K [0x0000000082e00000, 0x0000000100000000)
  region size 1024K, 2 young (2048K), 1 survivors (1024K)
 Metaspace       used 8871K, capacity 11343K, committed 11520K, reserved 1058816K
  class space    used 998K, capacity 1225K, committed 1280K, reserved 1048576K
}
Event: 0.876 GC heap after
{Heap after GC invocations=13 (full 0):
 garbage-first heap   total 16384K, used 6163K [0x0000000082e00000, 0x0000000100000000)
  region size 1024K, 1 young (1024K), 1 survivors (1024K)
 Metaspace       used 8871K, capacity 11343K, committed 11520K, reserved 1058816K
  class space    used 998K, capacity 1225K, committed 1280K, reserved 1048576K
}
Event: 0.905 GC heap before
{Heap before GC invocations=14 (full 0):
 garbage-first heap   total 16384K, used 8211K [0x0000000082e00000, 0x0000000100000000)
  region size 1024K, 3 young (3072K), 1 survivors (1024K)
 Metaspace       used 8911K, capacity 11343K, committed 11520K, reserved 1058816K
  class space    used 998K, capacity 1225K, committed 1280K, reserved 1048576K
}
Event: 0.907 GC heap after
{Heap after GC invocations=15 (full 0):
 garbage-first heap   total 16384K, used 6320K [0x0000000082e00000, 0x0000000100000000)
  region size 1024K, 1 young (1024K), 1 survivors (1024K)
 Metaspace       used 8911K, capacity 11343K, committed 11520K, reserved 1058816K
  class space    used 998K, capacity 1225K, committed 1280K, reserved 1048576K
}
Event: 0.951 GC heap before
{Heap before GC invocations=15 (full 0):
 garbage-first heap   total 16384K, used 7344K [0x0000000082e00000, 0x0000000100000000)
  region size 1024K, 3 young (3072K), 1 survivors (1024K)
 Metaspace       used 9059K, capacity 11454K, committed 11520K, reserved 1058816K
  class space    used 1023K, capacity 1262K, committed 1280K, reserved 1048576K
}
Event: 0.954 GC heap after
{Heap after GC invocations=16 (full 0):
 garbage-first heap   total 16384K, used 7142K [0x0000000082e00000, 0x0000000100000000)
  region size 1024K, 1 young (1024K), 1 survivors (1024K)
 Metaspace       used 9059K, capacity 11454K, committed 11520K, reserved 1058816K
  class space    used 1023K, capacity 1262K, committed 1280K, reserved 1048576K
}
Event: 0.991 GC heap before
{Heap before GC invocations=16 (full 0):
 garbage-first heap   total 16384K, used 9190K [0x0000000082e00000, 0x0000000100000000)
  region size 1024K, 3 young (3072K), 1 survivors (1024K)
 Metaspace       used 9224K, capacity 11527K, committed 11776K, reserved 1060864K
  class space    used 1044K, capacity 1265K, committed 1280K, reserved 1048576K
}
Event: 0.994 GC heap after
{Heap after GC invocations=17 (full 0):
 garbage-first heap   total 16384K, used 7541K [0x0000000082e00000, 0x0000000100000000)
  region size 1024K, 1 young (1024K), 1 survivors (1024K)
 Metaspace       used 9224K, capacity 11527K, committed 11776K, reserved 1060864K
  class space    used 1044K, capacity 1265K, committed 1280K, reserved 1048576K
}
Event: 1.031 GC heap before
{Heap before GC invocations=17 (full 0):
 garbage-first heap   total 16384K, used 9589K [0x0000000082e00000, 0x0000000100000000)
  region size 1024K, 3 young (3072K), 1 survivors (1024K)
 Metaspace       used 9319K, capacity 11594K, committed 11776K, reserved 1060864K
  class space    used 1051K, capacity 1266K, committed 1280K, reserved 1048576K
}
Event: 1.032 GC heap after
{Heap after GC invocations=18 (full 0):
 garbage-first heap   total 24576K, used 7676K [0x0000000082e00000, 0x0000000100000000)
  region size 1024K, 1 young (1024K), 1 survivors (1024K)
 Metaspace       used 9319K, capacity 11594K, committed 11776K, reserved 1060864K
  class space    used 1051K, capacity 1266K, committed 1280K, reserved 1048576K
}
Event: 1.161 GC heap before
{Heap before GC invocations=18 (full 0):
 garbage-first heap   total 24576K, used 13820K [0x0000000082e00000, 0x0000000100000000)
  region size 1024K, 8 young (8192K), 1 survivors (1024K)
 Metaspace       used 9601K, capacity 11754K, committed 11904K, reserved 1060864K
  class space    used 1071K, capacity 1298K, committed 1408K, reserved 1048576K
}
Event: 1.166 GC heap after
{Heap after GC invocations=19 (full 0):
 garbage-first heap   total 24576K, used 9112K [0x0000000082e00000, 0x0000000100000000)
  region size 1024K, 1 young (1024K), 1 survivors (1024K)
 Metaspace       used 9601K, capacity 11754K, committed 11904K, reserved 1060864K
  class space    used 1071K, capacity 1298K, committed 1408K, reserved 1048576K
}
Event: 1.237 GC heap before
{Heap before GC invocations=19 (full 0):
 garbage-first heap   total 24576K, used 15256K [0x0000000082e00000, 0x0000000100000000)
  region size 1024K, 7 young (7168K), 1 survivors (1024K)
 Metaspace       used 9747K, capacity 11886K, committed 12160K, reserved 1060864K
  class space    used 1090K, capacity 1299K, committed 1408K, reserved 1048576K
}
Event: 1.241 GC heap after
{Heap after GC invocations=20 (full 0):
 garbage-first heap   total 24576K, used 10422K [0x0000000082e00000, 0x0000000100000000)
  region size 1024K, 1 young (1024K), 1 survivors (1024K)
 Metaspace       used 9747K, capacity 11886K, committed 12160K, reserved 1060864K
  class space    used 1090K, capacity 1299K, committed 1408K, reserved 1048576K
}
Event: 1.394 GC heap before
{Heap before GC invocations=20 (full 0):
 garbage-first heap   total 24576K, used 16566K [0x0000000082e00000, 0x0000000100000000)
  region size 1024K, 6 young (6144K), 1 survivors (1024K)
 Metaspace       used 10427K, capacity 12532K, committed 12672K, reserved 1060864K
  class space    used 1156K, capacity 1365K, committed 1408K, reserved 1048576K
}
Event: 1.400 GC heap after
{Heap after GC invocations=21 (full 0):
 garbage-first heap   total 24576K, used 12082K [0x0000000082e00000, 0x0000000100000000)
  region size 1024K, 1 young (1024K), 1 survivors (1024K)
 Metaspace       used 10427K, capacity 12532K, committed 12672K, reserved 1060864K
  class space    used 1156K, capacity 1365K, committed 1408K, reserved 1048576K
}
Event: 1.640 GC heap before
{Heap before GC invocations=21 (full 0):
 garbage-first heap   total 24576K, used 16178K [0x0000000082e00000, 0x0000000100000000)
  region size 1024K, 6 young (6144K), 1 survivors (1024K)
 Metaspace       used 11243K, capacity 13300K, committed 13568K, reserved 1060864K
  class space    used 1224K, capacity 1429K, committed 1536K, reserved 1048576K
}
Event: 1.644 GC heap after
{Heap after GC invocations=22 (full 0):
 garbage-first heap   total 47104K, used 12732K [0x0000000082e00000, 0x0000000100000000)
  region size 1024K, 1 young (1024K), 1 survivors (1024K)
 Metaspace       used 11243K, capacity 13300K, committed 13568K, reserved 1060864K
  class space    used 1224K, capacity 1429K, committed 1536K, reserved 1048576K
}

Deoptimization events (20 events):
Event: 1.560 Thread 0x000001fd65642660 Uncommon trap: trap_request=0xffffff45 fr.pc=0x000001fd76c0d068 relative=0x0000000000002408
Event: 1.560 Thread 0x000001fd65642660 Uncommon trap: reason=unstable_if action=reinterpret pc=0x000001fd76c0d068 method=com.sun.tools.javac.jvm.ClassReader.sigToType()Lcom/sun/tools/javac/code/Type; @ 10 c2
Event: 1.560 Thread 0x000001fd65642660 DEOPT PACKING pc=0x000001fd76c0d068 sp=0x0000004b83dfb710
Event: 1.560 Thread 0x000001fd65642660 DEOPT UNPACKING pc=0x000001fd6f0be42f sp=0x0000004b83dfb6d0 mode 2
Event: 1.632 Thread 0x000001fd65642660 Uncommon trap: trap_request=0xffffff45 fr.pc=0x000001fd76bb616c relative=0x00000000000005ac
Event: 1.632 Thread 0x000001fd65642660 Uncommon trap: reason=unstable_if action=reinterpret pc=0x000001fd76bb616c method=java.util.HashMap.hash(Ljava/lang/Object;)I @ 1 c2
Event: 1.632 Thread 0x000001fd65642660 DEOPT PACKING pc=0x000001fd76bb616c sp=0x0000004b83dfeb00
Event: 1.632 Thread 0x000001fd65642660 DEOPT UNPACKING pc=0x000001fd6f0be42f sp=0x0000004b83dfe9c8 mode 2
Event: 1.632 Thread 0x000001fd65642660 Uncommon trap: trap_request=0xffffff45 fr.pc=0x000001fd76b93654 relative=0x0000000000000594
Event: 1.632 Thread 0x000001fd65642660 Uncommon trap: reason=unstable_if action=reinterpret pc=0x000001fd76b93654 method=java.util.HashMap.hash(Ljava/lang/Object;)I @ 1 c2
Event: 1.632 Thread 0x000001fd65642660 DEOPT PACKING pc=0x000001fd76b93654 sp=0x0000004b83dfea50
Event: 1.632 Thread 0x000001fd65642660 DEOPT UNPACKING pc=0x000001fd6f0be42f sp=0x0000004b83dfe988 mode 2
Event: 1.632 Thread 0x000001fd65642660 Uncommon trap: trap_request=0xffffff45 fr.pc=0x000001fd76b924b8 relative=0x0000000000000098
Event: 1.632 Thread 0x000001fd65642660 Uncommon trap: reason=unstable_if action=reinterpret pc=0x000001fd76b924b8 method=java.util.HashMap.hash(Ljava/lang/Object;)I @ 1 c2
Event: 1.632 Thread 0x000001fd65642660 DEOPT PACKING pc=0x000001fd76b924b8 sp=0x0000004b83dfe9f0
Event: 1.632 Thread 0x000001fd65642660 DEOPT UNPACKING pc=0x000001fd6f0be42f sp=0x0000004b83dfe988 mode 2
Event: 1.684 Thread 0x000001fd65642660 Uncommon trap: trap_request=0xffffff45 fr.pc=0x000001fd76c0f4ac relative=0x000000000000008c
Event: 1.684 Thread 0x000001fd65642660 Uncommon trap: reason=unstable_if action=reinterpret pc=0x000001fd76c0f4ac method=com.sun.tools.javac.code.Scope$ScopeImpl$2.hasNext()Z @ 69 c2
Event: 1.684 Thread 0x000001fd65642660 DEOPT PACKING pc=0x000001fd76c0f4ac sp=0x0000004b83dfedc0
Event: 1.684 Thread 0x000001fd65642660 DEOPT UNPACKING pc=0x000001fd6f0be42f sp=0x0000004b83dfed58 mode 2

Classes unloaded (0 events):
No events

Classes redefined (0 events):
No events

Internal exceptions (20 events):
Event: 1.226 Thread 0x000001fd65642660 Exception <a 'sun/nio/fs/WindowsException'{0x00000000841c9e18}> (0x00000000841c9e18) 
thrown [./open/src/hotspot/share/prims/jni.cpp, line 578]
Event: 1.226 Thread 0x000001fd65642660 Exception <a 'sun/nio/fs/WindowsException'{0x00000000841ca0e8}> (0x00000000841ca0e8) 
thrown [./open/src/hotspot/share/prims/jni.cpp, line 578]
Event: 1.333 Thread 0x000001fd65642660 Exception <a 'sun/nio/fs/WindowsException'{0x00000000843ed568}> (0x00000000843ed568) 
thrown [./open/src/hotspot/share/prims/jni.cpp, line 578]
Event: 1.333 Thread 0x000001fd65642660 Exception <a 'sun/nio/fs/WindowsException'{0x00000000843ed898}> (0x00000000843ed898) 
thrown [./open/src/hotspot/share/prims/jni.cpp, line 578]
Event: 1.334 Thread 0x000001fd65642660 Exception <a 'sun/nio/fs/WindowsException'{0x00000000843efeb8}> (0x00000000843efeb8) 
thrown [./open/src/hotspot/share/prims/jni.cpp, line 578]
Event: 1.334 Thread 0x000001fd65642660 Exception <a 'sun/nio/fs/WindowsException'{0x00000000843f01b8}> (0x00000000843f01b8) 
thrown [./open/src/hotspot/share/prims/jni.cpp, line 578]
Event: 1.335 Thread 0x000001fd65642660 Exception <a 'sun/nio/fs/WindowsException'{0x00000000843f3f30}> (0x00000000843f3f30) 
thrown [./open/src/hotspot/share/prims/jni.cpp, line 578]
Event: 1.335 Thread 0x000001fd65642660 Exception <a 'sun/nio/fs/WindowsException'{0x00000000843f4230}> (0x00000000843f4230) 
thrown [./open/src/hotspot/share/prims/jni.cpp, line 578]
Event: 1.337 Thread 0x000001fd65642660 Exception <a 'sun/nio/fs/WindowsException'{0x0000000084229e08}> (0x0000000084229e08) 
thrown [./open/src/hotspot/share/prims/jni.cpp, line 578]
Event: 1.337 Thread 0x000001fd65642660 Exception <a 'sun/nio/fs/WindowsException'{0x000000008422a0c8}> (0x000000008422a0c8) 
thrown [./open/src/hotspot/share/prims/jni.cpp, line 578]
Event: 1.339 Thread 0x000001fd65642660 Exception <a 'java/lang/NoSuchMethodError'{0x0000000084233520}: 'int java.lang.invoke.DirectMethodHandle$Holder.invokeStatic(java.lang.Object, java.lang.Object, java.lang.Object, java.lang.Object)'> (0x0000000084233520) 
thrown [./open/src/hotspot/share/interpreter/linkResolver.cpp, line 782]
Event: 1.354 Thread 0x000001fd65642660 Exception <a 'java/lang/NoSuchMethodError'{0x0000000084272788}: 'void java.lang.invoke.DirectMethodHandle$Holder.invokeVirtual(java.lang.Object, java.lang.Object)'> (0x0000000084272788) 
thrown [./open/src/hotspot/share/interpreter/linkResolver.cpp, line 782]
Event: 1.372 Thread 0x000001fd65642660 Exception <a 'sun/nio/fs/WindowsException'{0x00000000842efef8}> (0x00000000842efef8) 
thrown [./open/src/hotspot/share/prims/jni.cpp, line 578]
Event: 1.372 Thread 0x000001fd65642660 Exception <a 'sun/nio/fs/WindowsException'{0x00000000842f0228}> (0x00000000842f0228) 
thrown [./open/src/hotspot/share/prims/jni.cpp, line 578]
Event: 1.373 Thread 0x000001fd65642660 Exception <a 'sun/nio/fs/WindowsException'{0x000000008411af40}> (0x000000008411af40) 
thrown [./open/src/hotspot/share/prims/jni.cpp, line 578]
Event: 1.373 Thread 0x000001fd65642660 Exception <a 'sun/nio/fs/WindowsException'{0x000000008411b230}> (0x000000008411b230) 
thrown [./open/src/hotspot/share/prims/jni.cpp, line 578]
Event: 1.554 Thread 0x000001fd65642660 Implicit null exception at 0x000001fd76c118d2 to 0x000001fd76c11931
Event: 1.632 Thread 0x000001fd65642660 Implicit null exception at 0x000001fd76bb5c0c to 0x000001fd76bb6154
Event: 1.632 Thread 0x000001fd65642660 Implicit null exception at 0x000001fd76b9310c to 0x000001fd76b9363c
Event: 1.632 Thread 0x000001fd65642660 Implicit null exception at 0x000001fd76b9242f to 0x000001fd76b924a9

Events (20 events):
Event: 1.574 Executing VM operation: HandshakeAllThreads
Event: 1.574 Executing VM operation: HandshakeAllThreads done
Event: 1.593 Executing VM operation: ICBufferFull
Event: 1.594 Executing VM operation: ICBufferFull done
Event: 1.637 loading class java/util/stream/ReduceOps$2
Event: 1.637 loading class java/util/stream/ReduceOps$2 done
Event: 1.637 loading class java/util/stream/ReduceOps$2ReducingSink
Event: 1.637 loading class java/util/stream/ReduceOps$2ReducingSink done
Event: 1.640 Executing VM operation: G1CollectForAllocation
Event: 1.644 Executing VM operation: G1CollectForAllocation done
Event: 1.657 Executing VM operation: G1Concurrent
Event: 1.659 Executing VM operation: G1Concurrent done
Event: 1.666 Executing VM operation: G1Concurrent
Event: 1.671 Executing VM operation: G1Concurrent done
Event: 1.690 loading class java/util/function/ToIntBiFunction
Event: 1.690 loading class java/util/function/ToIntBiFunction done
Event: 1.698 loading class java/io/DataOutputStream
Event: 1.699 loading class java/io/DataOutputStream done
Event: 1.741 loading class java/nio/channels/Channels$1
Event: 1.741 loading class java/nio/channels/Channels$1 done


Dynamic libraries:
0x00007ff7c9390000 - 0x00007ff7c9398000 	C:\Program Files\Java\jdk-15.0.2\bin\javac.exe
0x00007ffbf9810000 - 0x00007ffbf9a05000 	C:\WINDOWS\SYSTEM32\ntdll.dll
0x00007ffbf7fe0000 - 0x00007ffbf809d000 	C:\WINDOWS\System32\KERNEL32.DLL
0x00007ffbf7110000 - 0x00007ffbf73d8000 	C:\WINDOWS\System32\KERNELBASE.dll
0x00007ffbf75c0000 - 0x00007ffbf76c0000 	C:\WINDOWS\System32\ucrtbase.dll
0x00007ffbdf320000 - 0x00007ffbdf338000 	C:\Program Files\Java\jdk-15.0.2\bin\jli.dll
0x00007ffbf10b0000 - 0x00007ffbf10c9000 	C:\Program Files\Java\jdk-15.0.2\bin\VCRUNTIME140.dll
0x00007ffbf8e50000 - 0x00007ffbf8efc000 	C:\WINDOWS\System32\ADVAPI32.dll
0x00007ffbf8db0000 - 0x00007ffbf8e4e000 	C:\WINDOWS\System32\msvcrt.dll
0x00007ffbf8270000 - 0x00007ffbf830b000 	C:\WINDOWS\System32\sechost.dll
0x00007ffbf9180000 - 0x00007ffbf92ab000 	C:\WINDOWS\System32\RPCRT4.dll
0x00007ffbf8310000 - 0x00007ffbf84b0000 	C:\WINDOWS\System32\USER32.dll
0x00007ffbf6f50000 - 0x00007ffbf6f72000 	C:\WINDOWS\System32\win32u.dll
0x00007ffbf81b0000 - 0x00007ffbf81da000 	C:\WINDOWS\System32\GDI32.dll
0x00007ffbf7000000 - 0x00007ffbf710b000 	C:\WINDOWS\System32\gdi32full.dll
0x00007ffbe54e0000 - 0x00007ffbe577a000 	C:\WINDOWS\WinSxS\amd64_microsoft.windows.common-controls_6595b64144ccf1df_6.0.19041.844_none_ca00b6081b84eb1d\COMCTL32.dll
0x00007ffbf77d0000 - 0x00007ffbf786d000 	C:\WINDOWS\System32\msvcp_win.dll
0x00007ffbf07d0000 - 0x00007ffbf07da000 	C:\WINDOWS\SYSTEM32\VERSION.dll
0x00007ffbf9310000 - 0x00007ffbf9340000 	C:\WINDOWS\System32\IMM32.DLL
0x00007ffbf1e50000 - 0x00007ffbf1e5c000 	C:\Program Files\Java\jdk-15.0.2\bin\vcruntime140_1.dll
0x00007ffbdaf90000 - 0x00007ffbdb021000 	C:\Program Files\Java\jdk-15.0.2\bin\msvcp140.dll
0x00007ffbb64a0000 - 0x00007ffbb6ffe000 	C:\Program Files\Java\jdk-15.0.2\bin\server\jvm.dll
0x00007ffbf8c10000 - 0x00007ffbf8c18000 	C:\WINDOWS\System32\PSAPI.DLL
0x00007ffbf1f60000 - 0x00007ffbf1f69000 	C:\WINDOWS\SYSTEM32\WSOCK32.dll
0x00007ffbf9040000 - 0x00007ffbf90ab000 	C:\WINDOWS\System32\WS2_32.dll
0x00007ffbe5ae0000 - 0x00007ffbe5b07000 	C:\WINDOWS\SYSTEM32\WINMM.dll
0x00007ffbf4e90000 - 0x00007ffbf4ea2000 	C:\WINDOWS\SYSTEM32\kernel.appcore.dll
0x00007ffbf1c80000 - 0x00007ffbf1c8a000 	C:\Program Files\Java\jdk-15.0.2\bin\jimage.dll
0x00007ffbed850000 - 0x00007ffbeda34000 	C:\WINDOWS\SYSTEM32\DBGHELP.DLL
0x00007ffbed7c0000 - 0x00007ffbed7ec000 	C:\WINDOWS\SYSTEM32\dbgcore.DLL
0x00007ffbf73e0000 - 0x00007ffbf7460000 	C:\WINDOWS\System32\bcryptPrimitives.dll
0x00007ffbec160000 - 0x00007ffbec185000 	C:\Program Files\Java\jdk-15.0.2\bin\java.dll
0x00007ffbf7890000 - 0x00007ffbf7fd2000 	C:\WINDOWS\System32\SHELL32.dll
0x00007ffbf5090000 - 0x00007ffbf5821000 	C:\WINDOWS\SYSTEM32\windows.storage.dll
0x00007ffbf9340000 - 0x00007ffbf9695000 	C:\WINDOWS\System32\combase.dll
0x00007ffbf6950000 - 0x00007ffbf697c000 	C:\WINDOWS\SYSTEM32\Wldp.dll
0x00007ffbf8670000 - 0x00007ffbf871e000 	C:\WINDOWS\System32\SHCORE.dll
0x00007ffbf8f00000 - 0x00007ffbf8f55000 	C:\WINDOWS\System32\shlwapi.dll
0x00007ffbf6e90000 - 0x00007ffbf6eaf000 	C:\WINDOWS\SYSTEM32\profapi.dll
0x00007ffbec140000 - 0x00007ffbec159000 	C:\Program Files\Java\jdk-15.0.2\bin\net.dll
0x00007ffbed4c0000 - 0x00007ffbed5cb000 	C:\WINDOWS\SYSTEM32\WINHTTP.dll
0x00007ffbf66c0000 - 0x00007ffbf672a000 	C:\WINDOWS\system32\mswsock.dll
0x00007ffbec120000 - 0x00007ffbec132000 	C:\Program Files\Java\jdk-15.0.2\bin\nio.dll
0x00007ffbec100000 - 0x00007ffbec118000 	C:\Program Files\Java\jdk-15.0.2\bin\zip.dll

dbghelp: loaded successfully - version: 4.0.5 - missing functions: none
symbol engine: initialized successfully - sym options: 0x614 - pdb path: .;C:\Program Files\Java\jdk-15.0.2\bin;C:\WINDOWS\SYSTEM32;C:\WINDOWS\WinSxS\amd64_microsoft.windows.common-controls_6595b64144ccf1df_6.0.19041.844_none_ca00b6081b84eb1d;C:\Program Files\Java\jdk-15.0.2\bin\server

VM Arguments:
jvm_args: -Dapplication.home=C:\Program Files\Java\jdk-15.0.2 --add-modules=ALL-DEFAULT -Xms8m -Djdk.module.main=jdk.compiler 
java_command: jdk.compiler/com.sun.tools.javac.Main -d C:\Users\Burapa\Documents\NetBeansProjects\CardGame\build\classes -classpath C:\Users\Burapa\Documents\NetBeansProjects\CardGame\build\classes;C:\Program Files\Java\javafx-sdk-11.0.2\lib\javafx.base.jar;C:\Program Files\Java\javafx-sdk-11.0.2\lib\javafx.controls.jar;C:\Program Files\Java\javafx-sdk-11.0.2\lib\javafx.fxml.jar;C:\Program Files\Java\javafx-sdk-11.0.2\lib\javafx.graphics.jar;C:\Program Files\Java\javafx-sdk-11.0.2\lib\javafx.media.jar;C:\Program Files\Java\javafx-sdk-11.0.2\lib\javafx.swing.jar;C:\Program Files\Java\javafx-sdk-11.0.2\lib\javafx.web.jar;C:\Program Files\Java\javafx-sdk-11.0.2\lib\javafx-swt.jar -sourcepath C:\Users\Burapa\Documents\NetBeansProjects\CardGame\src -target 15 -encoding UTF-8 -g -processorpath C:\Program Files\Java\javafx-sdk-11.0.2\lib\javafx.base.jar;C:\Program Files\Java\javafx-sdk-11.0.2\lib\javafx.controls.jar;C:\Program Files\Java\javafx-sdk-11.0.2\lib\javafx.fxml.jar;C:\Program Files\Java\javafx-sdk-11.0.2\lib\javafx.graphics.jar;C:\Program Files\Java\javafx-sdk-11.0.2\lib\javafx.media.jar;C:\Program Files\Java\javafx-sdk-11.0.2\lib\javafx.swing.jar;C:\Program Files\Java\javafx-sdk-11.0.2\lib\javafx.web.jar;C:\Program Files\Java\javafx-sdk-11.0.2\lib\javafx-swt.jar;C:\Users\Burapa\Documents\NetBeansProjects\CardGame\build\empty -s C:\Users\Burapa\Documents\NetBeansProjects\CardGame\build\generated-sources\ap-source-output -source 15 --module-path C:\Program Files\Java\javafx-sdk-11.0.2\lib\javafx-swt.jar;C:\Program Files\Java\javafx-sdk-11.0.2\lib\javafx.base.jar;C:\Program Files\Java\javafx-sdk-11.0.2\lib\javafx.controls.jar;C:\Program Files\Java\javafx-sdk-11.0.2\lib\javafx.fxml.jar;C:\Program Files\Java\javafx-sdk-11.0.2\lib\javafx.graphics.jar;C:\Program Files\Java\javafx-sdk-11.0.2\lib\javafx.media.jar;C:\Program Files\Java\javafx-sdk-11.0.2\lib\javafx.swing.jar;C:\Program Files\Java\javafx-sdk-11.0.2\lib\javafx.web.jar C:\Users\Burapa\Documents\NetBeansProj
java_class_path (initial): <not set>
Launcher Type: SUN_STANDARD

[Global flags]
     intx CICompilerCount                          = 4                                         {product} {ergonomic}
     uint ConcGCThreads                            = 2                                         {product} {ergonomic}
     uint G1ConcRefinementThreads                  = 8                                         {product} {ergonomic}
   size_t G1HeapRegionSize                         = 1048576                                   {product} {ergonomic}
    uintx GCDrainStackTargetSize                   = 64                                        {product} {ergonomic}
   size_t InitialHeapSize                          = 8388608                                   {product} {command line}
   size_t MarkStackSize                            = 4194304                                   {product} {ergonomic}
   size_t MaxHeapSize                              = 2099249152                                {product} {ergonomic}
   size_t MaxNewSize                               = 1259339776                                {product} {ergonomic}
   size_t MinHeapDeltaBytes                        = 1048576                                   {product} {ergonomic}
   size_t MinHeapSize                              = 8388608                                   {product} {command line}
    uintx NonNMethodCodeHeapSize                   = 5839372                                {pd product} {ergonomic}
    uintx NonProfiledCodeHeapSize                  = 122909434                              {pd product} {ergonomic}
    uintx ProfiledCodeHeapSize                     = 122909434                              {pd product} {ergonomic}
    uintx ReservedCodeCacheSize                    = 251658240                              {pd product} {ergonomic}
     bool SegmentedCodeCache                       = true                                      {product} {ergonomic}
   size_t SoftMaxHeapSize                          = 2099249152                             {manageable} {ergonomic}
     bool UseCompressedClassPointers               = true                                 {lp64_product} {ergonomic}
     bool UseCompressedOops                        = true                                 {lp64_product} {ergonomic}
     bool UseG1GC                                  = true                                      {product} {ergonomic}
     bool UseLargePagesIndividualAllocation        = false                                  {pd product} {ergonomic}

Logging:
Log output configuration:
 #0: stdout all=warning uptime,level,tags
 #1: stderr all=off uptime,level,tags

Environment Variables:
PATH=C:\Program Files\Common Files\Oracle\Java\javapath;C:\WINDOWS\system32;C:\WINDOWS;C:\WINDOWS\System32\Wbem;C:\WINDOWS\System32\WindowsPowerShell\v1.0\;C:\WINDOWS\System32\OpenSSH\;C:\Cadence\Orcad_9.2.3\tools\Capture;C:\Cadence\Orcad_9.2.3\tools\bin;C:\Cadence\Orcad_9.2.3\tools\jre\bin;C:\Cadence\Orcad_9.2.3\tools\fet\bin;C:\Cadence\Orcad_9.2.3\tools\specctra\bin;C:\Users\Burapa\AppData\Local\Microsoft\WindowsApps;
USERNAME=Burapa
OS=Windows_NT
PROCESSOR_IDENTIFIER=AMD64 Family 23 Model 24 Stepping 1, AuthenticAMD



---------------  S Y S T E M  ---------------

OS:
 Windows 10 , 64 bit Build 19041 (10.0.19041.928)
OS uptime: 2 days 1:43 hours

CPU: total 8 (initial active 8) (8 cores per cpu, 2 threads per core) family 23 model 24 stepping 1 microcode 0x0, cmov, cx8, fxsr, mmx, sse, sse2, sse3, ssse3, sse4.1, sse4.2, popcnt, vzeroupper, avx, avx2, aes, clmul, 3dnowpref, lzcnt, sse4a, ht, tsc, tscinvbit, tscinv, bmi1, bmi2, adx, sha, fma, clflush, clflushopt

Memory: 4k page, system-wide physical 8000M (1064M free)
TotalPageFile size 32576M (AvailPageFile size 5M)
current process WorkingSet (physical memory assigned to process): 137M, peak: 137M
current process commit charge ("private bytes"): 196M, peak: 196M

vm_info: Java HotSpot(TM) 64-Bit Server VM (15.0.2+7-27) for windows-amd64 JRE (15.0.2+7-27), built on Dec  7 2020 20:07:01 by "mach5one" with unknown MS VC++:1925

END.
