#
# There is insufficient memory for the Java Runtime Environment to continue.
# Native memory allocation (malloc) failed to allocate 1329776 bytes for Chunk::new
# Possible reasons:
#   The system is out of physical RAM or swap space
#   The process is running with CompressedOops enabled, and the Java Heap may be blocking the growth of the native heap
# Possible solutions:
#   Reduce memory load on the system
#   Increase physical memory or swap space
#   Check if swap backing store is full
#   Decrease Java heap size (-Xmx/-Xms)
#   Decrease number of Java threads
#   Decrease Java thread stack sizes (-Xss)
#   Set larger code cache with -XX:ReservedCodeCacheSize=
#   JVM is running with Unscaled Compressed Oops mode in which the Java heap is
#     placed in the first 4GB address space. The Java Heap base address is the
#     maximum limit for the native heap growth. Please use -XX:HeapBaseMinAddress
#     to set the Java Heap base and to place the Java Heap above 4GB virtual address.
# This output file may be truncated or incomplete.
#
#  Out of Memory Error (./open/src/hotspot/share/memory/arena.cpp:195), pid=28200, tid=23640
#
# JRE version: Java(TM) SE Runtime Environment (15.0.2+7) (build 15.0.2+7-27)
# Java VM: Java HotSpot(TM) 64-Bit Server VM (15.0.2+7-27, mixed mode, sharing, tiered, compressed oops, g1 gc, windows-amd64)
# No core dump will be written. Minidumps are not enabled by default on client versions of Windows
#

---------------  S U M M A R Y ------------

Command Line: -Dapplication.home=C:\Program Files\Java\jdk-15.0.2 --add-modules=ALL-DEFAULT -Xms8m -Djdk.module.main=jdk.compiler jdk.compiler/com.sun.tools.javac.Main -d C:\Users\Burapa\Documents\NetBeansProjects\CardGame\build\classes -classpath C:\Users\Burapa\Documents\NetBeansProjects\CardGame\build\classes;C:\Program Files\Java\javafx-sdk-11.0.2\lib\javafx.base.jar;C:\Program Files\Java\javafx-sdk-11.0.2\lib\javafx.controls.jar;C:\Program Files\Java\javafx-sdk-11.0.2\lib\javafx.fxml.jar;C:\Program Files\Java\javafx-sdk-11.0.2\lib\javafx.graphics.jar;C:\Program Files\Java\javafx-sdk-11.0.2\lib\javafx.media.jar;C:\Program Files\Java\javafx-sdk-11.0.2\lib\javafx.swing.jar;C:\Program Files\Java\javafx-sdk-11.0.2\lib\javafx.web.jar;C:\Program Files\Java\javafx-sdk-11.0.2\lib\javafx-swt.jar -sourcepath C:\Users\Burapa\Documents\NetBeansProjects\CardGame\src -target 15 -encoding UTF-8 -g -processorpath C:\Program Files\Java\javafx-sdk-11.0.2\lib\javafx.base.jar;C:\Program Files\Java\javafx-sdk-11.0.2\lib\javafx.controls.jar;C:\Program Files\Java\javafx-sdk-11.0.2\lib\javafx.fxml.jar;C:\Program Files\Java\javafx-sdk-11.0.2\lib\javafx.graphics.jar;C:\Program Files\Java\javafx-sdk-11.0.2\lib\javafx.media.jar;C:\Program Files\Java\javafx-sdk-11.0.2\lib\javafx.swing.jar;C:\Program Files\Java\javafx-sdk-11.0.2\lib\javafx.web.jar;C:\Program Files\Java\javafx-sdk-11.0.2\lib\javafx-swt.jar;C:\Users\Burapa\Documents\NetBeansProjects\CardGame\build\empty -s C:\Users\Burapa\Documents\NetBeansProjects\CardGame\build\generated-sources\ap-source-output -source 15 --module-path C:\Program Files\Java\javafx-sdk-11.0.2\lib\javafx-swt.jar;C:\Program Files\Java\javafx-sdk-11.0.2\lib\javafx.base.jar;C:\Program Files\Java\javafx-sdk-11.0.2\lib\javafx.controls.jar;C:\Program Files\Java\javafx-sdk-11.0.2\lib\javafx.fxml.jar;C:\Program Files\Java\javafx-sdk-11.0.2\lib\javafx.graphics.jar;C:\Program Files\Java\javafx-sdk-11.0.2\lib\javafx.media.jar;C:\Program Files\Java\javafx-sdk-11.0.2\lib\javafx.swing.jar;C:\Program Files\Java\javafx-sdk-11.0.2\lib\javafx.web.jar C:\Users\Burapa\Documents\NetBeansProjects\CardGame\src\cardgame\CardGame.java

Host: AMD Ryzen 7 3750H with Radeon Vega Mobile Gfx  , 8 cores, 7G,  Windows 10 , 64 bit Build 19041 (10.0.19041.928)
Time: Sat May  1 22:48:31 2021 SE Asia Standard Time elapsed time: 1.787390 seconds (0d 0h 0m 1s)

---------------  T H R E A D  ---------------

Current thread (0x0000029a0674be30):  JavaThread "C2 CompilerThread1" daemon [_thread_in_native, id=23640, stack(0x000000edd3900000,0x000000edd3a00000)]


Current CompileTask:
C2:   1787 2093       4       com.sun.tools.javac.code.Symtab::enterClass (71 bytes)

Stack: [0x000000edd3900000,0x000000edd3a00000]
Native frames: (J=compiled Java code, j=interpreted, Vv=VM code, C=native code)
V  [jvm.dll+0x62ae9a]
V  [jvm.dll+0x7817a9]
V  [jvm.dll+0x782f03]
V  [jvm.dll+0x783563]
V  [jvm.dll+0x216325]
V  [jvm.dll+0x97f3a]
V  [jvm.dll+0x9861c]
V  [jvm.dll+0x279f9f]
V  [jvm.dll+0x540794]
V  [jvm.dll+0x1f3124]
V  [jvm.dll+0x1ecaf1]
V  [jvm.dll+0x1e9867]
V  [jvm.dll+0x178567]
V  [jvm.dll+0x1f9225]
V  [jvm.dll+0x1f72cc]
V  [jvm.dll+0x74495d]
V  [jvm.dll+0x73d75a]
V  [jvm.dll+0x629c56]
C  [ucrtbase.dll+0x21bb2]
C  [KERNEL32.DLL+0x17034]
C  [ntdll.dll+0x52651]


---------------  P R O C E S S  ---------------

Threads class SMR info:
_java_thread_list=0x0000029a0679a980, length=13, elements={
0x0000029a66e43c70, 0x0000029a7f9465e0, 0x0000029a7f946fc0, 0x0000029a7f9618f0,
0x0000029a7f9641c0, 0x0000029a7f964a80, 0x0000029a7f96bb90, 0x0000029a7f96c8a0,
0x0000029a7f981970, 0x0000029a7fbc0be0, 0x0000029a7fc42860, 0x0000029a0674be30,
0x0000029a07547800
}

Java Threads: ( => current thread )
  0x0000029a66e43c70 JavaThread "main" [_thread_in_Java, id=22908, stack(0x000000edd2600000,0x000000edd2700000)]
  0x0000029a7f9465e0 JavaThread "Reference Handler" daemon [_thread_blocked, id=23072, stack(0x000000edd2d00000,0x000000edd2e00000)]
  0x0000029a7f946fc0 JavaThread "Finalizer" daemon [_thread_blocked, id=28256, stack(0x000000edd2e00000,0x000000edd2f00000)]
  0x0000029a7f9618f0 JavaThread "Signal Dispatcher" daemon [_thread_blocked, id=21668, stack(0x000000edd2f00000,0x000000edd3000000)]
  0x0000029a7f9641c0 JavaThread "Attach Listener" daemon [_thread_blocked, id=20052, stack(0x000000edd3000000,0x000000edd3100000)]
  0x0000029a7f964a80 JavaThread "Service Thread" daemon [_thread_blocked, id=25808, stack(0x000000edd3100000,0x000000edd3200000)]
  0x0000029a7f96bb90 JavaThread "C2 CompilerThread0" daemon [_thread_in_native, id=28584, stack(0x000000edd3200000,0x000000edd3300000)]
  0x0000029a7f96c8a0 JavaThread "C1 CompilerThread0" daemon [_thread_in_vm, id=28488, stack(0x000000edd3300000,0x000000edd3400000)]
  0x0000029a7f981970 JavaThread "Sweeper thread" daemon [_thread_blocked, id=28476, stack(0x000000edd3400000,0x000000edd3500000)]
  0x0000029a7fbc0be0 JavaThread "Common-Cleaner" daemon [_thread_blocked, id=26876, stack(0x000000edd3500000,0x000000edd3600000)]
  0x0000029a7fc42860 JavaThread "Notification Thread" daemon [_thread_blocked, id=19096, stack(0x000000edd3600000,0x000000edd3700000)]
=>0x0000029a0674be30 JavaThread "C2 CompilerThread1" daemon [_thread_in_native, id=23640, stack(0x000000edd3900000,0x000000edd3a00000)]
  0x0000029a07547800 JavaThread "C2 CompilerThread2" daemon [_thread_in_native, id=28504, stack(0x000000edd3a00000,0x000000edd3b00000)]

Other Threads:
  0x0000029a7f941060 VMThread "VM Thread" [stack: 0x000000edd2c00000,0x000000edd2d00000] [id=28300]
  0x0000029a7fc3b6e0 WatcherThread [stack: 0x000000edd3700000,0x000000edd3800000] [id=25256]
  0x0000029a66e820e0 GCTaskThread "GC Thread#0" [stack: 0x000000edd2700000,0x000000edd2800000] [id=26840]
  0x0000029a7fc56a30 GCTaskThread "GC Thread#1" [stack: 0x000000edd3800000,0x000000edd3900000] [id=28352]
  0x0000029a66e95ab0 ConcurrentGCThread "G1 Main Marker" [stack: 0x000000edd2800000,0x000000edd2900000] [id=28644]
  0x0000029a66e964b0 ConcurrentGCThread "G1 Conc#0" [stack: 0x000000edd2900000,0x000000edd2a00000] [id=22332]
  0x0000029a7fc543f0 ConcurrentGCThread "G1 Conc#1" [stack: 0x000000edd3b00000,0x000000edd3c00000] [id=28220]
  0x0000029a66ec12d0 ConcurrentGCThread "G1 Refine#0" [stack: 0x000000edd2a00000,0x000000edd2b00000] [id=20312]
  0x0000029a66ec2b90 ConcurrentGCThread "G1 Young RemSet Sampling" [stack: 0x000000edd2b00000,0x000000edd2c00000] [id=27604]

Threads with active compile tasks:
C2 CompilerThread0     1807 1939       4       com.sun.tools.javac.jvm.PoolReader::resolve (341 bytes)
C1 CompilerThread0     1808 2490       2       com.sun.tools.javac.jvm.Items$Item::coerce (99 bytes)
C2 CompilerThread1     1808 2093       4       com.sun.tools.javac.code.Symtab::enterClass (71 bytes)
C2 CompilerThread2     1808 2089       4       com.sun.tools.javac.code.Symtab::lookupPackage (243 bytes)

VM state: not at safepoint (normal execution)

VM Mutex/Monitor currently owned by a thread:  ([mutex/lock_event])
[0x0000029a66e40510] Compile_lock - owner thread: 0x0000000000000000

Heap address: 0x0000000082e00000, size: 2002 MB, Compressed Oops mode: 32-bit
CDS archive(s) mapped at: [0x0000000800000000-0x0000000800b50000-0x0000000800b50000), size 11862016, SharedBaseAddress: 0x0000000800000000, ArchiveRelocationMode: 0.
Compressed class space mapped at: 0x0000000800b50000-0x0000000840b50000, size: 1073741824
Narrow klass base: 0x0000000800000000, Narrow klass shift: 3, Narrow klass range: 0x100000000

GC Precious Log:
 CPUs: 8 total, 8 available
 Memory: 8000M
 Large Page Support: Disabled
 NUMA Support: Disabled
 Compressed Oops: Enabled (32-bit)
 Heap Region Size: 1M
 Heap Min Capacity: 8M
 Heap Initial Capacity: 8M
 Heap Max Capacity: 2002M
 Pre-touch: Disabled
 Parallel Workers: 8
 Concurrent Workers: 2
 Concurrent Refinement Workers: 8
 Periodic GC: Disabled

Heap:
 garbage-first heap   total 38912K, used 19785K [0x0000000082e00000, 0x0000000100000000)
  region size 1024K, 9 young (9216K), 1 survivors (1024K)
 Metaspace       used 11481K, capacity 13524K, committed 13824K, reserved 1060864K
  class space    used 1256K, capacity 1461K, committed 1536K, reserved 1048576K

Heap Regions: E=young(eden), S=young(survivor), O=old, HS=humongous(starts), HC=humongous(continues), CS=collection set, F=free, OA=open archive, CA=closed archive, TAMS=top-at-mark-start (previous, next)
|   0|0x0000000082e00000, 0x0000000082f00000, 0x0000000082f00000|100%| O|  |TAMS 0x0000000082f00000, 0x0000000082e00000| Untracked 
|   1|0x0000000082f00000, 0x0000000083000000, 0x0000000083000000|100%| O|  |TAMS 0x0000000083000000, 0x0000000082f00000| Untracked 
|   2|0x0000000083000000, 0x0000000083100000, 0x0000000083100000|100%| O|  |TAMS 0x0000000083100000, 0x0000000083000000| Untracked 
|   3|0x0000000083100000, 0x0000000083200000, 0x0000000083200000|100%| O|  |TAMS 0x0000000083200000, 0x0000000083100000| Untracked 
|   4|0x0000000083200000, 0x0000000083300000, 0x0000000083300000|100%| O|  |TAMS 0x0000000083300000, 0x0000000083200000| Untracked 
|   5|0x0000000083300000, 0x0000000083400000, 0x0000000083400000|100%| O|  |TAMS 0x0000000083400000, 0x0000000083300000| Untracked 
|   6|0x0000000083400000, 0x0000000083500000, 0x0000000083500000|100%| O|  |TAMS 0x0000000083500000, 0x0000000083400000| Untracked 
|   7|0x0000000083500000, 0x0000000083600000, 0x0000000083600000|100%| O|  |TAMS 0x0000000083600000, 0x0000000083500000| Untracked 
|   8|0x0000000083600000, 0x0000000083700000, 0x0000000083700000|100%| O|  |TAMS 0x0000000083700000, 0x0000000083600000| Untracked 
|   9|0x0000000083700000, 0x0000000083800000, 0x0000000083800000|100%| O|  |TAMS 0x00000000837f4400, 0x0000000083700000| Untracked 
|  10|0x0000000083800000, 0x000000008389fe00, 0x0000000083900000| 62%| O|  |TAMS 0x0000000083800000, 0x0000000083800000| Untracked 
|  11|0x0000000083900000, 0x0000000083a00000, 0x0000000083a00000|100%|HS|  |TAMS 0x0000000083900000, 0x0000000083900000| Complete 
|  12|0x0000000083a00000, 0x0000000083a00000, 0x0000000083b00000|  0%| F|  |TAMS 0x0000000083a00000, 0x0000000083a00000| Untracked 
|  13|0x0000000083b00000, 0x0000000083b00000, 0x0000000083c00000|  0%| F|  |TAMS 0x0000000083b00000, 0x0000000083b00000| Untracked 
|  14|0x0000000083c00000, 0x0000000083c00000, 0x0000000083d00000|  0%| F|  |TAMS 0x0000000083c00000, 0x0000000083c00000| Untracked 
|  15|0x0000000083d00000, 0x0000000083d00000, 0x0000000083e00000|  0%| F|  |TAMS 0x0000000083d00000, 0x0000000083d00000| Untracked 
|  16|0x0000000083e00000, 0x0000000083eb28e8, 0x0000000083f00000| 69%| S|CS|TAMS 0x0000000083e00000, 0x0000000083e00000| Complete 
|  17|0x0000000083f00000, 0x0000000083f00000, 0x0000000084000000|  0%| F|  |TAMS 0x0000000083f00000, 0x0000000083f00000| Untracked 
|  18|0x0000000084000000, 0x0000000084000000, 0x0000000084100000|  0%| F|  |TAMS 0x0000000084000000, 0x0000000084000000| Untracked 
|  19|0x0000000084100000, 0x0000000084100000, 0x0000000084200000|  0%| F|  |TAMS 0x0000000084100000, 0x0000000084100000| Untracked 
|  20|0x0000000084200000, 0x0000000084200000, 0x0000000084300000|  0%| F|  |TAMS 0x0000000084200000, 0x0000000084200000| Untracked 
|  21|0x0000000084300000, 0x0000000084300000, 0x0000000084400000|  0%| F|  |TAMS 0x0000000084300000, 0x0000000084300000| Untracked 
|  22|0x0000000084400000, 0x0000000084400000, 0x0000000084500000|  0%| F|  |TAMS 0x0000000084400000, 0x0000000084400000| Untracked 
|  23|0x0000000084500000, 0x0000000084500000, 0x0000000084600000|  0%| F|  |TAMS 0x0000000084500000, 0x0000000084500000| Untracked 
|  24|0x0000000084600000, 0x0000000084600000, 0x0000000084700000|  0%| F|  |TAMS 0x0000000084600000, 0x0000000084600000| Untracked 
|  25|0x0000000084700000, 0x0000000084700000, 0x0000000084800000|  0%| F|  |TAMS 0x0000000084700000, 0x0000000084700000| Untracked 
|  26|0x0000000084800000, 0x0000000084800000, 0x0000000084900000|  0%| F|  |TAMS 0x0000000084800000, 0x0000000084800000| Untracked 
|  27|0x0000000084900000, 0x0000000084900000, 0x0000000084a00000|  0%| F|  |TAMS 0x0000000084900000, 0x0000000084900000| Untracked 
|  28|0x0000000084a00000, 0x0000000084a00000, 0x0000000084b00000|  0%| F|  |TAMS 0x0000000084a00000, 0x0000000084a00000| Untracked 
|  29|0x0000000084b00000, 0x0000000084b00000, 0x0000000084c00000|  0%| F|  |TAMS 0x0000000084b00000, 0x0000000084b00000| Untracked 
|  30|0x0000000084c00000, 0x0000000084cd5480, 0x0000000084d00000| 83%| E|  |TAMS 0x0000000084c00000, 0x0000000084c00000| Complete 
|  31|0x0000000084d00000, 0x0000000084e00000, 0x0000000084e00000|100%| E|CS|TAMS 0x0000000084d00000, 0x0000000084d00000| Complete 
|  32|0x0000000084e00000, 0x0000000084f00000, 0x0000000084f00000|100%| E|CS|TAMS 0x0000000084e00000, 0x0000000084e00000| Complete 
|  33|0x0000000084f00000, 0x0000000085000000, 0x0000000085000000|100%| E|CS|TAMS 0x0000000084f00000, 0x0000000084f00000| Complete 
|  34|0x0000000085000000, 0x0000000085100000, 0x0000000085100000|100%| E|CS|TAMS 0x0000000085000000, 0x0000000085000000| Complete 
|  35|0x0000000085100000, 0x0000000085200000, 0x0000000085200000|100%| E|CS|TAMS 0x0000000085100000, 0x0000000085100000| Complete 
|  36|0x0000000085200000, 0x0000000085300000, 0x0000000085300000|100%| E|CS|TAMS 0x0000000085200000, 0x0000000085200000| Complete 
|  37|0x0000000085300000, 0x0000000085400000, 0x0000000085400000|100%| E|CS|TAMS 0x0000000085300000, 0x0000000085300000| Complete 

Card table byte_map: [0x0000029a7e7a0000,0x0000029a7eb90000] _byte_map_base: 0x0000029a7e389000

Marking Bits (Prev, Next): (CMBitMap*) 0x0000029a66e85750, (CMBitMap*) 0x0000029a66e85710
 Prev Bits: [0x0000029a01f50000, 0x0000029a03e98000)
 Next Bits: [0x0000029a00000000, 0x0000029a01f48000)

Polling page: 0x0000029a66620000

Metaspace:

Usage:
  Non-class:     11.78 MB capacity,    10.00 MB ( 85%) used,     1.77 MB ( 15%) free+waste,    12.75 KB ( <1%) overhead. 
      Class:      1.43 MB capacity,     1.23 MB ( 86%) used,   200.09 KB ( 14%) free+waste,     4.88 KB ( <1%) overhead. 
       Both:     13.21 MB capacity,    11.22 MB ( 85%) used,     1.97 MB ( 15%) free+waste,    17.62 KB ( <1%) overhead. 

Virtual space:
  Non-class space:       12.00 MB reserved,      12.00 MB (100%) committed 
      Class space:        1.00 GB reserved,       1.50 MB ( <1%) committed 
             Both:        1.01 GB reserved,      13.50 MB (  1%) committed 

Chunk freelists:
   Non-Class:  33.00 KB
       Class:  11.00 KB
        Both:  44.00 KB

MaxMetaspaceSize: 17179869184.00 GB
CompressedClassSpaceSize: 1.00 GB

CodeHeap 'non-profiled nmethods': size=120000Kb used=876Kb max_used=876Kb free=119123Kb
 bounds [0x0000029a76b50000, 0x0000029a76dc0000, 0x0000029a7e080000]
CodeHeap 'profiled nmethods': size=120000Kb used=4748Kb max_used=4748Kb free=115251Kb
 bounds [0x0000029a6f620000, 0x0000029a6fad0000, 0x0000029a76b50000]
CodeHeap 'non-nmethods': size=5760Kb used=1168Kb max_used=1208Kb free=4591Kb
 bounds [0x0000029a6f080000, 0x0000029a6f2f0000, 0x0000029a6f620000]
 total_blobs=2879 nmethods=2459 adapters=332
 compilation: enabled
              stopped_count=0, restarted_count=0
 full_count=0

Compilation events (20 events):
Event: 1.775 Thread 0x0000029a7f96c8a0 nmethod 2440 0x0000029a6faa7a90 code [0x0000029a6faa7c60, 0x0000029a6faa80c8]
Event: 1.775 Thread 0x0000029a7f96c8a0 2441       2       com.sun.tools.javac.jvm.ClassReader::readTypeToProxy (33 bytes)
Event: 1.776 Thread 0x0000029a7f96c8a0 nmethod 2441 0x0000029a6faa8290 code [0x0000029a6faa84c0, 0x0000029a6faa89d8]
Event: 1.776 Thread 0x0000029a7f96c8a0 2442   !   2       com.sun.tools.javac.jvm.ClassReader$AnnotationDeproxy::resolvePossibleProxyType (89 bytes)
Event: 1.776 Thread 0x0000029a7f96c8a0 nmethod 2442 0x0000029a6faa8d10 code [0x0000029a6faa8ee0, 0x0000029a6faa9358]
Event: 1.778 Thread 0x0000029a7f96c8a0 2443       2       com.sun.tools.javac.comp.Resolve$10::<init> (17 bytes)
Event: 1.779 Thread 0x0000029a7f96c8a0 nmethod 2443 0x0000029a6faa9610 code [0x0000029a6faa97c0, 0x0000029a6faa9928]
Event: 1.779 Thread 0x0000029a7f96c8a0 2444       2       com.sun.tools.javac.comp.Resolve$10::access (77 bytes)
Event: 1.779 Thread 0x0000029a7f96c8a0 nmethod 2444 0x0000029a6faa9a10 code [0x0000029a6faa9be0, 0x0000029a6faa9eb8]
Event: 1.780 Thread 0x0000029a7f96c8a0 2445       2       com.sun.tools.javac.tree.JCTree::getStartPosition (5 bytes)
Event: 1.781 Thread 0x0000029a7f96c8a0 nmethod 2445 0x0000029a6faaa090 code [0x0000029a6faaa220, 0x0000029a6faaa328]
Event: 1.781 Thread 0x0000029a7f96c8a0 2446       2       com.sun.tools.javac.tree.TreeMaker::at (20 bytes)
Event: 1.781 Thread 0x0000029a7f96c8a0 nmethod 2446 0x0000029a6faaa410 code [0x0000029a6faaa5a0, 0x0000029a6faaa6e8]
Event: 1.781 Thread 0x0000029a7f96c8a0 2447       2       com.sun.tools.javac.code.Symbol::hasOuterInstance (35 bytes)
Event: 1.781 Thread 0x0000029a7f96c8a0 nmethod 2447 0x0000029a6faaa790 code [0x0000029a6faaa940, 0x0000029a6faaab28]
Event: 1.781 Thread 0x0000029a7f96c8a0 2448       2       com.sun.tools.javac.comp.Lower::translate (47 bytes)
Event: 1.781 Thread 0x0000029a7f96c8a0 nmethod 2448 0x0000029a6faaac90 code [0x0000029a6faaae60, 0x0000029a6faab128]
Event: 1.781 Thread 0x0000029a7f96c8a0 2449       2       com.sun.tools.javac.comp.Lower::make_at (14 bytes)
Event: 1.782 Thread 0x0000029a7f96c8a0 nmethod 2449 0x0000029a6faab290 code [0x0000029a6faab440, 0x0000029a6faab5e8]
Event: 1.782 Thread 0x0000029a7f96c8a0 2451       2       com.sun.tools.javac.comp.Lower::translate (22 bytes)

GC Heap History (20 events):
Event: 0.845 GC heap before
{Heap before GC invocations=11 (full 0):
 garbage-first heap   total 13312K, used 5498K [0x0000000082e00000, 0x0000000100000000)
  region size 1024K, 2 young (2048K), 1 survivors (1024K)
 Metaspace       used 8824K, capacity 11343K, committed 11520K, reserved 1058816K
  class space    used 998K, capacity 1225K, committed 1280K, reserved 1048576K
}
Event: 0.847 GC heap after
{Heap after GC invocations=12 (full 0):
 garbage-first heap   total 13312K, used 5574K [0x0000000082e00000, 0x0000000100000000)
  region size 1024K, 1 young (1024K), 1 survivors (1024K)
 Metaspace       used 8824K, capacity 11343K, committed 11520K, reserved 1058816K
  class space    used 998K, capacity 1225K, committed 1280K, reserved 1048576K
}
Event: 0.853 GC heap before
{Heap before GC invocations=12 (full 0):
 garbage-first heap   total 13312K, used 6598K [0x0000000082e00000, 0x0000000100000000)
  region size 1024K, 2 young (2048K), 1 survivors (1024K)
 Metaspace       used 8824K, capacity 11343K, committed 11520K, reserved 1058816K
  class space    used 998K, capacity 1225K, committed 1280K, reserved 1048576K
}
Event: 0.854 GC heap after
{Heap after GC invocations=13 (full 0):
 garbage-first heap   total 16384K, used 6360K [0x0000000082e00000, 0x0000000100000000)
  region size 1024K, 1 young (1024K), 1 survivors (1024K)
 Metaspace       used 8824K, capacity 11343K, committed 11520K, reserved 1058816K
  class space    used 998K, capacity 1225K, committed 1280K, reserved 1048576K
}
Event: 0.927 GC heap before
{Heap before GC invocations=13 (full 0):
 garbage-first heap   total 16384K, used 7384K [0x0000000082e00000, 0x0000000100000000)
  region size 1024K, 3 young (3072K), 1 survivors (1024K)
 Metaspace       used 8864K, capacity 11343K, committed 11520K, reserved 1058816K
  class space    used 999K, capacity 1225K, committed 1280K, reserved 1048576K
}
Event: 0.928 GC heap after
{Heap after GC invocations=14 (full 0):
 garbage-first heap   total 16384K, used 6514K [0x0000000082e00000, 0x0000000100000000)
  region size 1024K, 1 young (1024K), 1 survivors (1024K)
 Metaspace       used 8864K, capacity 11343K, committed 11520K, reserved 1058816K
  class space    used 999K, capacity 1225K, committed 1280K, reserved 1048576K
}
Event: 1.060 GC heap before
{Heap before GC invocations=15 (full 0):
 garbage-first heap   total 16384K, used 8562K [0x0000000082e00000, 0x0000000100000000)
  region size 1024K, 3 young (3072K), 1 survivors (1024K)
 Metaspace       used 9024K, capacity 11454K, committed 11520K, reserved 1058816K
  class space    used 1023K, capacity 1262K, committed 1280K, reserved 1048576K
}
Event: 1.062 GC heap after
{Heap after GC invocations=16 (full 0):
 garbage-first heap   total 16384K, used 7354K [0x0000000082e00000, 0x0000000100000000)
  region size 1024K, 1 young (1024K), 1 survivors (1024K)
 Metaspace       used 9024K, capacity 11454K, committed 11520K, reserved 1058816K
  class space    used 1023K, capacity 1262K, committed 1280K, reserved 1048576K
}
Event: 1.115 GC heap before
{Heap before GC invocations=16 (full 0):
 garbage-first heap   total 16384K, used 9402K [0x0000000082e00000, 0x0000000100000000)
  region size 1024K, 3 young (3072K), 1 survivors (1024K)
 Metaspace       used 9192K, capacity 11527K, committed 11776K, reserved 1060864K
  class space    used 1045K, capacity 1265K, committed 1280K, reserved 1048576K
}
Event: 1.119 GC heap after
{Heap after GC invocations=17 (full 0):
 garbage-first heap   total 16384K, used 7690K [0x0000000082e00000, 0x0000000100000000)
  region size 1024K, 1 young (1024K), 1 survivors (1024K)
 Metaspace       used 9192K, capacity 11527K, committed 11776K, reserved 1060864K
  class space    used 1045K, capacity 1265K, committed 1280K, reserved 1048576K
}
Event: 1.153 GC heap before
{Heap before GC invocations=17 (full 0):
 garbage-first heap   total 16384K, used 9738K [0x0000000082e00000, 0x0000000100000000)
  region size 1024K, 3 young (3072K), 1 survivors (1024K)
 Metaspace       used 9289K, capacity 11530K, committed 11776K, reserved 1060864K
  class space    used 1052K, capacity 1266K, committed 1280K, reserved 1048576K
}
Event: 1.155 GC heap after
{Heap after GC invocations=18 (full 0):
 garbage-first heap   total 22528K, used 7884K [0x0000000082e00000, 0x0000000100000000)
  region size 1024K, 1 young (1024K), 1 survivors (1024K)
 Metaspace       used 9289K, capacity 11530K, committed 11776K, reserved 1060864K
  class space    used 1052K, capacity 1266K, committed 1280K, reserved 1048576K
}
Event: 1.188 GC heap before
{Heap before GC invocations=19 (full 0):
 garbage-first heap   total 22528K, used 13004K [0x0000000082e00000, 0x0000000100000000)
  region size 1024K, 6 young (6144K), 1 survivors (1024K)
 Metaspace       used 9327K, capacity 11594K, committed 11776K, reserved 1060864K
  class space    used 1052K, capacity 1266K, committed 1280K, reserved 1048576K
}
Event: 1.191 GC heap after
{Heap after GC invocations=20 (full 0):
 garbage-first heap   total 22528K, used 8478K [0x0000000082e00000, 0x0000000100000000)
  region size 1024K, 1 young (1024K), 1 survivors (1024K)
 Metaspace       used 9327K, capacity 11594K, committed 11776K, reserved 1060864K
  class space    used 1052K, capacity 1266K, committed 1280K, reserved 1048576K
}
Event: 1.271 GC heap before
{Heap before GC invocations=20 (full 0):
 garbage-first heap   total 22528K, used 13598K [0x0000000082e00000, 0x0000000100000000)
  region size 1024K, 6 young (6144K), 1 survivors (1024K)
 Metaspace       used 9561K, capacity 11754K, committed 11904K, reserved 1060864K
  class space    used 1072K, capacity 1298K, committed 1408K, reserved 1048576K
}
Event: 1.276 GC heap after
{Heap after GC invocations=21 (full 0):
 garbage-first heap   total 22528K, used 10137K [0x0000000082e00000, 0x0000000100000000)
  region size 1024K, 1 young (1024K), 1 survivors (1024K)
 Metaspace       used 9561K, capacity 11754K, committed 11904K, reserved 1060864K
  class space    used 1072K, capacity 1298K, committed 1408K, reserved 1048576K
}
Event: 1.332 GC heap before
{Heap before GC invocations=21 (full 0):
 garbage-first heap   total 22528K, used 14233K [0x0000000082e00000, 0x0000000100000000)
  region size 1024K, 5 young (5120K), 1 survivors (1024K)
 Metaspace       used 9787K, capacity 11950K, committed 12160K, reserved 1060864K
  class space    used 1094K, capacity 1299K, committed 1408K, reserved 1048576K
}
Event: 1.336 GC heap after
{Heap after GC invocations=22 (full 0):
 garbage-first heap   total 22528K, used 10899K [0x0000000082e00000, 0x0000000100000000)
  region size 1024K, 1 young (1024K), 1 survivors (1024K)
 Metaspace       used 9787K, capacity 11950K, committed 12160K, reserved 1060864K
  class space    used 1094K, capacity 1299K, committed 1408K, reserved 1048576K
}
Event: 1.461 GC heap before
{Heap before GC invocations=22 (full 0):
 garbage-first heap   total 22528K, used 14995K [0x0000000082e00000, 0x0000000100000000)
  region size 1024K, 5 young (5120K), 1 survivors (1024K)
 Metaspace       used 10350K, capacity 12468K, committed 12672K, reserved 1060864K
  class space    used 1157K, capacity 1365K, committed 1408K, reserved 1048576K
}
Event: 1.466 GC heap after
{Heap after GC invocations=23 (full 0):
 garbage-first heap   total 38912K, used 11593K [0x0000000082e00000, 0x0000000100000000)
  region size 1024K, 1 young (1024K), 1 survivors (1024K)
 Metaspace       used 10350K, capacity 12468K, committed 12672K, reserved 1060864K
  class space    used 1157K, capacity 1365K, committed 1408K, reserved 1048576K
}

Deoptimization events (20 events):
Event: 1.689 Thread 0x0000029a66e43c70 DEOPT PACKING pc=0x0000029a76c26c04 sp=0x000000edd26fd340
Event: 1.689 Thread 0x0000029a66e43c70 DEOPT UNPACKING pc=0x0000029a6f0ce42f sp=0x000000edd26fd2d0 mode 2
Event: 1.691 Thread 0x0000029a66e43c70 DEOPT PACKING pc=0x0000029a6f93c2e4 sp=0x000000edd26fd100
Event: 1.691 Thread 0x0000029a66e43c70 DEOPT UNPACKING pc=0x0000029a6f0ce23f sp=0x000000edd26fc648 mode 0
Event: 1.693 Thread 0x0000029a66e43c70 Uncommon trap: trap_request=0xffffff45 fr.pc=0x0000029a76c2298c relative=0x00000000000023ac
Event: 1.693 Thread 0x0000029a66e43c70 Uncommon trap: reason=unstable_if action=reinterpret pc=0x0000029a76c2298c method=com.sun.tools.javac.jvm.ClassReader.sigToType()Lcom/sun/tools/javac/code/Type; @ 10 c2
Event: 1.693 Thread 0x0000029a66e43c70 DEOPT PACKING pc=0x0000029a76c2298c sp=0x000000edd26fb750
Event: 1.693 Thread 0x0000029a66e43c70 DEOPT UNPACKING pc=0x0000029a6f0ce42f sp=0x000000edd26fb710 mode 2
Event: 1.752 Thread 0x0000029a66e43c70 Uncommon trap: trap_request=0xffffff45 fr.pc=0x0000029a76bd04ec relative=0x00000000000005ac
Event: 1.752 Thread 0x0000029a66e43c70 Uncommon trap: reason=unstable_if action=reinterpret pc=0x0000029a76bd04ec method=java.util.HashMap.hash(Ljava/lang/Object;)I @ 1 c2
Event: 1.752 Thread 0x0000029a66e43c70 DEOPT PACKING pc=0x0000029a76bd04ec sp=0x000000edd26feb70
Event: 1.752 Thread 0x0000029a66e43c70 DEOPT UNPACKING pc=0x0000029a6f0ce42f sp=0x000000edd26fea38 mode 2
Event: 1.752 Thread 0x0000029a66e43c70 Uncommon trap: trap_request=0xffffff45 fr.pc=0x0000029a76ba5bd4 relative=0x0000000000000594
Event: 1.752 Thread 0x0000029a66e43c70 Uncommon trap: reason=unstable_if action=reinterpret pc=0x0000029a76ba5bd4 method=java.util.HashMap.hash(Ljava/lang/Object;)I @ 1 c2
Event: 1.752 Thread 0x0000029a66e43c70 DEOPT PACKING pc=0x0000029a76ba5bd4 sp=0x000000edd26feac0
Event: 1.752 Thread 0x0000029a66e43c70 DEOPT UNPACKING pc=0x0000029a6f0ce42f sp=0x000000edd26fe9f8 mode 2
Event: 1.752 Thread 0x0000029a66e43c70 Uncommon trap: trap_request=0xffffff45 fr.pc=0x0000029a76ba2f38 relative=0x0000000000000098
Event: 1.752 Thread 0x0000029a66e43c70 Uncommon trap: reason=unstable_if action=reinterpret pc=0x0000029a76ba2f38 method=java.util.HashMap.hash(Ljava/lang/Object;)I @ 1 c2
Event: 1.752 Thread 0x0000029a66e43c70 DEOPT PACKING pc=0x0000029a76ba2f38 sp=0x000000edd26fea60
Event: 1.752 Thread 0x0000029a66e43c70 DEOPT UNPACKING pc=0x0000029a6f0ce42f sp=0x000000edd26fe9f8 mode 2

Classes unloaded (0 events):
No events

Classes redefined (0 events):
No events

Internal exceptions (20 events):
Event: 1.313 Thread 0x0000029a66e43c70 Exception <a 'sun/nio/fs/WindowsException'{0x0000000084146ce0}> (0x0000000084146ce0) 
thrown [./open/src/hotspot/share/prims/jni.cpp, line 578]
Event: 1.314 Thread 0x0000029a66e43c70 Exception <a 'sun/nio/fs/WindowsException'{0x000000008414c198}> (0x000000008414c198) 
thrown [./open/src/hotspot/share/prims/jni.cpp, line 578]
Event: 1.314 Thread 0x0000029a66e43c70 Exception <a 'sun/nio/fs/WindowsException'{0x000000008414c468}> (0x000000008414c468) 
thrown [./open/src/hotspot/share/prims/jni.cpp, line 578]
Event: 1.422 Thread 0x0000029a66e43c70 Exception <a 'sun/nio/fs/WindowsException'{0x00000000841d0de8}> (0x00000000841d0de8) 
thrown [./open/src/hotspot/share/prims/jni.cpp, line 578]
Event: 1.422 Thread 0x0000029a66e43c70 Exception <a 'sun/nio/fs/WindowsException'{0x00000000841d1118}> (0x00000000841d1118) 
thrown [./open/src/hotspot/share/prims/jni.cpp, line 578]
Event: 1.422 Thread 0x0000029a66e43c70 Exception <a 'sun/nio/fs/WindowsException'{0x00000000841d3738}> (0x00000000841d3738) 
thrown [./open/src/hotspot/share/prims/jni.cpp, line 578]
Event: 1.422 Thread 0x0000029a66e43c70 Exception <a 'sun/nio/fs/WindowsException'{0x00000000841d3a38}> (0x00000000841d3a38) 
thrown [./open/src/hotspot/share/prims/jni.cpp, line 578]
Event: 1.423 Thread 0x0000029a66e43c70 Exception <a 'sun/nio/fs/WindowsException'{0x00000000841d77b0}> (0x00000000841d77b0) 
thrown [./open/src/hotspot/share/prims/jni.cpp, line 578]
Event: 1.423 Thread 0x0000029a66e43c70 Exception <a 'sun/nio/fs/WindowsException'{0x00000000841d7ab0}> (0x00000000841d7ab0) 
thrown [./open/src/hotspot/share/prims/jni.cpp, line 578]
Event: 1.424 Thread 0x0000029a66e43c70 Exception <a 'sun/nio/fs/WindowsException'{0x000000008400d800}> (0x000000008400d800) 
thrown [./open/src/hotspot/share/prims/jni.cpp, line 578]
Event: 1.424 Thread 0x0000029a66e43c70 Exception <a 'sun/nio/fs/WindowsException'{0x000000008400dac0}> (0x000000008400dac0) 
thrown [./open/src/hotspot/share/prims/jni.cpp, line 578]
Event: 1.427 Thread 0x0000029a66e43c70 Exception <a 'java/lang/NoSuchMethodError'{0x0000000084016f30}: 'int java.lang.invoke.DirectMethodHandle$Holder.invokeStatic(java.lang.Object, java.lang.Object, java.lang.Object, java.lang.Object)'> (0x0000000084016f30) 
thrown [./open/src/hotspot/share/interpreter/linkResolver.cpp, line 782]
Event: 1.443 Thread 0x0000029a66e43c70 Exception <a 'java/lang/NoSuchMethodError'{0x0000000084055b98}: 'void java.lang.invoke.DirectMethodHandle$Holder.invokeVirtual(java.lang.Object, java.lang.Object)'> (0x0000000084055b98) 
thrown [./open/src/hotspot/share/interpreter/linkResolver.cpp, line 782]
Event: 1.459 Thread 0x0000029a66e43c70 Exception <a 'sun/nio/fs/WindowsException'{0x00000000840d3ab0}> (0x00000000840d3ab0) 
thrown [./open/src/hotspot/share/prims/jni.cpp, line 578]
Event: 1.459 Thread 0x0000029a66e43c70 Exception <a 'sun/nio/fs/WindowsException'{0x00000000840d3de0}> (0x00000000840d3de0) 
thrown [./open/src/hotspot/share/prims/jni.cpp, line 578]
Event: 1.461 Thread 0x0000029a66e43c70 Exception <a 'sun/nio/fs/WindowsException'{0x00000000840fe880}> (0x00000000840fe880) 
thrown [./open/src/hotspot/share/prims/jni.cpp, line 578]
Event: 1.461 Thread 0x0000029a66e43c70 Exception <a 'sun/nio/fs/WindowsException'{0x00000000840feb70}> (0x00000000840feb70) 
thrown [./open/src/hotspot/share/prims/jni.cpp, line 578]
Event: 1.752 Thread 0x0000029a66e43c70 Implicit null exception at 0x0000029a76bcff8c to 0x0000029a76bd04d4
Event: 1.752 Thread 0x0000029a66e43c70 Implicit null exception at 0x0000029a76ba568c to 0x0000029a76ba5bbc
Event: 1.752 Thread 0x0000029a66e43c70 Implicit null exception at 0x0000029a76ba2eaf to 0x0000029a76ba2f29

Events (20 events):
Event: 1.362 loading class java/util/stream/Nodes$ArrayNode done
Event: 1.362 loading class java/util/stream/Nodes$FixedNodeBuilder done
Event: 1.452 Executing VM operation: ICBufferFull
Event: 1.452 Executing VM operation: ICBufferFull done
Event: 1.461 Executing VM operation: G1CollectForAllocation
Event: 1.466 Executing VM operation: G1CollectForAllocation done
Event: 1.476 Executing VM operation: G1Concurrent
Event: 1.480 Executing VM operation: G1Concurrent done
Event: 1.486 Executing VM operation: G1Concurrent
Event: 1.491 Executing VM operation: G1Concurrent done
Event: 1.682 Executing VM operation: ICBufferFull
Event: 1.682 Executing VM operation: ICBufferFull done
Event: 1.690 Executing VM operation: HandshakeAllThreads
Event: 1.690 Executing VM operation: HandshakeAllThreads done
Event: 1.752 Executing VM operation: ICBufferFull
Event: 1.752 Executing VM operation: ICBufferFull done
Event: 1.757 loading class java/util/stream/ReduceOps$2
Event: 1.757 loading class java/util/stream/ReduceOps$2 done
Event: 1.757 loading class java/util/stream/ReduceOps$2ReducingSink
Event: 1.757 loading class java/util/stream/ReduceOps$2ReducingSink done


Dynamic libraries:
0x00007ff7c9390000 - 0x00007ff7c9398000 	C:\Program Files\Java\jdk-15.0.2\bin\javac.exe
0x00007ffbf9810000 - 0x00007ffbf9a05000 	C:\WINDOWS\SYSTEM32\ntdll.dll
0x00007ffbf7fe0000 - 0x00007ffbf809d000 	C:\WINDOWS\System32\KERNEL32.DLL
0x00007ffbf7110000 - 0x00007ffbf73d8000 	C:\WINDOWS\System32\KERNELBASE.dll
0x00007ffbf75c0000 - 0x00007ffbf76c0000 	C:\WINDOWS\System32\ucrtbase.dll
0x00007ffbdf320000 - 0x00007ffbdf338000 	C:\Program Files\Java\jdk-15.0.2\bin\jli.dll
0x00007ffbf8e50000 - 0x00007ffbf8efc000 	C:\WINDOWS\System32\ADVAPI32.dll
0x00007ffbf8db0000 - 0x00007ffbf8e4e000 	C:\WINDOWS\System32\msvcrt.dll
0x00007ffbf10b0000 - 0x00007ffbf10c9000 	C:\Program Files\Java\jdk-15.0.2\bin\VCRUNTIME140.dll
0x00007ffbf8270000 - 0x00007ffbf830b000 	C:\WINDOWS\System32\sechost.dll
0x00007ffbf9180000 - 0x00007ffbf92ab000 	C:\WINDOWS\System32\RPCRT4.dll
0x00007ffbf8310000 - 0x00007ffbf84b0000 	C:\WINDOWS\System32\USER32.dll
0x00007ffbf6f50000 - 0x00007ffbf6f72000 	C:\WINDOWS\System32\win32u.dll
0x00007ffbe54e0000 - 0x00007ffbe577a000 	C:\WINDOWS\WinSxS\amd64_microsoft.windows.common-controls_6595b64144ccf1df_6.0.19041.844_none_ca00b6081b84eb1d\COMCTL32.dll
0x00007ffbf81b0000 - 0x00007ffbf81da000 	C:\WINDOWS\System32\GDI32.dll
0x00007ffbf7000000 - 0x00007ffbf710b000 	C:\WINDOWS\System32\gdi32full.dll
0x00007ffbf77d0000 - 0x00007ffbf786d000 	C:\WINDOWS\System32\msvcp_win.dll
0x00007ffbf07d0000 - 0x00007ffbf07da000 	C:\WINDOWS\SYSTEM32\VERSION.dll
0x00007ffbf9310000 - 0x00007ffbf9340000 	C:\WINDOWS\System32\IMM32.DLL
0x00007ffbf1e50000 - 0x00007ffbf1e5c000 	C:\Program Files\Java\jdk-15.0.2\bin\vcruntime140_1.dll
0x00007ffbdaf90000 - 0x00007ffbdb021000 	C:\Program Files\Java\jdk-15.0.2\bin\msvcp140.dll
0x00007ffbb64a0000 - 0x00007ffbb6ffe000 	C:\Program Files\Java\jdk-15.0.2\bin\server\jvm.dll
0x00007ffbf8c10000 - 0x00007ffbf8c18000 	C:\WINDOWS\System32\PSAPI.DLL
0x00007ffbe5ae0000 - 0x00007ffbe5b07000 	C:\WINDOWS\SYSTEM32\WINMM.dll
0x00007ffbf1f60000 - 0x00007ffbf1f69000 	C:\WINDOWS\SYSTEM32\WSOCK32.dll
0x00007ffbf9040000 - 0x00007ffbf90ab000 	C:\WINDOWS\System32\WS2_32.dll
0x00007ffbf4e90000 - 0x00007ffbf4ea2000 	C:\WINDOWS\SYSTEM32\kernel.appcore.dll
0x00007ffbf1c80000 - 0x00007ffbf1c8a000 	C:\Program Files\Java\jdk-15.0.2\bin\jimage.dll
0x00007ffbed850000 - 0x00007ffbeda34000 	C:\WINDOWS\SYSTEM32\DBGHELP.DLL
0x00007ffbed7c0000 - 0x00007ffbed7ec000 	C:\WINDOWS\SYSTEM32\dbgcore.DLL
0x00007ffbf73e0000 - 0x00007ffbf7460000 	C:\WINDOWS\System32\bcryptPrimitives.dll
0x00007ffbec160000 - 0x00007ffbec185000 	C:\Program Files\Java\jdk-15.0.2\bin\java.dll
0x00007ffbf7890000 - 0x00007ffbf7fd2000 	C:\WINDOWS\System32\SHELL32.dll
0x00007ffbf5090000 - 0x00007ffbf5821000 	C:\WINDOWS\SYSTEM32\windows.storage.dll
0x00007ffbf9340000 - 0x00007ffbf9695000 	C:\WINDOWS\System32\combase.dll
0x00007ffbf6950000 - 0x00007ffbf697c000 	C:\WINDOWS\SYSTEM32\Wldp.dll
0x00007ffbf8670000 - 0x00007ffbf871e000 	C:\WINDOWS\System32\SHCORE.dll
0x00007ffbf8f00000 - 0x00007ffbf8f55000 	C:\WINDOWS\System32\shlwapi.dll
0x00007ffbf6e90000 - 0x00007ffbf6eaf000 	C:\WINDOWS\SYSTEM32\profapi.dll
0x00007ffbec140000 - 0x00007ffbec159000 	C:\Program Files\Java\jdk-15.0.2\bin\net.dll
0x00007ffbed4c0000 - 0x00007ffbed5cb000 	C:\WINDOWS\SYSTEM32\WINHTTP.dll
0x00007ffbf66c0000 - 0x00007ffbf672a000 	C:\WINDOWS\system32\mswsock.dll
0x00007ffbec120000 - 0x00007ffbec132000 	C:\Program Files\Java\jdk-15.0.2\bin\nio.dll
0x00007ffbec100000 - 0x00007ffbec118000 	C:\Program Files\Java\jdk-15.0.2\bin\zip.dll

dbghelp: loaded successfully - version: 4.0.5 - missing functions: none
symbol engine: initialized successfully - sym options: 0x614 - pdb path: .;C:\Program Files\Java\jdk-15.0.2\bin;C:\WINDOWS\SYSTEM32;C:\WINDOWS\WinSxS\amd64_microsoft.windows.common-controls_6595b64144ccf1df_6.0.19041.844_none_ca00b6081b84eb1d;C:\Program Files\Java\jdk-15.0.2\bin\server

VM Arguments:
jvm_args: -Dapplication.home=C:\Program Files\Java\jdk-15.0.2 --add-modules=ALL-DEFAULT -Xms8m -Djdk.module.main=jdk.compiler 
java_command: jdk.compiler/com.sun.tools.javac.Main -d C:\Users\Burapa\Documents\NetBeansProjects\CardGame\build\classes -classpath C:\Users\Burapa\Documents\NetBeansProjects\CardGame\build\classes;C:\Program Files\Java\javafx-sdk-11.0.2\lib\javafx.base.jar;C:\Program Files\Java\javafx-sdk-11.0.2\lib\javafx.controls.jar;C:\Program Files\Java\javafx-sdk-11.0.2\lib\javafx.fxml.jar;C:\Program Files\Java\javafx-sdk-11.0.2\lib\javafx.graphics.jar;C:\Program Files\Java\javafx-sdk-11.0.2\lib\javafx.media.jar;C:\Program Files\Java\javafx-sdk-11.0.2\lib\javafx.swing.jar;C:\Program Files\Java\javafx-sdk-11.0.2\lib\javafx.web.jar;C:\Program Files\Java\javafx-sdk-11.0.2\lib\javafx-swt.jar -sourcepath C:\Users\Burapa\Documents\NetBeansProjects\CardGame\src -target 15 -encoding UTF-8 -g -processorpath C:\Program Files\Java\javafx-sdk-11.0.2\lib\javafx.base.jar;C:\Program Files\Java\javafx-sdk-11.0.2\lib\javafx.controls.jar;C:\Program Files\Java\javafx-sdk-11.0.2\lib\javafx.fxml.jar;C:\Program Files\Java\javafx-sdk-11.0.2\lib\javafx.graphics.jar;C:\Program Files\Java\javafx-sdk-11.0.2\lib\javafx.media.jar;C:\Program Files\Java\javafx-sdk-11.0.2\lib\javafx.swing.jar;C:\Program Files\Java\javafx-sdk-11.0.2\lib\javafx.web.jar;C:\Program Files\Java\javafx-sdk-11.0.2\lib\javafx-swt.jar;C:\Users\Burapa\Documents\NetBeansProjects\CardGame\build\empty -s C:\Users\Burapa\Documents\NetBeansProjects\CardGame\build\generated-sources\ap-source-output -source 15 --module-path C:\Program Files\Java\javafx-sdk-11.0.2\lib\javafx-swt.jar;C:\Program Files\Java\javafx-sdk-11.0.2\lib\javafx.base.jar;C:\Program Files\Java\javafx-sdk-11.0.2\lib\javafx.controls.jar;C:\Program Files\Java\javafx-sdk-11.0.2\lib\javafx.fxml.jar;C:\Program Files\Java\javafx-sdk-11.0.2\lib\javafx.graphics.jar;C:\Program Files\Java\javafx-sdk-11.0.2\lib\javafx.media.jar;C:\Program Files\Java\javafx-sdk-11.0.2\lib\javafx.swing.jar;C:\Program Files\Java\javafx-sdk-11.0.2\lib\javafx.web.jar C:\Users\Burapa\Documents\NetBeansProj
java_class_path (initial): <not set>
Launcher Type: SUN_STANDARD

[Global flags]
     intx CICompilerCount                          = 4                                         {product} {ergonomic}
     uint ConcGCThreads                            = 2                                         {product} {ergonomic}
     uint G1ConcRefinementThreads                  = 8                                         {product} {ergonomic}
   size_t G1HeapRegionSize                         = 1048576                                   {product} {ergonomic}
    uintx GCDrainStackTargetSize                   = 64                                        {product} {ergonomic}
   size_t InitialHeapSize                          = 8388608                                   {product} {command line}
   size_t MarkStackSize                            = 4194304                                   {product} {ergonomic}
   size_t MaxHeapSize                              = 2099249152                                {product} {ergonomic}
   size_t MaxNewSize                               = 1259339776                                {product} {ergonomic}
   size_t MinHeapDeltaBytes                        = 1048576                                   {product} {ergonomic}
   size_t MinHeapSize                              = 8388608                                   {product} {command line}
    uintx NonNMethodCodeHeapSize                   = 5839372                                {pd product} {ergonomic}
    uintx NonProfiledCodeHeapSize                  = 122909434                              {pd product} {ergonomic}
    uintx ProfiledCodeHeapSize                     = 122909434                              {pd product} {ergonomic}
    uintx ReservedCodeCacheSize                    = 251658240                              {pd product} {ergonomic}
     bool SegmentedCodeCache                       = true                                      {product} {ergonomic}
   size_t SoftMaxHeapSize                          = 2099249152                             {manageable} {ergonomic}
     bool UseCompressedClassPointers               = true                                 {lp64_product} {ergonomic}
     bool UseCompressedOops                        = true                                 {lp64_product} {ergonomic}
     bool UseG1GC                                  = true                                      {product} {ergonomic}
     bool UseLargePagesIndividualAllocation        = false                                  {pd product} {ergonomic}

Logging:
Log output configuration:
 #0: stdout all=warning uptime,level,tags
 #1: stderr all=off uptime,level,tags

Environment Variables:
PATH=C:\Program Files\Common Files\Oracle\Java\javapath;C:\WINDOWS\system32;C:\WINDOWS;C:\WINDOWS\System32\Wbem;C:\WINDOWS\System32\WindowsPowerShell\v1.0\;C:\WINDOWS\System32\OpenSSH\;C:\Cadence\Orcad_9.2.3\tools\Capture;C:\Cadence\Orcad_9.2.3\tools\bin;C:\Cadence\Orcad_9.2.3\tools\jre\bin;C:\Cadence\Orcad_9.2.3\tools\fet\bin;C:\Cadence\Orcad_9.2.3\tools\specctra\bin;C:\Users\Burapa\AppData\Local\Microsoft\WindowsApps;
USERNAME=Burapa
OS=Windows_NT
PROCESSOR_IDENTIFIER=AMD64 Family 23 Model 24 Stepping 1, AuthenticAMD



---------------  S Y S T E M  ---------------

OS:
 Windows 10 , 64 bit Build 19041 (10.0.19041.928)
OS uptime: 2 days 1:47 hours

CPU: total 8 (initial active 8) (8 cores per cpu, 2 threads per core) family 23 model 24 stepping 1 microcode 0x0, cmov, cx8, fxsr, mmx, sse, sse2, sse3, ssse3, sse4.1, sse4.2, popcnt, vzeroupper, avx, avx2, aes, clmul, 3dnowpref, lzcnt, sse4a, ht, tsc, tscinvbit, tscinv, bmi1, bmi2, adx, sha, fma, clflush, clflushopt

Memory: 4k page, system-wide physical 8000M (1055M free)
TotalPageFile size 32576M (AvailPageFile size 5M)
current process WorkingSet (physical memory assigned to process): 134M, peak: 134M
current process commit charge ("private bytes"): 182M, peak: 183M

vm_info: Java HotSpot(TM) 64-Bit Server VM (15.0.2+7-27) for windows-amd64 JRE (15.0.2+7-27), built on Dec  7 2020 20:07:01 by "mach5one" with unknown MS VC++:1925

END.
