#
# There is insufficient memory for the Java Runtime Environment to continue.
# Native memory allocation (mmap) failed to map 8388608 bytes for G1 virtual space
# Possible reasons:
#   The system is out of physical RAM or swap space
#   The process is running with CompressedOops enabled, and the Java Heap may be blocking the growth of the native heap
# Possible solutions:
#   Reduce memory load on the system
#   Increase physical memory or swap space
#   Check if swap backing store is full
#   Decrease Java heap size (-Xmx/-Xms)
#   Decrease number of Java threads
#   Decrease Java thread stack sizes (-Xss)
#   Set larger code cache with -XX:ReservedCodeCacheSize=
#   JVM is running with Unscaled Compressed Oops mode in which the Java heap is
#     placed in the first 4GB address space. The Java Heap base address is the
#     maximum limit for the native heap growth. Please use -XX:HeapBaseMinAddress
#     to set the Java Heap base and to place the Java Heap above 4GB virtual address.
# This output file may be truncated or incomplete.
#
#  Out of Memory Error (./open/src/hotspot/os/windows/os_windows.cpp:3321), pid=28280, tid=27216
#
# JRE version: Java(TM) SE Runtime Environment (15.0.2+7) (build 15.0.2+7-27)
# Java VM: Java HotSpot(TM) 64-Bit Server VM (15.0.2+7-27, mixed mode, sharing, tiered, compressed oops, g1 gc, windows-amd64)
# No core dump will be written. Minidumps are not enabled by default on client versions of Windows
#

---------------  S U M M A R Y ------------

Command Line: -Dapplication.home=C:\Program Files\Java\jdk-15.0.2 --add-modules=ALL-DEFAULT -Xms8m -Djdk.module.main=jdk.compiler jdk.compiler/com.sun.tools.javac.Main -d C:\Users\Burapa\Documents\NetBeansProjects\CardGame\build\classes -classpath C:\Users\Burapa\Documents\NetBeansProjects\CardGame\build\classes;C:\Program Files\Java\javafx-sdk-11.0.2\lib\javafx.base.jar;C:\Program Files\Java\javafx-sdk-11.0.2\lib\javafx.controls.jar;C:\Program Files\Java\javafx-sdk-11.0.2\lib\javafx.fxml.jar;C:\Program Files\Java\javafx-sdk-11.0.2\lib\javafx.graphics.jar;C:\Program Files\Java\javafx-sdk-11.0.2\lib\javafx.media.jar;C:\Program Files\Java\javafx-sdk-11.0.2\lib\javafx.swing.jar;C:\Program Files\Java\javafx-sdk-11.0.2\lib\javafx.web.jar;C:\Program Files\Java\javafx-sdk-11.0.2\lib\javafx-swt.jar -sourcepath C:\Users\Burapa\Documents\NetBeansProjects\CardGame\src -target 15 -encoding UTF-8 -g -processorpath C:\Program Files\Java\javafx-sdk-11.0.2\lib\javafx.base.jar;C:\Program Files\Java\javafx-sdk-11.0.2\lib\javafx.controls.jar;C:\Program Files\Java\javafx-sdk-11.0.2\lib\javafx.fxml.jar;C:\Program Files\Java\javafx-sdk-11.0.2\lib\javafx.graphics.jar;C:\Program Files\Java\javafx-sdk-11.0.2\lib\javafx.media.jar;C:\Program Files\Java\javafx-sdk-11.0.2\lib\javafx.swing.jar;C:\Program Files\Java\javafx-sdk-11.0.2\lib\javafx.web.jar;C:\Program Files\Java\javafx-sdk-11.0.2\lib\javafx-swt.jar;C:\Users\Burapa\Documents\NetBeansProjects\CardGame\build\empty -s C:\Users\Burapa\Documents\NetBeansProjects\CardGame\build\generated-sources\ap-source-output -source 15 --module-path C:\Program Files\Java\javafx-sdk-11.0.2\lib\javafx-swt.jar;C:\Program Files\Java\javafx-sdk-11.0.2\lib\javafx.base.jar;C:\Program Files\Java\javafx-sdk-11.0.2\lib\javafx.controls.jar;C:\Program Files\Java\javafx-sdk-11.0.2\lib\javafx.fxml.jar;C:\Program Files\Java\javafx-sdk-11.0.2\lib\javafx.graphics.jar;C:\Program Files\Java\javafx-sdk-11.0.2\lib\javafx.media.jar;C:\Program Files\Java\javafx-sdk-11.0.2\lib\javafx.swing.jar;C:\Program Files\Java\javafx-sdk-11.0.2\lib\javafx.web.jar C:\Users\Burapa\Documents\NetBeansProjects\CardGame\src\cardgame\CardGame.java

Host: AMD Ryzen 7 3750H with Radeon Vega Mobile Gfx  , 8 cores, 7G,  Windows 10 , 64 bit Build 19041 (10.0.19041.928)
Time: Sat May  1 23:06:45 2021 SE Asia Standard Time elapsed time: 1.067167 seconds (0d 0h 0m 1s)

---------------  T H R E A D  ---------------

Current thread (0x0000025fc5a10d90):  VMThread "VM Thread" [stack: 0x00000088cb000000,0x00000088cb100000] [id=27216]

Stack: [0x00000088cb000000,0x00000088cb100000]
[error occurred during error reporting (printing stack bounds), id 0xc0000005, EXCEPTION_ACCESS_VIOLATION (0xc0000005) at pc=0x0000025faf2710ad]

Native frames: (J=compiled Java code, j=interpreted, Vv=VM code, C=native code)
V  [jvm.dll+0x62ae9a]
V  [jvm.dll+0x7817a9]
V  [jvm.dll+0x782f03]
V  [jvm.dll+0x7834c5]
V  [jvm.dll+0x78347b]
V  [jvm.dll+0x62a2b9]
V  [jvm.dll+0x62aa88]
C  [ntdll.dll+0xa207f]
C  [ntdll.dll+0x51454]
C  [ntdll.dll+0xa0bae]
C  0x0000025faf2710ad

VM_Operation (0x00000088caafd840): G1CollectForAllocation, mode: safepoint, requested by thread 0x0000025fa70372d0


---------------  P R O C E S S  ---------------

Threads class SMR info:
_java_thread_list=0x0000025fc6939e30, length=13, elements={
0x0000025fa70372d0, 0x0000025fc5a14530, 0x0000025fc5a15010, 0x0000025fc5a32080,
0x0000025fc5a34a50, 0x0000025fc5a35410, 0x0000025fc5a371c0, 0x0000025fc5a489d0,
0x0000025fc5a5beb0, 0x0000025fc59fa980, 0x0000025fc64c2180, 0x0000025fc6649c40,
0x0000025fc6cdbd40
}

Java Threads: ( => current thread )
  0x0000025fa70372d0 JavaThread "main" [_thread_blocked, id=19372, stack(0x00000088caa00000,0x00000088cab00000)]
  0x0000025fc5a14530 JavaThread "Reference Handler" daemon [_thread_blocked, id=28520, stack(0x00000088cb100000,0x00000088cb200000)]
  0x0000025fc5a15010 JavaThread "Finalizer" daemon [_thread_blocked, id=28268, stack(0x00000088cb200000,0x00000088cb300000)]
  0x0000025fc5a32080 JavaThread "Signal Dispatcher" daemon [_thread_blocked, id=19584, stack(0x00000088cb300000,0x00000088cb400000)]
  0x0000025fc5a34a50 JavaThread "Attach Listener" daemon [_thread_blocked, id=21288, stack(0x00000088cb400000,0x00000088cb500000)]
  0x0000025fc5a35410 JavaThread "Service Thread" daemon [_thread_blocked, id=25168, stack(0x00000088cb500000,0x00000088cb600000)]
  0x0000025fc5a371c0 JavaThread "C2 CompilerThread0" daemon [_thread_blocked, id=7828, stack(0x00000088cb600000,0x00000088cb700000)]
  0x0000025fc5a489d0 JavaThread "C1 CompilerThread0" daemon [_thread_blocked, id=28232, stack(0x00000088cb700000,0x00000088cb800000)]
  0x0000025fc5a5beb0 JavaThread "Sweeper thread" daemon [_thread_blocked, id=27532, stack(0x00000088cb800000,0x00000088cb900000)]
  0x0000025fc59fa980 JavaThread "Common-Cleaner" daemon [_thread_blocked, id=28260, stack(0x00000088cb900000,0x00000088cba00000)]
  0x0000025fc64c2180 JavaThread "Notification Thread" daemon [_thread_blocked, id=28316, stack(0x00000088cba00000,0x00000088cbb00000)]
  0x0000025fc6649c40 JavaThread "C2 CompilerThread1" daemon [_thread_blocked, id=23096, stack(0x00000088cbd00000,0x00000088cbe00000)]
  0x0000025fc6cdbd40 JavaThread "C2 CompilerThread2" daemon [_thread_in_native, id=27140, stack(0x00000088cbe00000,0x00000088cbf00000)]

Other Threads:
=>0x0000025fc5a10d90 VMThread "VM Thread" [stack: 0x00000088cb000000,0x00000088cb100000] [id=27216]
  0x0000025fc64c3660 WatcherThread [stack: 0x00000088cbb00000,0x00000088cbc00000] [id=26680]
  0x0000025fa70b1f30 GCTaskThread "GC Thread#0" [stack: 0x00000088cab00000,0x00000088cac00000] [id=28044]
  0x0000025fc65085a0 GCTaskThread "GC Thread#1" [stack: 0x00000088cbc00000,0x00000088cbd00000] [id=27120]
  0x0000025fa70c5a80 ConcurrentGCThread "G1 Main Marker" [stack: 0x00000088cac00000,0x00000088cad00000] [id=20312]
  0x0000025fa70c6d20 ConcurrentGCThread "G1 Conc#0" [stack: 0x00000088cad00000,0x00000088cae00000] [id=27936]
  0x0000025fc6509bf0 ConcurrentGCThread "G1 Conc#1" [stack: 0x00000088cbf00000,0x00000088cc000000] [id=28012]
  0x0000025fa70d29c0 ConcurrentGCThread "G1 Refine#0" [stack: 0x00000088cae00000,0x00000088caf00000] [id=24460]
  0x0000025fa70d34d0 ConcurrentGCThread "G1 Young RemSet Sampling" [stack: 0x00000088caf00000,0x00000088cb000000] [id=27084]

Threads with active compile tasks:
C2 CompilerThread0     1077 1438       4       java.lang.String::substring (58 bytes)
C2 CompilerThread1     1077 1435       4       jdk.internal.jimage.ImageStringsReader::stringFromByteBuffer (28 bytes)
C2 CompilerThread2     1077 1183   !   4       java.nio.file.FileTreeWalker::next (144 bytes)

VM state: at safepoint (normal execution)

VM Mutex/Monitor currently owned by a thread:  ([mutex/lock_event])
[0x0000025fa70336a0] Threads_lock - owner thread: 0x0000025fc5a10d90
[0x0000025fa7032bf0] Heap_lock - owner thread: 0x0000025fa70372d0

Heap address: 0x0000000082e00000, size: 2002 MB, Compressed Oops mode: 32-bit
CDS archive(s) mapped at: [0x0000000800000000-0x0000000800b50000-0x0000000800b50000), size 11862016, SharedBaseAddress: 0x0000000800000000, ArchiveRelocationMode: 0.
Compressed class space mapped at: 0x0000000800b50000-0x0000000840b50000, size: 1073741824
Narrow klass base: 0x0000000800000000, Narrow klass shift: 3, Narrow klass range: 0x100000000

GC Precious Log:
 CPUs: 8 total, 8 available
 Memory: 8000M
 Large Page Support: Disabled
 NUMA Support: Disabled
 Compressed Oops: Enabled (32-bit)
 Heap Region Size: 1M
 Heap Min Capacity: 8M
 Heap Initial Capacity: 8M
 Heap Max Capacity: 2002M
 Pre-touch: Disabled
 Parallel Workers: 8
 Concurrent Workers: 2
 Concurrent Refinement Workers: 8
 Periodic GC: Disabled

Heap:
 garbage-first heap   total 24576K, used 7829K [0x0000000082e00000, 0x0000000100000000)
  region size 1024K, 1 young (1024K), 1 survivors (1024K)
 Metaspace       used 9361K, capacity 11594K, committed 11776K, reserved 1060864K
  class space    used 1052K, capacity 1266K, committed 1280K, reserved 1048576K

Heap Regions: E=young(eden), S=young(survivor), O=old, HS=humongous(starts), HC=humongous(continues), CS=collection set, F=free, OA=open archive, CA=closed archive, TAMS=top-at-mark-start (previous, next)
|   0|0x0000000082e00000, 0x0000000082f00000, 0x0000000082f00000|100%| O|  |TAMS 0x0000000082f00000, 0x0000000082f00000| Untracked 
|   1|0x0000000082f00000, 0x0000000083000000, 0x0000000083000000|100%| O|  |TAMS 0x0000000083000000, 0x0000000083000000| Untracked 
|   2|0x0000000083000000, 0x0000000083100000, 0x0000000083100000|100%| O|  |TAMS 0x0000000083100000, 0x0000000083100000| Untracked 
|   3|0x0000000083100000, 0x0000000083200000, 0x0000000083200000|100%| O|  |TAMS 0x0000000083200000, 0x0000000083200000| Untracked 
|   4|0x0000000083200000, 0x0000000083300000, 0x0000000083300000|100%| O|  |TAMS 0x0000000083300000, 0x0000000083300000| Untracked 
|   5|0x0000000083300000, 0x0000000083400000, 0x0000000083400000|100%| O|  |TAMS 0x000000008334dc00, 0x0000000083400000| Untracked 
|   6|0x0000000083400000, 0x0000000083500000, 0x0000000083500000|100%| O|  |TAMS 0x0000000083400000, 0x0000000083500000| Untracked 
|   7|0x0000000083500000, 0x000000008351c800, 0x0000000083600000| 11%| O|  |TAMS 0x0000000083500000, 0x000000008351c800| Untracked 
|   8|0x0000000083600000, 0x0000000083600000, 0x0000000083700000|  0%| F|  |TAMS 0x0000000083600000, 0x0000000083600000| Untracked 
|   9|0x0000000083700000, 0x0000000083700000, 0x0000000083800000|  0%| F|  |TAMS 0x0000000083700000, 0x0000000083700000| Untracked 
|  10|0x0000000083800000, 0x0000000083800000, 0x0000000083900000|  0%| F|  |TAMS 0x0000000083800000, 0x0000000083800000| Untracked 
|  11|0x0000000083900000, 0x0000000083900000, 0x0000000083a00000|  0%| F|  |TAMS 0x0000000083900000, 0x0000000083900000| Untracked 
|  12|0x0000000083a00000, 0x0000000083a88c10, 0x0000000083b00000| 53%| S|CS|TAMS 0x0000000083a00000, 0x0000000083a00000| Complete 
|  13|0x0000000083b00000, 0x0000000083b00000, 0x0000000083c00000|  0%| F|  |TAMS 0x0000000083b00000, 0x0000000083b00000| Untracked 
|  14|0x0000000083c00000, 0x0000000083c00000, 0x0000000083d00000|  0%| F|  |TAMS 0x0000000083c00000, 0x0000000083c00000| Untracked 
|  15|0x0000000083d00000, 0x0000000083d00000, 0x0000000083e00000|  0%| F|  |TAMS 0x0000000083d00000, 0x0000000083d00000| Untracked 

Card table byte_map: [0x0000025fbe990000,0x0000025fbed80000] _byte_map_base: 0x0000025fbe579000

Marking Bits (Prev, Next): (CMBitMap*) 0x0000025fa70b4690, (CMBitMap*) 0x0000025fa70b4650
 Prev Bits: [0x0000025fc10c0000, 0x0000025fc3008000)
 Next Bits: [0x0000025fbf170000, 0x0000025fc10b8000)

Polling page: 0x0000025fa4e70000

Metaspace:

Usage:
  Non-class:     10.09 MB capacity,     8.11 MB ( 80%) used,     1.96 MB ( 19%) free+waste,    10.62 KB ( <1%) overhead. 
      Class:      1.24 MB capacity,     1.03 MB ( 83%) used,   209.55 KB ( 17%) free+waste,     4.31 KB ( <1%) overhead. 
       Both:     11.32 MB capacity,     9.14 MB ( 81%) used,     2.17 MB ( 19%) free+waste,    14.94 KB ( <1%) overhead. 

Virtual space:
  Non-class space:       12.00 MB reserved,      10.25 MB ( 85%) committed 
      Class space:        1.00 GB reserved,       1.25 MB ( <1%) committed 
             Both:        1.01 GB reserved,      11.50 MB (  1%) committed 

Chunk freelists:
   Non-Class:  40.00 KB
       Class:  14.00 KB
        Both:  54.00 KB

MaxMetaspaceSize: 17179869184.00 GB
CompressedClassSpaceSize: 1.00 GB

CodeHeap 'non-profiled nmethods': size=120000Kb used=523Kb max_used=523Kb free=119476Kb
 bounds [0x0000025fb6d40000, 0x0000025fb6fb0000, 0x0000025fbe270000]
CodeHeap 'profiled nmethods': size=120000Kb used=2694Kb max_used=2694Kb free=117305Kb
 bounds [0x0000025faf810000, 0x0000025fafac0000, 0x0000025fb6d40000]
CodeHeap 'non-nmethods': size=5760Kb used=1161Kb max_used=1205Kb free=4599Kb
 bounds [0x0000025faf270000, 0x0000025faf4e0000, 0x0000025faf810000]
 total_blobs=1850 nmethods=1434 adapters=329
 compilation: enabled
              stopped_count=0, restarted_count=0
 full_count=0

Compilation events (20 events):
Event: 1.052 Thread 0x0000025fc5a489d0 1426       3       javax.tools.JavaFileManager$Location::isModuleOrientedLocation (12 bytes)
Event: 1.052 Thread 0x0000025fc5a489d0 nmethod 1426 0x0000025fafaad290 code [0x0000025fafaad480, 0x0000025fafaad8f8]
Event: 1.052 Thread 0x0000025fc5a489d0 1427       3       java.lang.String::matches (6 bytes)
Event: 1.053 Thread 0x0000025fc5a489d0 nmethod 1427 0x0000025fafaadb10 code [0x0000025fafaadce0, 0x0000025fafaae028]
Event: 1.053 Thread 0x0000025fc5a489d0 1428       3       java.util.regex.Pattern::matches (16 bytes)
Event: 1.053 Thread 0x0000025fc5a489d0 nmethod 1428 0x0000025fafaae210 code [0x0000025fafaae3e0, 0x0000025fafaae6c8]
Event: 1.053 Thread 0x0000025fc5a489d0 1422       3       com.sun.tools.javac.file.JavacFileManager::getLocationAsPaths (14 bytes)
Event: 1.053 Thread 0x0000025fc5a489d0 nmethod 1422 0x0000025fafaae810 code [0x0000025fafaaea00, 0x0000025fafaaee88]
Event: 1.053 Thread 0x0000025fc5a489d0 1420       3       com.sun.tools.javac.util.Assert::checkNonNull (18 bytes)
Event: 1.053 Thread 0x0000025fc5a489d0 nmethod 1420 0x0000025fafaaf090 code [0x0000025fafaaf260, 0x0000025fafaaf678]
Event: 1.054 Thread 0x0000025fc5a489d0 1433       3       java.lang.invoke.DirectMethodHandle::preparedLambdaForm (248 bytes)
Event: 1.054 Thread 0x0000025fc5a371c0 1434       4       java.lang.invoke.MemberName::getReferenceKind (12 bytes)
Event: 1.054 Thread 0x0000025fc6649c40 1435       4       jdk.internal.jimage.ImageStringsReader::stringFromByteBuffer (28 bytes)
Event: 1.054 Thread 0x0000025fc5a371c0 nmethod 1434 0x0000025fb6dc2c10 code [0x0000025fb6dc2d80, 0x0000025fb6dc2df8]
Event: 1.055 Thread 0x0000025fc5a489d0 nmethod 1433 0x0000025fafaaf810 code [0x0000025fafaafb00, 0x0000025fafab0ab8]
Event: 1.059 Thread 0x0000025fc5a489d0 1436       3       com.sun.tools.javac.code.Kinds$KindSelector::contains (18 bytes)
Event: 1.059 Thread 0x0000025fc5a489d0 nmethod 1436 0x0000025fafab1090 code [0x0000025fafab1220, 0x0000025fafab1398]
Event: 1.059 Thread 0x0000025fc5a489d0 1437       3       com.sun.tools.javac.util.Convert::utf2chars (135 bytes)
Event: 1.059 Thread 0x0000025fc5a489d0 nmethod 1437 0x0000025fafab1490 code [0x0000025fafab1640, 0x0000025fafab1958]
Event: 1.059 Thread 0x0000025fc5a371c0 1438       4       java.lang.String::substring (58 bytes)

GC Heap History (20 events):
Event: 0.637 GC heap after
{Heap after GC invocations=7 (full 0):
 garbage-first heap   total 10240K, used 3909K [0x0000000082e00000, 0x0000000100000000)
  region size 1024K, 1 young (1024K), 1 survivors (1024K)
 Metaspace       used 8189K, capacity 11113K, committed 11264K, reserved 1058816K
  class space    used 924K, capacity 1191K, committed 1280K, reserved 1048576K
}
Event: 0.699 GC heap before
{Heap before GC invocations=7 (full 0):
 garbage-first heap   total 10240K, used 4933K [0x0000000082e00000, 0x0000000100000000)
  region size 1024K, 2 young (2048K), 1 survivors (1024K)
 Metaspace       used 8682K, capacity 11337K, committed 11520K, reserved 1058816K
  class space    used 985K, capacity 1223K, committed 1280K, reserved 1048576K
}
Event: 0.701 GC heap after
{Heap after GC invocations=8 (full 0):
 garbage-first heap   total 10240K, used 4592K [0x0000000082e00000, 0x0000000100000000)
  region size 1024K, 1 young (1024K), 1 survivors (1024K)
 Metaspace       used 8682K, capacity 11337K, committed 11520K, reserved 1058816K
  class space    used 985K, capacity 1223K, committed 1280K, reserved 1048576K
}
Event: 0.723 GC heap before
{Heap before GC invocations=8 (full 0):
 garbage-first heap   total 10240K, used 5616K [0x0000000082e00000, 0x0000000100000000)
  region size 1024K, 2 young (2048K), 1 survivors (1024K)
 Metaspace       used 8699K, capacity 11343K, committed 11520K, reserved 1058816K
  class space    used 987K, capacity 1225K, committed 1280K, reserved 1048576K
}
Event: 0.725 GC heap after
{Heap after GC invocations=9 (full 0):
 garbage-first heap   total 13312K, used 5074K [0x0000000082e00000, 0x0000000100000000)
  region size 1024K, 1 young (1024K), 1 survivors (1024K)
 Metaspace       used 8699K, capacity 11343K, committed 11520K, reserved 1058816K
  class space    used 987K, capacity 1225K, committed 1280K, reserved 1048576K
}
Event: 0.753 GC heap before
{Heap before GC invocations=9 (full 0):
 garbage-first heap   total 13312K, used 6098K [0x0000000082e00000, 0x0000000100000000)
  region size 1024K, 2 young (2048K), 1 survivors (1024K)
 Metaspace       used 8740K, capacity 11343K, committed 11520K, reserved 1058816K
  class space    used 988K, capacity 1225K, committed 1280K, reserved 1048576K
}
Event: 0.754 GC heap after
{Heap after GC invocations=10 (full 0):
 garbage-first heap   total 13312K, used 4967K [0x0000000082e00000, 0x0000000100000000)
  region size 1024K, 1 young (1024K), 1 survivors (1024K)
 Metaspace       used 8740K, capacity 11343K, committed 11520K, reserved 1058816K
  class space    used 988K, capacity 1225K, committed 1280K, reserved 1048576K
}
Event: 0.810 GC heap before
{Heap before GC invocations=10 (full 0):
 garbage-first heap   total 13312K, used 5991K [0x0000000082e00000, 0x0000000100000000)
  region size 1024K, 2 young (2048K), 1 survivors (1024K)
 Metaspace       used 8886K, capacity 11407K, committed 11520K, reserved 1058816K
  class space    used 998K, capacity 1225K, committed 1280K, reserved 1048576K
}
Event: 0.812 GC heap after
{Heap after GC invocations=11 (full 0):
 garbage-first heap   total 13312K, used 5428K [0x0000000082e00000, 0x0000000100000000)
  region size 1024K, 1 young (1024K), 1 survivors (1024K)
 Metaspace       used 8886K, capacity 11407K, committed 11520K, reserved 1058816K
  class space    used 998K, capacity 1225K, committed 1280K, reserved 1048576K
}
Event: 0.848 GC heap before
{Heap before GC invocations=11 (full 0):
 garbage-first heap   total 13312K, used 5428K [0x0000000082e00000, 0x0000000100000000)
  region size 1024K, 2 young (2048K), 1 survivors (1024K)
 Metaspace       used 8905K, capacity 11407K, committed 11520K, reserved 1058816K
  class space    used 998K, capacity 1225K, committed 1280K, reserved 1048576K
}
Event: 0.850 GC heap after
{Heap after GC invocations=12 (full 0):
 garbage-first heap   total 13312K, used 5519K [0x0000000082e00000, 0x0000000100000000)
  region size 1024K, 1 young (1024K), 1 survivors (1024K)
 Metaspace       used 8905K, capacity 11407K, committed 11520K, reserved 1058816K
  class space    used 998K, capacity 1225K, committed 1280K, reserved 1048576K
}
Event: 0.855 GC heap before
{Heap before GC invocations=12 (full 0):
 garbage-first heap   total 13312K, used 6543K [0x0000000082e00000, 0x0000000100000000)
  region size 1024K, 2 young (2048K), 1 survivors (1024K)
 Metaspace       used 8905K, capacity 11407K, committed 11520K, reserved 1058816K
  class space    used 998K, capacity 1225K, committed 1280K, reserved 1048576K
}
Event: 0.857 GC heap after
{Heap after GC invocations=13 (full 0):
 garbage-first heap   total 16384K, used 6315K [0x0000000082e00000, 0x0000000100000000)
  region size 1024K, 1 young (1024K), 1 survivors (1024K)
 Metaspace       used 8905K, capacity 11407K, committed 11520K, reserved 1058816K
  class space    used 998K, capacity 1225K, committed 1280K, reserved 1048576K
}
Event: 0.901 GC heap before
{Heap before GC invocations=14 (full 0):
 garbage-first heap   total 16384K, used 7339K [0x0000000082e00000, 0x0000000100000000)
  region size 1024K, 3 young (3072K), 1 survivors (1024K)
 Metaspace       used 8946K, capacity 11407K, committed 11520K, reserved 1058816K
  class space    used 999K, capacity 1225K, committed 1280K, reserved 1048576K
}
Event: 0.902 GC heap after
{Heap after GC invocations=15 (full 0):
 garbage-first heap   total 16384K, used 6478K [0x0000000082e00000, 0x0000000100000000)
  region size 1024K, 1 young (1024K), 1 survivors (1024K)
 Metaspace       used 8946K, capacity 11407K, committed 11520K, reserved 1058816K
  class space    used 999K, capacity 1225K, committed 1280K, reserved 1048576K
}
Event: 0.966 GC heap before
{Heap before GC invocations=15 (full 0):
 garbage-first heap   total 16384K, used 8526K [0x0000000082e00000, 0x0000000100000000)
  region size 1024K, 3 young (3072K), 1 survivors (1024K)
 Metaspace       used 9098K, capacity 11454K, committed 11520K, reserved 1058816K
  class space    used 1023K, capacity 1262K, committed 1280K, reserved 1048576K
}
Event: 0.969 GC heap after
{Heap after GC invocations=16 (full 0):
 garbage-first heap   total 16384K, used 7298K [0x0000000082e00000, 0x0000000100000000)
  region size 1024K, 1 young (1024K), 1 survivors (1024K)
 Metaspace       used 9098K, capacity 11454K, committed 11520K, reserved 1058816K
  class space    used 1023K, capacity 1262K, committed 1280K, reserved 1048576K
}
Event: 1.021 GC heap before
{Heap before GC invocations=16 (full 0):
 garbage-first heap   total 16384K, used 9346K [0x0000000082e00000, 0x0000000100000000)
  region size 1024K, 3 young (3072K), 1 survivors (1024K)
 Metaspace       used 9262K, capacity 11527K, committed 11776K, reserved 1060864K
  class space    used 1045K, capacity 1265K, committed 1280K, reserved 1048576K
}
Event: 1.024 GC heap after
{Heap after GC invocations=17 (full 0):
 garbage-first heap   total 16384K, used 7705K [0x0000000082e00000, 0x0000000100000000)
  region size 1024K, 1 young (1024K), 1 survivors (1024K)
 Metaspace       used 9262K, capacity 11527K, committed 11776K, reserved 1060864K
  class space    used 1045K, capacity 1265K, committed 1280K, reserved 1048576K
}
Event: 1.060 GC heap before
{Heap before GC invocations=17 (full 0):
 garbage-first heap   total 16384K, used 9753K [0x0000000082e00000, 0x0000000100000000)
  region size 1024K, 3 young (3072K), 1 survivors (1024K)
 Metaspace       used 9361K, capacity 11594K, committed 11776K, reserved 1060864K
  class space    used 1052K, capacity 1266K, committed 1280K, reserved 1048576K
}

Deoptimization events (20 events):
Event: 1.026 Thread 0x0000025fa70372d0 Uncommon trap: trap_request=0xffffffbe fr.pc=0x0000025fb6dbc548 relative=0x0000000000000a68
Event: 1.026 Thread 0x0000025fa70372d0 Uncommon trap: reason=profile_predicate action=maybe_recompile pc=0x0000025fb6dbc548 method=jdk.internal.jimage.ImageStringsReader.charsFromByteBuffer([CLjava/nio/ByteBuffer;)V @ 6 c2
Event: 1.026 Thread 0x0000025fa70372d0 DEOPT PACKING pc=0x0000025fb6dbc548 sp=0x00000088caafe2a0
Event: 1.026 Thread 0x0000025fa70372d0 DEOPT UNPACKING pc=0x0000025faf2be42f sp=0x00000088caafe178 mode 2
Event: 1.026 Thread 0x0000025fa70372d0 Uncommon trap: trap_request=0xffffffbe fr.pc=0x0000025fb6dbc548 relative=0x0000000000000a68
Event: 1.026 Thread 0x0000025fa70372d0 Uncommon trap: reason=profile_predicate action=maybe_recompile pc=0x0000025fb6dbc548 method=jdk.internal.jimage.ImageStringsReader.charsFromByteBuffer([CLjava/nio/ByteBuffer;)V @ 6 c2
Event: 1.026 Thread 0x0000025fa70372d0 DEOPT PACKING pc=0x0000025fb6dbc548 sp=0x00000088caafe2a0
Event: 1.026 Thread 0x0000025fa70372d0 DEOPT UNPACKING pc=0x0000025faf2be42f sp=0x00000088caafe178 mode 2
Event: 1.026 Thread 0x0000025fa70372d0 Uncommon trap: trap_request=0xffffffbe fr.pc=0x0000025fb6dbc548 relative=0x0000000000000a68
Event: 1.026 Thread 0x0000025fa70372d0 Uncommon trap: reason=profile_predicate action=maybe_recompile pc=0x0000025fb6dbc548 method=jdk.internal.jimage.ImageStringsReader.charsFromByteBuffer([CLjava/nio/ByteBuffer;)V @ 6 c2
Event: 1.026 Thread 0x0000025fa70372d0 DEOPT PACKING pc=0x0000025fb6dbc548 sp=0x00000088caafe2a0
Event: 1.026 Thread 0x0000025fa70372d0 DEOPT UNPACKING pc=0x0000025faf2be42f sp=0x00000088caafe178 mode 2
Event: 1.026 Thread 0x0000025fa70372d0 Uncommon trap: trap_request=0xffffffbe fr.pc=0x0000025fb6dbc548 relative=0x0000000000000a68
Event: 1.026 Thread 0x0000025fa70372d0 Uncommon trap: reason=profile_predicate action=maybe_recompile pc=0x0000025fb6dbc548 method=jdk.internal.jimage.ImageStringsReader.charsFromByteBuffer([CLjava/nio/ByteBuffer;)V @ 6 c2
Event: 1.026 Thread 0x0000025fa70372d0 DEOPT PACKING pc=0x0000025fb6dbc548 sp=0x00000088caafe2a0
Event: 1.026 Thread 0x0000025fa70372d0 DEOPT UNPACKING pc=0x0000025faf2be42f sp=0x00000088caafe178 mode 2
Event: 1.051 Thread 0x0000025fa70372d0 Uncommon trap: trap_request=0xffffffbe fr.pc=0x0000025fb6dbdf2c relative=0x00000000000008ec
Event: 1.051 Thread 0x0000025fa70372d0 Uncommon trap: reason=profile_predicate action=maybe_recompile pc=0x0000025fb6dbdf2c method=jdk.internal.jimage.ImageStringsReader.charsFromByteBuffer([CLjava/nio/ByteBuffer;)V @ 6 c2
Event: 1.051 Thread 0x0000025fa70372d0 DEOPT PACKING pc=0x0000025fb6dbdf2c sp=0x00000088caafa770
Event: 1.051 Thread 0x0000025fa70372d0 DEOPT UNPACKING pc=0x0000025faf2be42f sp=0x00000088caafa6b8 mode 2

Classes unloaded (0 events):
No events

Classes redefined (0 events):
No events

Internal exceptions (20 events):
Event: 0.432 Thread 0x0000025fa70372d0 Exception <a 'sun/nio/fs/WindowsException'{0x000000008354c308}> (0x000000008354c308) 
thrown [./open/src/hotspot/share/prims/jni.cpp, line 578]
Event: 0.434 Thread 0x0000025fa70372d0 Exception <a 'java/lang/NoSuchMethodError'{0x000000008354df40}: 'java.lang.Object java.lang.invoke.DirectMethodHandle$Holder.invokeStaticInit(java.lang.Object)'> (0x000000008354df40) 
thrown [./open/src/hotspot/share/interpreter/linkResolver.cpp, line 782]
Event: 0.608 Thread 0x0000025fa70372d0 Exception <a 'sun/nio/fs/WindowsException'{0x0000000083747678}> (0x0000000083747678) 
thrown [./open/src/hotspot/share/prims/jni.cpp, line 578]
Event: 0.608 Thread 0x0000025fa70372d0 Exception <a 'sun/nio/fs/WindowsException'{0x0000000083747bb0}> (0x0000000083747bb0) 
thrown [./open/src/hotspot/share/prims/jni.cpp, line 578]
Event: 0.609 Thread 0x0000025fa70372d0 Exception <a 'sun/nio/fs/WindowsException'{0x00000000837487e8}> (0x00000000837487e8) 
thrown [./open/src/hotspot/share/prims/jni.cpp, line 578]
Event: 0.609 Thread 0x0000025fa70372d0 Exception <a 'sun/nio/fs/WindowsException'{0x0000000083748b10}> (0x0000000083748b10) 
thrown [./open/src/hotspot/share/prims/jni.cpp, line 578]
Event: 0.631 Thread 0x0000025fa70372d0 Exception <a 'java/lang/NoSuchMethodError'{0x00000000837f8a90}: 'java.lang.Object java.lang.invoke.DirectMethodHandle$Holder.invokeInterface(java.lang.Object, java.lang.Object)'> (0x00000000837f8a90) 
thrown [./open/src/hotspot/share/interpreter/linkResolver.cpp, line 782]
Event: 0.698 Thread 0x0000025fa70372d0 Exception <a 'java/lang/NoSuchMethodError'{0x00000000837ecd60}: 'java.lang.Object java.lang.invoke.DirectMethodHandle$Holder.newInvokeSpecial(java.lang.Object, java.lang.Object, int, int)'> (0x00000000837ecd60) 
thrown [./open/src/hotspot/share/interpreter/linkResolver.cpp, line 782]
Event: 0.702 Thread 0x0000025fa70372d0 Exception <a 'java/lang/NoSuchMethodError'{0x0000000083703770}: 'java.lang.Object java.lang.invoke.DirectMethodHandle$Holder.invokeStatic(java.lang.Object, java.lang.Object, int, int)'> (0x0000000083703770) 
thrown [./open/src/hotspot/share/interpreter/linkResolver.cpp, line 782]
Event: 0.926 Thread 0x0000025fa70372d0 Exception <a 'java/lang/NoSuchMethodError'{0x0000000083d817e0}: 'java.lang.Object java.lang.invoke.DirectMethodHandle$Holder.invokeVirtual(java.lang.Object, java.lang.Object, java.lang.Object, int, int)'> (0x0000000083d817e0) 
thrown [./open/src/hotspot/share/interpreter/linkResolver.cpp, line 782]
Event: 0.927 Thread 0x0000025fa70372d0 Exception <a 'java/lang/NoSuchMethodError'{0x0000000083d889a8}: 'java.lang.Object java.lang.invoke.DirectMethodHandle$Holder.invokeVirtual(java.lang.Object, java.lang.Object, int)'> (0x0000000083d889a8) 
thrown [./open/src/hotspot/share/interpreter/linkResolver.cpp, line 782]
Event: 0.933 Thread 0x0000025fa70372d0 Exception <a 'java/lang/NoSuchMethodError'{0x0000000083da1e80}: 'java.lang.Object java.lang.invoke.DirectMethodHandle$Holder.invokeSpecial(java.lang.Object, java.lang.Object, java.lang.Object, int, int)'> (0x0000000083da1e80) 
thrown [./open/src/hotspot/share/interpreter/linkResolver.cpp, line 782]
Event: 0.974 Thread 0x0000025fa70372d0 Exception <a 'java/lang/NoSuchMethodError'{0x0000000083d29428}: 'void java.lang.invoke.DirectMethodHandle$Holder.invokeStatic(java.lang.Object, java.lang.Object)'> (0x0000000083d29428) 
thrown [./open/src/hotspot/share/interpreter/linkResolver.cpp, line 782]
Event: 0.976 Thread 0x0000025fa70372d0 Exception <a 'sun/nio/fs/WindowsException'{0x0000000083d33e50}> (0x0000000083d33e50) 
thrown [./open/src/hotspot/share/prims/jni.cpp, line 578]
Event: 0.982 Thread 0x0000025fa70372d0 Exception <a 'sun/nio/fs/WindowsException'{0x0000000083d47c30}> (0x0000000083d47c30) 
thrown [./open/src/hotspot/share/prims/jni.cpp, line 578]
Event: 1.053 Thread 0x0000025fa70372d0 Exception <a 'java/lang/NoSuchMethodError'{0x0000000083c66fe0}: 'int java.lang.invoke.DirectMethodHandle$Holder.invokeSpecial(java.lang.Object, java.lang.Object, java.lang.Object)'> (0x0000000083c66fe0) 
thrown [./open/src/hotspot/share/interpreter/linkResolver.cpp, line 782]
Event: 1.056 Thread 0x0000025fa70372d0 Exception <a 'sun/nio/fs/WindowsException'{0x0000000083c72d70}> (0x0000000083c72d70) 
thrown [./open/src/hotspot/share/prims/jni.cpp, line 578]
Event: 1.056 Thread 0x0000025fa70372d0 Exception <a 'sun/nio/fs/WindowsException'{0x0000000083c73040}> (0x0000000083c73040) 
thrown [./open/src/hotspot/share/prims/jni.cpp, line 578]
Event: 1.056 Thread 0x0000025fa70372d0 Exception <a 'sun/nio/fs/WindowsException'{0x0000000083c74030}> (0x0000000083c74030) 
thrown [./open/src/hotspot/share/prims/jni.cpp, line 578]
Event: 1.056 Thread 0x0000025fa70372d0 Exception <a 'sun/nio/fs/WindowsException'{0x0000000083c742d0}> (0x0000000083c742d0) 
thrown [./open/src/hotspot/share/prims/jni.cpp, line 578]

Events (20 events):
Event: 0.932 loading class java/util/stream/MatchOps$BooleanTerminalSink done
Event: 0.932 loading class java/util/stream/MatchOps$1MatchSink
Event: 0.932 loading class java/util/stream/MatchOps$1MatchSink done
Event: 0.966 Executing VM operation: G1CollectForAllocation
Event: 0.969 Executing VM operation: G1CollectForAllocation done
Event: 0.971 loading class java/util/RegularEnumSet$EnumSetIterator
Event: 0.971 loading class java/util/RegularEnumSet$EnumSetIterator done
Event: 0.975 loading class java/util/ComparableTimSort
Event: 0.975 loading class java/util/ComparableTimSort done
Event: 0.977 loading class sun/nio/fs/WindowsDirectoryStream$WindowsDirectoryIterator
Event: 0.978 loading class sun/nio/fs/WindowsDirectoryStream$WindowsDirectoryIterator done
Event: 0.978 loading class java/nio/file/Files$2
Event: 0.978 loading class java/nio/file/Files$2 done
Event: 0.980 loading class sun/nio/fs/WindowsPath$WindowsPathWithAttributes
Event: 0.980 loading class sun/nio/fs/WindowsPath$WindowsPathWithAttributes done
Event: 0.980 Executing VM operation: HandshakeAllThreads
Event: 0.980 Executing VM operation: HandshakeAllThreads done
Event: 1.021 Executing VM operation: G1CollectForAllocation
Event: 1.024 Executing VM operation: G1CollectForAllocation done
Event: 1.060 Executing VM operation: G1CollectForAllocation


Dynamic libraries:
0x00007ff7c9390000 - 0x00007ff7c9398000 	C:\Program Files\Java\jdk-15.0.2\bin\javac.exe
0x00007ffbf9810000 - 0x00007ffbf9a05000 	C:\WINDOWS\SYSTEM32\ntdll.dll
0x00007ffbf7fe0000 - 0x00007ffbf809d000 	C:\WINDOWS\System32\KERNEL32.DLL
0x00007ffbf7110000 - 0x00007ffbf73d8000 	C:\WINDOWS\System32\KERNELBASE.dll
0x00007ffbf75c0000 - 0x00007ffbf76c0000 	C:\WINDOWS\System32\ucrtbase.dll
0x00007ffbf10b0000 - 0x00007ffbf10c9000 	C:\Program Files\Java\jdk-15.0.2\bin\VCRUNTIME140.dll
0x00007ffbdf320000 - 0x00007ffbdf338000 	C:\Program Files\Java\jdk-15.0.2\bin\jli.dll
0x00007ffbf8e50000 - 0x00007ffbf8efc000 	C:\WINDOWS\System32\ADVAPI32.dll
0x00007ffbf8db0000 - 0x00007ffbf8e4e000 	C:\WINDOWS\System32\msvcrt.dll
0x00007ffbf8270000 - 0x00007ffbf830b000 	C:\WINDOWS\System32\sechost.dll
0x00007ffbf9180000 - 0x00007ffbf92ab000 	C:\WINDOWS\System32\RPCRT4.dll
0x00007ffbf8310000 - 0x00007ffbf84b0000 	C:\WINDOWS\System32\USER32.dll
0x00007ffbf6f50000 - 0x00007ffbf6f72000 	C:\WINDOWS\System32\win32u.dll
0x00007ffbe54e0000 - 0x00007ffbe577a000 	C:\WINDOWS\WinSxS\amd64_microsoft.windows.common-controls_6595b64144ccf1df_6.0.19041.844_none_ca00b6081b84eb1d\COMCTL32.dll
0x00007ffbf81b0000 - 0x00007ffbf81da000 	C:\WINDOWS\System32\GDI32.dll
0x00007ffbf7000000 - 0x00007ffbf710b000 	C:\WINDOWS\System32\gdi32full.dll
0x00007ffbf77d0000 - 0x00007ffbf786d000 	C:\WINDOWS\System32\msvcp_win.dll
0x00007ffbf07d0000 - 0x00007ffbf07da000 	C:\WINDOWS\SYSTEM32\VERSION.dll
0x00007ffbf9310000 - 0x00007ffbf9340000 	C:\WINDOWS\System32\IMM32.DLL
0x00007ffbf1e50000 - 0x00007ffbf1e5c000 	C:\Program Files\Java\jdk-15.0.2\bin\vcruntime140_1.dll
0x00007ffbdaf90000 - 0x00007ffbdb021000 	C:\Program Files\Java\jdk-15.0.2\bin\msvcp140.dll
0x00007ffbb64a0000 - 0x00007ffbb6ffe000 	C:\Program Files\Java\jdk-15.0.2\bin\server\jvm.dll
0x00007ffbf8c10000 - 0x00007ffbf8c18000 	C:\WINDOWS\System32\PSAPI.DLL
0x00007ffbf1f60000 - 0x00007ffbf1f69000 	C:\WINDOWS\SYSTEM32\WSOCK32.dll
0x00007ffbe5ae0000 - 0x00007ffbe5b07000 	C:\WINDOWS\SYSTEM32\WINMM.dll
0x00007ffbf9040000 - 0x00007ffbf90ab000 	C:\WINDOWS\System32\WS2_32.dll
0x00007ffbf4e90000 - 0x00007ffbf4ea2000 	C:\WINDOWS\SYSTEM32\kernel.appcore.dll
0x00007ffbf1c80000 - 0x00007ffbf1c8a000 	C:\Program Files\Java\jdk-15.0.2\bin\jimage.dll
0x00007ffbed850000 - 0x00007ffbeda34000 	C:\WINDOWS\SYSTEM32\DBGHELP.DLL
0x00007ffbed7c0000 - 0x00007ffbed7ec000 	C:\WINDOWS\SYSTEM32\dbgcore.DLL
0x00007ffbf73e0000 - 0x00007ffbf7460000 	C:\WINDOWS\System32\bcryptPrimitives.dll
0x00007ffbec160000 - 0x00007ffbec185000 	C:\Program Files\Java\jdk-15.0.2\bin\java.dll
0x00007ffbf7890000 - 0x00007ffbf7fd2000 	C:\WINDOWS\System32\SHELL32.dll
0x00007ffbf5090000 - 0x00007ffbf5821000 	C:\WINDOWS\SYSTEM32\windows.storage.dll
0x00007ffbf9340000 - 0x00007ffbf9695000 	C:\WINDOWS\System32\combase.dll
0x00007ffbf6950000 - 0x00007ffbf697c000 	C:\WINDOWS\SYSTEM32\Wldp.dll
0x00007ffbf8670000 - 0x00007ffbf871e000 	C:\WINDOWS\System32\SHCORE.dll
0x00007ffbf8f00000 - 0x00007ffbf8f55000 	C:\WINDOWS\System32\shlwapi.dll
0x00007ffbf6e90000 - 0x00007ffbf6eaf000 	C:\WINDOWS\SYSTEM32\profapi.dll
0x00007ffbec140000 - 0x00007ffbec159000 	C:\Program Files\Java\jdk-15.0.2\bin\net.dll
0x00007ffbed4c0000 - 0x00007ffbed5cb000 	C:\WINDOWS\SYSTEM32\WINHTTP.dll
0x00007ffbf66c0000 - 0x00007ffbf672a000 	C:\WINDOWS\system32\mswsock.dll
0x00007ffbec120000 - 0x00007ffbec132000 	C:\Program Files\Java\jdk-15.0.2\bin\nio.dll
0x00007ffbec100000 - 0x00007ffbec118000 	C:\Program Files\Java\jdk-15.0.2\bin\zip.dll

dbghelp: loaded successfully - version: 4.0.5 - missing functions: none
symbol engine: initialized successfully - sym options: 0x614 - pdb path: .;C:\Program Files\Java\jdk-15.0.2\bin;C:\WINDOWS\SYSTEM32;C:\WINDOWS\WinSxS\amd64_microsoft.windows.common-controls_6595b64144ccf1df_6.0.19041.844_none_ca00b6081b84eb1d;C:\Program Files\Java\jdk-15.0.2\bin\server

VM Arguments:
jvm_args: -Dapplication.home=C:\Program Files\Java\jdk-15.0.2 --add-modules=ALL-DEFAULT -Xms8m -Djdk.module.main=jdk.compiler 
java_command: jdk.compiler/com.sun.tools.javac.Main -d C:\Users\Burapa\Documents\NetBeansProjects\CardGame\build\classes -classpath C:\Users\Burapa\Documents\NetBeansProjects\CardGame\build\classes;C:\Program Files\Java\javafx-sdk-11.0.2\lib\javafx.base.jar;C:\Program Files\Java\javafx-sdk-11.0.2\lib\javafx.controls.jar;C:\Program Files\Java\javafx-sdk-11.0.2\lib\javafx.fxml.jar;C:\Program Files\Java\javafx-sdk-11.0.2\lib\javafx.graphics.jar;C:\Program Files\Java\javafx-sdk-11.0.2\lib\javafx.media.jar;C:\Program Files\Java\javafx-sdk-11.0.2\lib\javafx.swing.jar;C:\Program Files\Java\javafx-sdk-11.0.2\lib\javafx.web.jar;C:\Program Files\Java\javafx-sdk-11.0.2\lib\javafx-swt.jar -sourcepath C:\Users\Burapa\Documents\NetBeansProjects\CardGame\src -target 15 -encoding UTF-8 -g -processorpath C:\Program Files\Java\javafx-sdk-11.0.2\lib\javafx.base.jar;C:\Program Files\Java\javafx-sdk-11.0.2\lib\javafx.controls.jar;C:\Program Files\Java\javafx-sdk-11.0.2\lib\javafx.fxml.jar;C:\Program Files\Java\javafx-sdk-11.0.2\lib\javafx.graphics.jar;C:\Program Files\Java\javafx-sdk-11.0.2\lib\javafx.media.jar;C:\Program Files\Java\javafx-sdk-11.0.2\lib\javafx.swing.jar;C:\Program Files\Java\javafx-sdk-11.0.2\lib\javafx.web.jar;C:\Program Files\Java\javafx-sdk-11.0.2\lib\javafx-swt.jar;C:\Users\Burapa\Documents\NetBeansProjects\CardGame\build\empty -s C:\Users\Burapa\Documents\NetBeansProjects\CardGame\build\generated-sources\ap-source-output -source 15 --module-path C:\Program Files\Java\javafx-sdk-11.0.2\lib\javafx-swt.jar;C:\Program Files\Java\javafx-sdk-11.0.2\lib\javafx.base.jar;C:\Program Files\Java\javafx-sdk-11.0.2\lib\javafx.controls.jar;C:\Program Files\Java\javafx-sdk-11.0.2\lib\javafx.fxml.jar;C:\Program Files\Java\javafx-sdk-11.0.2\lib\javafx.graphics.jar;C:\Program Files\Java\javafx-sdk-11.0.2\lib\javafx.media.jar;C:\Program Files\Java\javafx-sdk-11.0.2\lib\javafx.swing.jar;C:\Program Files\Java\javafx-sdk-11.0.2\lib\javafx.web.jar C:\Users\Burapa\Documents\NetBeansProj
java_class_path (initial): <not set>
Launcher Type: SUN_STANDARD

[Global flags]
     intx CICompilerCount                          = 4                                         {product} {ergonomic}
     uint ConcGCThreads                            = 2                                         {product} {ergonomic}
     uint G1ConcRefinementThreads                  = 8                                         {product} {ergonomic}
   size_t G1HeapRegionSize                         = 1048576                                   {product} {ergonomic}
    uintx GCDrainStackTargetSize                   = 64                                        {product} {ergonomic}
   size_t InitialHeapSize                          = 8388608                                   {product} {command line}
   size_t MarkStackSize                            = 4194304                                   {product} {ergonomic}
   size_t MaxHeapSize                              = 2099249152                                {product} {ergonomic}
   size_t MaxNewSize                               = 1259339776                                {product} {ergonomic}
   size_t MinHeapDeltaBytes                        = 1048576                                   {product} {ergonomic}
   size_t MinHeapSize                              = 8388608                                   {product} {command line}
    uintx NonNMethodCodeHeapSize                   = 5839372                                {pd product} {ergonomic}
    uintx NonProfiledCodeHeapSize                  = 122909434                              {pd product} {ergonomic}
    uintx ProfiledCodeHeapSize                     = 122909434                              {pd product} {ergonomic}
    uintx ReservedCodeCacheSize                    = 251658240                              {pd product} {ergonomic}
     bool SegmentedCodeCache                       = true                                      {product} {ergonomic}
   size_t SoftMaxHeapSize                          = 2099249152                             {manageable} {ergonomic}
     bool UseCompressedClassPointers               = true                                 {lp64_product} {ergonomic}
     bool UseCompressedOops                        = true                                 {lp64_product} {ergonomic}
     bool UseG1GC                                  = true                                      {product} {ergonomic}
     bool UseLargePagesIndividualAllocation        = false                                  {pd product} {ergonomic}

Logging:
Log output configuration:
 #0: stdout all=warning uptime,level,tags
 #1: stderr all=off uptime,level,tags

Environment Variables:
PATH=C:\Program Files\Common Files\Oracle\Java\javapath;C:\WINDOWS\system32;C:\WINDOWS;C:\WINDOWS\System32\Wbem;C:\WINDOWS\System32\WindowsPowerShell\v1.0\;C:\WINDOWS\System32\OpenSSH\;C:\Cadence\Orcad_9.2.3\tools\Capture;C:\Cadence\Orcad_9.2.3\tools\bin;C:\Cadence\Orcad_9.2.3\tools\jre\bin;C:\Cadence\Orcad_9.2.3\tools\fet\bin;C:\Cadence\Orcad_9.2.3\tools\specctra\bin;C:\Users\Burapa\AppData\Local\Microsoft\WindowsApps;
USERNAME=Burapa
OS=Windows_NT
PROCESSOR_IDENTIFIER=AMD64 Family 23 Model 24 Stepping 1, AuthenticAMD



---------------  S Y S T E M  ---------------

OS:
 Windows 10 , 64 bit Build 19041 (10.0.19041.928)
OS uptime: 2 days 2:05 hours

CPU: total 8 (initial active 8) (8 cores per cpu, 2 threads per core) family 23 model 24 stepping 1 microcode 0x0, cmov, cx8, fxsr, mmx, sse, sse2, sse3, ssse3, sse4.1, sse4.2, popcnt, vzeroupper, avx, avx2, aes, clmul, 3dnowpref, lzcnt, sse4a, ht, tsc, tscinvbit, tscinv, bmi1, bmi2, adx, sha, fma, clflush, clflushopt

Memory: 4k page, system-wide physical 8000M (1658M free)
TotalPageFile size 32576M (AvailPageFile size 11M)
current process WorkingSet (physical memory assigned to process): 90M, peak: 90M
current process commit charge ("private bytes"): 131M, peak: 139M

vm_info: Java HotSpot(TM) 64-Bit Server VM (15.0.2+7-27) for windows-amd64 JRE (15.0.2+7-27), built on Dec  7 2020 20:07:01 by "mach5one" with unknown MS VC++:1925

END.
