#
# There is insufficient memory for the Java Runtime Environment to continue.
# Native memory allocation (malloc) failed to allocate 32744 bytes for ChunkPool::allocate
# Possible reasons:
#   The system is out of physical RAM or swap space
#   The process is running with CompressedOops enabled, and the Java Heap may be blocking the growth of the native heap
# Possible solutions:
#   Reduce memory load on the system
#   Increase physical memory or swap space
#   Check if swap backing store is full
#   Decrease Java heap size (-Xmx/-Xms)
#   Decrease number of Java threads
#   Decrease Java thread stack sizes (-Xss)
#   Set larger code cache with -XX:ReservedCodeCacheSize=
#   JVM is running with Unscaled Compressed Oops mode in which the Java heap is
#     placed in the first 4GB address space. The Java Heap base address is the
#     maximum limit for the native heap growth. Please use -XX:HeapBaseMinAddress
#     to set the Java Heap base and to place the Java Heap above 4GB virtual address.
# This output file may be truncated or incomplete.
#
#  Out of Memory Error (./open/src/hotspot/share/memory/arena.cpp:79), pid=28388, tid=28532
#
# JRE version: Java(TM) SE Runtime Environment (15.0.2+7) (build 15.0.2+7-27)
# Java VM: Java HotSpot(TM) 64-Bit Server VM (15.0.2+7-27, mixed mode, sharing, tiered, compressed oops, g1 gc, windows-amd64)
# No core dump will be written. Minidumps are not enabled by default on client versions of Windows
#

---------------  S U M M A R Y ------------

Command Line: -Dapplication.home=C:\Program Files\Java\jdk-15.0.2 --add-modules=ALL-DEFAULT -Xms8m -Djdk.module.main=jdk.compiler jdk.compiler/com.sun.tools.javac.Main -d C:\Users\Burapa\Documents\NetBeansProjects\CardGame\build\classes -classpath C:\Users\Burapa\Documents\NetBeansProjects\CardGame\build\classes;C:\Program Files\Java\javafx-sdk-11.0.2\lib\javafx.base.jar;C:\Program Files\Java\javafx-sdk-11.0.2\lib\javafx.controls.jar;C:\Program Files\Java\javafx-sdk-11.0.2\lib\javafx.fxml.jar;C:\Program Files\Java\javafx-sdk-11.0.2\lib\javafx.graphics.jar;C:\Program Files\Java\javafx-sdk-11.0.2\lib\javafx.media.jar;C:\Program Files\Java\javafx-sdk-11.0.2\lib\javafx.swing.jar;C:\Program Files\Java\javafx-sdk-11.0.2\lib\javafx.web.jar;C:\Program Files\Java\javafx-sdk-11.0.2\lib\javafx-swt.jar -sourcepath C:\Users\Burapa\Documents\NetBeansProjects\CardGame\src -target 15 -encoding UTF-8 -g -processorpath C:\Program Files\Java\javafx-sdk-11.0.2\lib\javafx.base.jar;C:\Program Files\Java\javafx-sdk-11.0.2\lib\javafx.controls.jar;C:\Program Files\Java\javafx-sdk-11.0.2\lib\javafx.fxml.jar;C:\Program Files\Java\javafx-sdk-11.0.2\lib\javafx.graphics.jar;C:\Program Files\Java\javafx-sdk-11.0.2\lib\javafx.media.jar;C:\Program Files\Java\javafx-sdk-11.0.2\lib\javafx.swing.jar;C:\Program Files\Java\javafx-sdk-11.0.2\lib\javafx.web.jar;C:\Program Files\Java\javafx-sdk-11.0.2\lib\javafx-swt.jar;C:\Users\Burapa\Documents\NetBeansProjects\CardGame\build\empty -s C:\Users\Burapa\Documents\NetBeansProjects\CardGame\build\generated-sources\ap-source-output -source 15 --module-path C:\Program Files\Java\javafx-sdk-11.0.2\lib\javafx-swt.jar;C:\Program Files\Java\javafx-sdk-11.0.2\lib\javafx.base.jar;C:\Program Files\Java\javafx-sdk-11.0.2\lib\javafx.controls.jar;C:\Program Files\Java\javafx-sdk-11.0.2\lib\javafx.fxml.jar;C:\Program Files\Java\javafx-sdk-11.0.2\lib\javafx.graphics.jar;C:\Program Files\Java\javafx-sdk-11.0.2\lib\javafx.media.jar;C:\Program Files\Java\javafx-sdk-11.0.2\lib\javafx.swing.jar;C:\Program Files\Java\javafx-sdk-11.0.2\lib\javafx.web.jar C:\Users\Burapa\Documents\NetBeansProjects\CardGame\src\cardgame\CardGame.java

Host: AMD Ryzen 7 3750H with Radeon Vega Mobile Gfx  , 8 cores, 7G,  Windows 10 , 64 bit Build 19041 (10.0.19041.928)
Time: Sat May  1 22:43:51 2021 SE Asia Standard Time elapsed time: 1.836085 seconds (0d 0h 0m 1s)

---------------  T H R E A D  ---------------

Current thread (0x00000213b7f5c0a0):  JavaThread "C2 CompilerThread2" daemon [_thread_in_native, id=28532, stack(0x000000c4fab00000,0x000000c4fac00000)]


Current CompileTask:
C2:   1836 1916       4       com.sun.tools.javac.jvm.PoolReader::resolve (341 bytes)

Stack: [0x000000c4fab00000,0x000000c4fac00000]
Native frames: (J=compiled Java code, j=interpreted, Vv=VM code, C=native code)
V  [jvm.dll+0x62ae9a]
V  [jvm.dll+0x7817a9]
V  [jvm.dll+0x782f03]
V  [jvm.dll+0x783563]
V  [jvm.dll+0x216325]
V  [jvm.dll+0x982cf]
V  [jvm.dll+0x980ad]
V  [jvm.dll+0x609d14]
V  [jvm.dll+0x6552ca]
V  [jvm.dll+0x18e47d]
V  [jvm.dll+0x1ea822]
V  [jvm.dll+0x1e996e]
V  [jvm.dll+0x178567]
V  [jvm.dll+0x1f9225]
V  [jvm.dll+0x1f72cc]
V  [jvm.dll+0x74495d]
V  [jvm.dll+0x73d75a]
V  [jvm.dll+0x629c56]
C  [ucrtbase.dll+0x21bb2]
C  [KERNEL32.DLL+0x17034]
C  [ntdll.dll+0x52651]


---------------  P R O C E S S  ---------------

Threads class SMR info:
_java_thread_list=0x00000213b8123af0, length=13, elements={
0x0000021397db2eb0, 0x00000213b6f42590, 0x00000213b6f43070, 0x00000213b6f60900,
0x00000213b6f632d0, 0x00000213b6f63c90, 0x00000213b6f65a40, 0x00000213b6f6bd10,
0x00000213b6f74a30, 0x00000213b718bde0, 0x00000213b7204330, 0x00000213b7649ad0,
0x00000213b7f5c0a0
}

Java Threads: ( => current thread )
  0x0000021397db2eb0 JavaThread "main" [_thread_in_Java, id=28452, stack(0x000000c4f9700000,0x000000c4f9800000)]
  0x00000213b6f42590 JavaThread "Reference Handler" daemon [_thread_blocked, id=28480, stack(0x000000c4f9e00000,0x000000c4f9f00000)]
  0x00000213b6f43070 JavaThread "Finalizer" daemon [_thread_blocked, id=28484, stack(0x000000c4f9f00000,0x000000c4fa000000)]
  0x00000213b6f60900 JavaThread "Signal Dispatcher" daemon [_thread_blocked, id=28488, stack(0x000000c4fa000000,0x000000c4fa100000)]
  0x00000213b6f632d0 JavaThread "Attach Listener" daemon [_thread_blocked, id=28492, stack(0x000000c4fa100000,0x000000c4fa200000)]
  0x00000213b6f63c90 JavaThread "Service Thread" daemon [_thread_blocked, id=28496, stack(0x000000c4fa200000,0x000000c4fa300000)]
  0x00000213b6f65a40 JavaThread "C2 CompilerThread0" daemon [_thread_in_native, id=28500, stack(0x000000c4fa300000,0x000000c4fa400000)]
  0x00000213b6f6bd10 JavaThread "C1 CompilerThread0" daemon [_thread_in_native, id=28504, stack(0x000000c4fa400000,0x000000c4fa500000)]
  0x00000213b6f74a30 JavaThread "Sweeper thread" daemon [_thread_blocked, id=28508, stack(0x000000c4fa500000,0x000000c4fa600000)]
  0x00000213b718bde0 JavaThread "Common-Cleaner" daemon [_thread_blocked, id=28512, stack(0x000000c4fa600000,0x000000c4fa700000)]
  0x00000213b7204330 JavaThread "Notification Thread" daemon [_thread_blocked, id=28516, stack(0x000000c4fa700000,0x000000c4fa800000)]
  0x00000213b7649ad0 JavaThread "C2 CompilerThread1" daemon [_thread_in_native, id=28528, stack(0x000000c4faa00000,0x000000c4fab00000)]
=>0x00000213b7f5c0a0 JavaThread "C2 CompilerThread2" daemon [_thread_in_native, id=28532, stack(0x000000c4fab00000,0x000000c4fac00000)]

Other Threads:
  0x00000213b6f3fb30 VMThread "VM Thread" [stack: 0x000000c4f9d00000,0x000000c4f9e00000] [id=28476]
  0x00000213b721c7d0 WatcherThread [stack: 0x000000c4fa800000,0x000000c4fa900000] [id=28520]
  0x0000021397df31d0 GCTaskThread "GC Thread#0" [stack: 0x000000c4f9800000,0x000000c4f9900000] [id=28456]
  0x00000213b72a0b70 GCTaskThread "GC Thread#1" [stack: 0x000000c4fa900000,0x000000c4faa00000] [id=28524]
  0x0000021397e05e10 ConcurrentGCThread "G1 Main Marker" [stack: 0x000000c4f9900000,0x000000c4f9a00000] [id=28460]
  0x0000021397e07130 ConcurrentGCThread "G1 Conc#0" [stack: 0x000000c4f9a00000,0x000000c4f9b00000] [id=28464]
  0x00000213b72a1830 ConcurrentGCThread "G1 Conc#1" [stack: 0x000000c4fac00000,0x000000c4fad00000] [id=28536]
  0x0000021397e30fd0 ConcurrentGCThread "G1 Refine#0" [stack: 0x000000c4f9b00000,0x000000c4f9c00000] [id=28468]
  0x0000021397e31b60 ConcurrentGCThread "G1 Young RemSet Sampling" [stack: 0x000000c4f9c00000,0x000000c4f9d00000] [id=28472]

Threads with active compile tasks:
C2 CompilerThread0     1858 2436       4       com.sun.tools.javac.code.Symtab::lookupPackage (243 bytes)
C1 CompilerThread0     1858 2570       3       com.sun.tools.javac.jvm.PoolWriter$WriteablePoolHelper::writeConstant (863 bytes)
C2 CompilerThread1     1858 2248       4       com.sun.tools.javac.code.Types::capture (556 bytes)
C2 CompilerThread2     1858 1916       4       com.sun.tools.javac.jvm.PoolReader::resolve (341 bytes)

VM state: not at safepoint (normal execution)

VM Mutex/Monitor currently owned by a thread: None

Heap address: 0x0000000082e00000, size: 2002 MB, Compressed Oops mode: 32-bit
CDS archive(s) mapped at: [0x0000000800000000-0x0000000800b50000-0x0000000800b50000), size 11862016, SharedBaseAddress: 0x0000000800000000, ArchiveRelocationMode: 0.
Compressed class space mapped at: 0x0000000800b50000-0x0000000840b50000, size: 1073741824
Narrow klass base: 0x0000000800000000, Narrow klass shift: 3, Narrow klass range: 0x100000000

GC Precious Log:
 CPUs: 8 total, 8 available
 Memory: 8000M
 Large Page Support: Disabled
 NUMA Support: Disabled
 Compressed Oops: Enabled (32-bit)
 Heap Region Size: 1M
 Heap Min Capacity: 8M
 Heap Initial Capacity: 8M
 Heap Max Capacity: 2002M
 Pre-touch: Disabled
 Parallel Workers: 8
 Concurrent Workers: 2
 Concurrent Refinement Workers: 8
 Periodic GC: Disabled

Heap:
 garbage-first heap   total 48128K, used 14450K [0x0000000082e00000, 0x0000000100000000)
  region size 1024K, 3 young (3072K), 1 survivors (1024K)
 Metaspace       used 11650K, capacity 13653K, committed 13824K, reserved 1060864K
  class space    used 1256K, capacity 1461K, committed 1536K, reserved 1048576K

Heap Regions: E=young(eden), S=young(survivor), O=old, HS=humongous(starts), HC=humongous(continues), CS=collection set, F=free, OA=open archive, CA=closed archive, TAMS=top-at-mark-start (previous, next)
|   0|0x0000000082e00000, 0x0000000082f00000, 0x0000000082f00000|100%| O|  |TAMS 0x0000000082f00000, 0x0000000082e00000| Untracked 
|   1|0x0000000082f00000, 0x0000000083000000, 0x0000000083000000|100%| O|  |TAMS 0x0000000083000000, 0x0000000082f00000| Untracked 
|   2|0x0000000083000000, 0x0000000083100000, 0x0000000083100000|100%| O|  |TAMS 0x0000000083100000, 0x0000000083000000| Untracked 
|   3|0x0000000083100000, 0x0000000083200000, 0x0000000083200000|100%| O|  |TAMS 0x0000000083200000, 0x0000000083100000| Untracked 
|   4|0x0000000083200000, 0x0000000083300000, 0x0000000083300000|100%| O|  |TAMS 0x0000000083300000, 0x0000000083200000| Untracked 
|   5|0x0000000083300000, 0x0000000083400000, 0x0000000083400000|100%| O|  |TAMS 0x0000000083400000, 0x0000000083300000| Untracked 
|   6|0x0000000083400000, 0x0000000083500000, 0x0000000083500000|100%| O|  |TAMS 0x0000000083500000, 0x0000000083400000| Untracked 
|   7|0x0000000083500000, 0x0000000083600000, 0x0000000083600000|100%| O|  |TAMS 0x0000000083600000, 0x0000000083500000| Untracked 
|   8|0x0000000083600000, 0x0000000083700000, 0x0000000083700000|100%| O|  |TAMS 0x0000000083700000, 0x0000000083600000| Untracked 
|   9|0x0000000083700000, 0x0000000083800000, 0x0000000083800000|100%| O|  |TAMS 0x0000000083800000, 0x0000000083700000| Untracked 
|  10|0x0000000083800000, 0x0000000083900000, 0x0000000083900000|100%|HS|  |TAMS 0x0000000083900000, 0x0000000083800000| Complete 
|  11|0x0000000083900000, 0x0000000083a00000, 0x0000000083a00000|100%| O|  |TAMS 0x000000008399ac00, 0x0000000083900000| Untracked 
|  12|0x0000000083a00000, 0x0000000083a84e00, 0x0000000083b00000| 51%| O|  |TAMS 0x0000000083a00000, 0x0000000083a00000| Untracked 
|  13|0x0000000083b00000, 0x0000000083b00000, 0x0000000083c00000|  0%| F|  |TAMS 0x0000000083b00000, 0x0000000083b00000| Untracked 
|  14|0x0000000083c00000, 0x0000000083c00000, 0x0000000083d00000|  0%| F|  |TAMS 0x0000000083c00000, 0x0000000083c00000| Untracked 
|  15|0x0000000083d00000, 0x0000000083d00000, 0x0000000083e00000|  0%| F|  |TAMS 0x0000000083d00000, 0x0000000083d00000| Untracked 
|  16|0x0000000083e00000, 0x0000000083e00000, 0x0000000083f00000|  0%| F|  |TAMS 0x0000000083e00000, 0x0000000083e00000| Untracked 
|  17|0x0000000083f00000, 0x0000000083f00000, 0x0000000084000000|  0%| F|  |TAMS 0x0000000083f00000, 0x0000000083f00000| Untracked 
|  18|0x0000000084000000, 0x0000000084000000, 0x0000000084100000|  0%| F|  |TAMS 0x0000000084000000, 0x0000000084000000| Untracked 
|  19|0x0000000084100000, 0x0000000084197d38, 0x0000000084200000| 59%| S|CS|TAMS 0x0000000084100000, 0x0000000084100000| Complete 
|  20|0x0000000084200000, 0x0000000084200000, 0x0000000084300000|  0%| F|  |TAMS 0x0000000084200000, 0x0000000084200000| Untracked 
|  21|0x0000000084300000, 0x0000000084300000, 0x0000000084400000|  0%| F|  |TAMS 0x0000000084300000, 0x0000000084300000| Untracked 
|  22|0x0000000084400000, 0x0000000084400000, 0x0000000084500000|  0%| F|  |TAMS 0x0000000084400000, 0x0000000084400000| Untracked 
|  23|0x0000000084500000, 0x0000000084500000, 0x0000000084600000|  0%| F|  |TAMS 0x0000000084500000, 0x0000000084500000| Untracked 
|  24|0x0000000084600000, 0x0000000084600000, 0x0000000084700000|  0%| F|  |TAMS 0x0000000084600000, 0x0000000084600000| Untracked 
|  25|0x0000000084700000, 0x0000000084700000, 0x0000000084800000|  0%| F|  |TAMS 0x0000000084700000, 0x0000000084700000| Untracked 
|  26|0x0000000084800000, 0x0000000084800000, 0x0000000084900000|  0%| F|  |TAMS 0x0000000084800000, 0x0000000084800000| Untracked 
|  27|0x0000000084900000, 0x0000000084900000, 0x0000000084a00000|  0%| F|  |TAMS 0x0000000084900000, 0x0000000084900000| Untracked 
|  28|0x0000000084a00000, 0x0000000084a00000, 0x0000000084b00000|  0%| F|  |TAMS 0x0000000084a00000, 0x0000000084a00000| Untracked 
|  29|0x0000000084b00000, 0x0000000084b00000, 0x0000000084c00000|  0%| F|  |TAMS 0x0000000084b00000, 0x0000000084b00000| Untracked 
|  30|0x0000000084c00000, 0x0000000084c00000, 0x0000000084d00000|  0%| F|  |TAMS 0x0000000084c00000, 0x0000000084c00000| Untracked 
|  31|0x0000000084d00000, 0x0000000084d00000, 0x0000000084e00000|  0%| F|  |TAMS 0x0000000084d00000, 0x0000000084d00000| Untracked 
|  32|0x0000000084e00000, 0x0000000084e00000, 0x0000000084f00000|  0%| F|  |TAMS 0x0000000084e00000, 0x0000000084e00000| Untracked 
|  33|0x0000000084f00000, 0x0000000084f00000, 0x0000000085000000|  0%| F|  |TAMS 0x0000000084f00000, 0x0000000084f00000| Untracked 
|  34|0x0000000085000000, 0x0000000085000000, 0x0000000085100000|  0%| F|  |TAMS 0x0000000085000000, 0x0000000085000000| Untracked 
|  35|0x0000000085100000, 0x0000000085100000, 0x0000000085200000|  0%| F|  |TAMS 0x0000000085100000, 0x0000000085100000| Untracked 
|  36|0x0000000085200000, 0x0000000085200000, 0x0000000085300000|  0%| F|  |TAMS 0x0000000085200000, 0x0000000085200000| Untracked 
|  37|0x0000000085300000, 0x0000000085300000, 0x0000000085400000|  0%| F|  |TAMS 0x0000000085300000, 0x0000000085300000| Untracked 
|  38|0x0000000085400000, 0x0000000085400000, 0x0000000085500000|  0%| F|  |TAMS 0x0000000085400000, 0x0000000085400000| Untracked 
|  39|0x0000000085500000, 0x0000000085500000, 0x0000000085600000|  0%| F|  |TAMS 0x0000000085500000, 0x0000000085500000| Untracked 
|  40|0x0000000085600000, 0x0000000085600000, 0x0000000085700000|  0%| F|  |TAMS 0x0000000085600000, 0x0000000085600000| Untracked 
|  41|0x0000000085700000, 0x0000000085700000, 0x0000000085800000|  0%| F|  |TAMS 0x0000000085700000, 0x0000000085700000| Untracked 
|  42|0x0000000085800000, 0x0000000085800000, 0x0000000085900000|  0%| F|  |TAMS 0x0000000085800000, 0x0000000085800000| Untracked 
|  43|0x0000000085900000, 0x0000000085900000, 0x0000000085a00000|  0%| F|  |TAMS 0x0000000085900000, 0x0000000085900000| Untracked 
|  44|0x0000000085a00000, 0x0000000085a00000, 0x0000000085b00000|  0%| F|  |TAMS 0x0000000085a00000, 0x0000000085a00000| Untracked 
|  45|0x0000000085b00000, 0x0000000085bd68e0, 0x0000000085c00000| 83%| E|  |TAMS 0x0000000085b00000, 0x0000000085b00000| Complete 
|  46|0x0000000085c00000, 0x0000000085d00000, 0x0000000085d00000|100%| E|CS|TAMS 0x0000000085c00000, 0x0000000085c00000| Complete 

Card table byte_map: [0x00000213af710000,0x00000213afb00000] _byte_map_base: 0x00000213af2f9000

Marking Bits (Prev, Next): (CMBitMap*) 0x0000021397df59b0, (CMBitMap*) 0x0000021397df5970
 Prev Bits: [0x00000213b1e40000, 0x00000213b3d88000)
 Next Bits: [0x00000213afef0000, 0x00000213b1e38000)

Polling page: 0x0000021397590000

Metaspace:

Usage:
  Non-class:     11.91 MB capacity,    10.15 MB ( 85%) used,     1.74 MB ( 15%) free+waste,    12.94 KB ( <1%) overhead. 
      Class:      1.43 MB capacity,     1.23 MB ( 86%) used,   199.71 KB ( 14%) free+waste,     4.88 KB ( <1%) overhead. 
       Both:     13.33 MB capacity,    11.38 MB ( 85%) used,     1.94 MB ( 15%) free+waste,    17.81 KB ( <1%) overhead. 

Virtual space:
  Non-class space:       12.00 MB reserved,      12.00 MB (100%) committed 
      Class space:        1.00 GB reserved,       1.50 MB ( <1%) committed 
             Both:        1.01 GB reserved,      13.50 MB (  1%) committed 

Chunk freelists:
   Non-Class:  32.00 KB
       Class:  11.00 KB
        Both:  43.00 KB

MaxMetaspaceSize: 17179869184.00 GB
CompressedClassSpaceSize: 1.00 GB

CodeHeap 'non-profiled nmethods': size=120000Kb used=958Kb max_used=958Kb free=119041Kb
 bounds [0x00000213a7ac0000, 0x00000213a7d30000, 0x00000213aeff0000]
CodeHeap 'profiled nmethods': size=120000Kb used=5412Kb max_used=5412Kb free=114587Kb
 bounds [0x00000213a0590000, 0x00000213a0ae0000, 0x00000213a7ac0000]
CodeHeap 'non-nmethods': size=5760Kb used=1169Kb max_used=1210Kb free=4590Kb
 bounds [0x000002139fff0000, 0x00000213a0260000, 0x00000213a0590000]
 total_blobs=2972 nmethods=2552 adapters=332
 compilation: enabled
              stopped_count=0, restarted_count=0
 full_count=0

Compilation events (20 events):
Event: 1.823 Thread 0x00000213b6f6bd10 2533       3       com.sun.tools.javac.jvm.Code::markStatBegin (62 bytes)
Event: 1.824 Thread 0x00000213b6f6bd10 nmethod 2533 0x00000213a0abf610 code [0x00000213a0abf7c0, 0x00000213a0abfaf8]
Event: 1.824 Thread 0x00000213b6f6bd10 2534       3       com.sun.tools.javac.jvm.Code::addLineNumber (93 bytes)
Event: 1.824 Thread 0x00000213b6f6bd10 nmethod 2534 0x00000213a0abfc10 code [0x00000213a0abfe20, 0x00000213a0ac09a8]
Event: 1.824 Thread 0x00000213b6f6bd10 2540       3       java.lang.Double::doubleToLongBits (16 bytes)
Event: 1.824 Thread 0x00000213b6f6bd10 nmethod 2540 0x00000213a0ac0c90 code [0x00000213a0ac0e40, 0x00000213a0ac1078]
Event: 1.824 Thread 0x00000213b6f6bd10 2541       3       java.lang.Double::isNaN (12 bytes)
Event: 1.824 Thread 0x00000213b6f6bd10 nmethod 2541 0x00000213a0ac1110 code [0x00000213a0ac12a0, 0x00000213a0ac13f8]
Event: 1.824 Thread 0x00000213b6f6bd10 2535       3       com.sun.tools.javac.jvm.Gen$ClassReferenceVisitor::visitTree (1 bytes)
Event: 1.825 Thread 0x00000213b6f6bd10 nmethod 2535 0x00000213a0ac1490 code [0x00000213a0ac1620, 0x00000213a0ac1718]
Event: 1.825 Thread 0x00000213b6f6bd10 2538       3       com.sun.tools.javac.jvm.Items$ImmediateItem::coerce (301 bytes)
Event: 1.826 Thread 0x00000213b6f6bd10 nmethod 2538 0x00000213a0ac1790 code [0x00000213a0ac1c60, 0x00000213a0ac4bd8]
Event: 1.827 Thread 0x00000213b6f6bd10 2539       3       com.sun.tools.javac.jvm.Items$ImmediateItem::load (332 bytes)
Event: 1.828 Thread 0x00000213b6f6bd10 nmethod 2539 0x00000213a0ac5a10 code [0x00000213a0ac5e00, 0x00000213a0ac79d8]
Event: 1.828 Thread 0x00000213b6f6bd10 2523       1       com.sun.tools.javac.code.SymbolMetadata::getTypeAttributes (5 bytes)
Event: 1.828 Thread 0x00000213b6f6bd10 nmethod 2523 0x00000213a7baf390 code [0x00000213a7baf520, 0x00000213a7baf5d8]
Event: 1.828 Thread 0x00000213b6f6bd10 2528       1       com.sun.tools.javac.code.Symbol$MethodSymbol$1::baseSymbol (5 bytes)
Event: 1.828 Thread 0x00000213b6f6bd10 nmethod 2528 0x00000213a7baf690 code [0x00000213a7baf820, 0x00000213a7baf8d8]
Event: 1.829 Thread 0x00000213b6f6bd10 2543       3       com.sun.tools.javac.jvm.Code::resolve (66 bytes)
Event: 1.830 Thread 0x00000213b6f6bd10 nmethod 2543 0x00000213a0ac8190 code [0x00000213a0ac8360, 0x00000213a0ac87f8]

GC Heap History (20 events):
Event: 0.801 GC heap before
{Heap before GC invocations=11 (full 0):
 garbage-first heap   total 13312K, used 5464K [0x0000000082e00000, 0x0000000100000000)
  region size 1024K, 2 young (2048K), 1 survivors (1024K)
 Metaspace       used 8861K, capacity 11343K, committed 11520K, reserved 1058816K
  class space    used 998K, capacity 1225K, committed 1280K, reserved 1048576K
}
Event: 0.802 GC heap after
{Heap after GC invocations=12 (full 0):
 garbage-first heap   total 13312K, used 5608K [0x0000000082e00000, 0x0000000100000000)
  region size 1024K, 1 young (1024K), 1 survivors (1024K)
 Metaspace       used 8861K, capacity 11343K, committed 11520K, reserved 1058816K
  class space    used 998K, capacity 1225K, committed 1280K, reserved 1048576K
}
Event: 0.807 GC heap before
{Heap before GC invocations=12 (full 0):
 garbage-first heap   total 13312K, used 6632K [0x0000000082e00000, 0x0000000100000000)
  region size 1024K, 2 young (2048K), 1 survivors (1024K)
 Metaspace       used 8861K, capacity 11343K, committed 11520K, reserved 1058816K
  class space    used 998K, capacity 1225K, committed 1280K, reserved 1048576K
}
Event: 0.809 GC heap after
{Heap after GC invocations=13 (full 0):
 garbage-first heap   total 16384K, used 6393K [0x0000000082e00000, 0x0000000100000000)
  region size 1024K, 1 young (1024K), 1 survivors (1024K)
 Metaspace       used 8861K, capacity 11343K, committed 11520K, reserved 1058816K
  class space    used 998K, capacity 1225K, committed 1280K, reserved 1048576K
}
Event: 0.867 GC heap before
{Heap before GC invocations=14 (full 0):
 garbage-first heap   total 16384K, used 8441K [0x0000000082e00000, 0x0000000100000000)
  region size 1024K, 3 young (3072K), 1 survivors (1024K)
 Metaspace       used 8898K, capacity 11343K, committed 11520K, reserved 1058816K
  class space    used 998K, capacity 1225K, committed 1280K, reserved 1048576K
}
Event: 0.868 GC heap after
{Heap after GC invocations=15 (full 0):
 garbage-first heap   total 16384K, used 6545K [0x0000000082e00000, 0x0000000100000000)
  region size 1024K, 1 young (1024K), 1 survivors (1024K)
 Metaspace       used 8898K, capacity 11343K, committed 11520K, reserved 1058816K
  class space    used 998K, capacity 1225K, committed 1280K, reserved 1048576K
}
Event: 0.925 GC heap before
{Heap before GC invocations=15 (full 0):
 garbage-first heap   total 16384K, used 7569K [0x0000000082e00000, 0x0000000100000000)
  region size 1024K, 3 young (3072K), 1 survivors (1024K)
 Metaspace       used 9044K, capacity 11454K, committed 11520K, reserved 1058816K
  class space    used 1022K, capacity 1262K, committed 1280K, reserved 1048576K
}
Event: 0.928 GC heap after
{Heap after GC invocations=16 (full 0):
 garbage-first heap   total 16384K, used 7366K [0x0000000082e00000, 0x0000000100000000)
  region size 1024K, 1 young (1024K), 1 survivors (1024K)
 Metaspace       used 9044K, capacity 11454K, committed 11520K, reserved 1058816K
  class space    used 1022K, capacity 1262K, committed 1280K, reserved 1048576K
}
Event: 0.968 GC heap before
{Heap before GC invocations=16 (full 0):
 garbage-first heap   total 16384K, used 9414K [0x0000000082e00000, 0x0000000100000000)
  region size 1024K, 3 young (3072K), 1 survivors (1024K)
 Metaspace       used 9209K, capacity 11527K, committed 11776K, reserved 1060864K
  class space    used 1044K, capacity 1265K, committed 1280K, reserved 1048576K
}
Event: 0.971 GC heap after
{Heap after GC invocations=17 (full 0):
 garbage-first heap   total 16384K, used 7777K [0x0000000082e00000, 0x0000000100000000)
  region size 1024K, 1 young (1024K), 1 survivors (1024K)
 Metaspace       used 9209K, capacity 11527K, committed 11776K, reserved 1060864K
  class space    used 1044K, capacity 1265K, committed 1280K, reserved 1048576K
}
Event: 1.048 GC heap before
{Heap before GC invocations=17 (full 0):
 garbage-first heap   total 16384K, used 9825K [0x0000000082e00000, 0x0000000100000000)
  region size 1024K, 3 young (3072K), 1 survivors (1024K)
 Metaspace       used 9310K, capacity 11594K, committed 11776K, reserved 1060864K
  class space    used 1051K, capacity 1266K, committed 1280K, reserved 1048576K
}
Event: 1.051 GC heap after
{Heap after GC invocations=18 (full 0):
 garbage-first heap   total 25600K, used 7953K [0x0000000082e00000, 0x0000000100000000)
  region size 1024K, 1 young (1024K), 1 survivors (1024K)
 Metaspace       used 9310K, capacity 11594K, committed 11776K, reserved 1060864K
  class space    used 1051K, capacity 1266K, committed 1280K, reserved 1048576K
}
Event: 1.147 GC heap before
{Heap before GC invocations=19 (full 0):
 garbage-first heap   total 25600K, used 15121K [0x0000000082e00000, 0x0000000100000000)
  region size 1024K, 8 young (8192K), 1 survivors (1024K)
 Metaspace       used 9536K, capacity 11754K, committed 11904K, reserved 1060864K
  class space    used 1071K, capacity 1298K, committed 1408K, reserved 1048576K
}
Event: 1.151 GC heap after
{Heap after GC invocations=20 (full 0):
 garbage-first heap   total 25600K, used 9164K [0x0000000082e00000, 0x0000000100000000)
  region size 1024K, 1 young (1024K), 1 survivors (1024K)
 Metaspace       used 9536K, capacity 11754K, committed 11904K, reserved 1060864K
  class space    used 1071K, capacity 1298K, committed 1408K, reserved 1048576K
}
Event: 1.242 GC heap before
{Heap before GC invocations=20 (full 0):
 garbage-first heap   total 25600K, used 16332K [0x0000000082e00000, 0x0000000100000000)
  region size 1024K, 8 young (8192K), 1 survivors (1024K)
 Metaspace       used 9735K, capacity 11886K, committed 12160K, reserved 1060864K
  class space    used 1090K, capacity 1299K, committed 1408K, reserved 1048576K
}
Event: 1.248 GC heap after
{Heap after GC invocations=21 (full 0):
 garbage-first heap   total 25600K, used 10968K [0x0000000082e00000, 0x0000000100000000)
  region size 1024K, 1 young (1024K), 1 survivors (1024K)
 Metaspace       used 9735K, capacity 11886K, committed 12160K, reserved 1060864K
  class space    used 1090K, capacity 1299K, committed 1408K, reserved 1048576K
}
Event: 1.465 GC heap before
{Heap before GC invocations=21 (full 0):
 garbage-first heap   total 25600K, used 18136K [0x0000000082e00000, 0x0000000100000000)
  region size 1024K, 7 young (7168K), 1 survivors (1024K)
 Metaspace       used 10601K, capacity 12692K, committed 12928K, reserved 1060864K
  class space    used 1176K, capacity 1397K, committed 1408K, reserved 1048576K
}
Event: 1.471 GC heap after
{Heap after GC invocations=22 (full 0):
 garbage-first heap   total 25600K, used 12868K [0x0000000082e00000, 0x0000000100000000)
  region size 1024K, 1 young (1024K), 1 survivors (1024K)
 Metaspace       used 10601K, capacity 12692K, committed 12928K, reserved 1060864K
  class space    used 1176K, capacity 1397K, committed 1408K, reserved 1048576K
}
Event: 1.710 GC heap before
{Heap before GC invocations=22 (full 0):
 garbage-first heap   total 25600K, used 17988K [0x0000000082e00000, 0x0000000100000000)
  region size 1024K, 6 young (6144K), 1 survivors (1024K)
 Metaspace       used 11268K, capacity 13301K, committed 13568K, reserved 1060864K
  class space    used 1227K, capacity 1429K, committed 1536K, reserved 1048576K
}
Event: 1.715 GC heap after
{Heap after GC invocations=23 (full 0):
 garbage-first heap   total 48128K, used 13426K [0x0000000082e00000, 0x0000000100000000)
  region size 1024K, 1 young (1024K), 1 survivors (1024K)
 Metaspace       used 11268K, capacity 13301K, committed 13568K, reserved 1060864K
  class space    used 1227K, capacity 1429K, committed 1536K, reserved 1048576K
}

Deoptimization events (20 events):
Event: 1.632 Thread 0x0000021397db2eb0 Uncommon trap: trap_request=0xffffffc6 fr.pc=0x00000213a7b170a8 relative=0x0000000000001188
Event: 1.632 Thread 0x0000021397db2eb0 Uncommon trap: reason=bimorphic_or_optimized_type_check action=maybe_recompile pc=0x00000213a7b170a8 method=java.util.HashMap.putVal(ILjava/lang/Object;Ljava/lang/Object;ZZ)Ljava/lang/Object; @ 56 c2
Event: 1.632 Thread 0x0000021397db2eb0 DEOPT PACKING pc=0x00000213a7b170a8 sp=0x000000c4f97fef10
Event: 1.632 Thread 0x0000021397db2eb0 DEOPT UNPACKING pc=0x00000213a003e42f sp=0x000000c4f97fee98 mode 2
Event: 1.689 Thread 0x0000021397db2eb0 Uncommon trap: trap_request=0xffffff45 fr.pc=0x00000213a7b2f76c relative=0x00000000000005ac
Event: 1.689 Thread 0x0000021397db2eb0 Uncommon trap: reason=unstable_if action=reinterpret pc=0x00000213a7b2f76c method=java.util.HashMap.hash(Ljava/lang/Object;)I @ 1 c2
Event: 1.689 Thread 0x0000021397db2eb0 DEOPT PACKING pc=0x00000213a7b2f76c sp=0x000000c4f97fe870
Event: 1.689 Thread 0x0000021397db2eb0 DEOPT UNPACKING pc=0x00000213a003e42f sp=0x000000c4f97fe738 mode 2
Event: 1.690 Thread 0x0000021397db2eb0 Uncommon trap: trap_request=0xffffff45 fr.pc=0x00000213a7b09850 relative=0x0000000000000590
Event: 1.690 Thread 0x0000021397db2eb0 Uncommon trap: reason=unstable_if action=reinterpret pc=0x00000213a7b09850 method=java.util.HashMap.hash(Ljava/lang/Object;)I @ 1 c2
Event: 1.690 Thread 0x0000021397db2eb0 DEOPT PACKING pc=0x00000213a7b09850 sp=0x000000c4f97fe7c0
Event: 1.690 Thread 0x0000021397db2eb0 DEOPT UNPACKING pc=0x00000213a003e42f sp=0x000000c4f97fe6f8 mode 2
Event: 1.690 Thread 0x0000021397db2eb0 Uncommon trap: trap_request=0xffffff45 fr.pc=0x00000213a7b0a8b8 relative=0x0000000000000098
Event: 1.690 Thread 0x0000021397db2eb0 Uncommon trap: reason=unstable_if action=reinterpret pc=0x00000213a7b0a8b8 method=java.util.HashMap.hash(Ljava/lang/Object;)I @ 1 c2
Event: 1.690 Thread 0x0000021397db2eb0 DEOPT PACKING pc=0x00000213a7b0a8b8 sp=0x000000c4f97fe760
Event: 1.690 Thread 0x0000021397db2eb0 DEOPT UNPACKING pc=0x00000213a003e42f sp=0x000000c4f97fe6f8 mode 2
Event: 1.775 Thread 0x0000021397db2eb0 Uncommon trap: trap_request=0xffffff45 fr.pc=0x00000213a7b9b7ac relative=0x000000000000008c
Event: 1.775 Thread 0x0000021397db2eb0 Uncommon trap: reason=unstable_if action=reinterpret pc=0x00000213a7b9b7ac method=com.sun.tools.javac.code.Scope$ScopeImpl$2.hasNext()Z @ 69 c2
Event: 1.775 Thread 0x0000021397db2eb0 DEOPT PACKING pc=0x00000213a7b9b7ac sp=0x000000c4f97feb30
Event: 1.775 Thread 0x0000021397db2eb0 DEOPT UNPACKING pc=0x00000213a003e42f sp=0x000000c4f97feac8 mode 2

Classes unloaded (0 events):
No events

Classes redefined (0 events):
No events

Internal exceptions (20 events):
Event: 1.232 Thread 0x0000021397db2eb0 Exception <a 'sun/nio/fs/WindowsException'{0x00000000841786e0}> (0x00000000841786e0) 
thrown [./open/src/hotspot/share/prims/jni.cpp, line 578]
Event: 1.232 Thread 0x0000021397db2eb0 Exception <a 'sun/nio/fs/WindowsException'{0x00000000841789b0}> (0x00000000841789b0) 
thrown [./open/src/hotspot/share/prims/jni.cpp, line 578]
Event: 1.354 Thread 0x0000021397db2eb0 Exception <a 'sun/nio/fs/WindowsException'{0x00000000844fdd48}> (0x00000000844fdd48) 
thrown [./open/src/hotspot/share/prims/jni.cpp, line 578]
Event: 1.354 Thread 0x0000021397db2eb0 Exception <a 'sun/nio/fs/WindowsException'{0x00000000844fe078}> (0x00000000844fe078) 
thrown [./open/src/hotspot/share/prims/jni.cpp, line 578]
Event: 1.354 Thread 0x0000021397db2eb0 Exception <a 'sun/nio/fs/WindowsException'{0x0000000084300b30}> (0x0000000084300b30) 
thrown [./open/src/hotspot/share/prims/jni.cpp, line 578]
Event: 1.354 Thread 0x0000021397db2eb0 Exception <a 'sun/nio/fs/WindowsException'{0x0000000084300e30}> (0x0000000084300e30) 
thrown [./open/src/hotspot/share/prims/jni.cpp, line 578]
Event: 1.356 Thread 0x0000021397db2eb0 Exception <a 'sun/nio/fs/WindowsException'{0x0000000084304ba8}> (0x0000000084304ba8) 
thrown [./open/src/hotspot/share/prims/jni.cpp, line 578]
Event: 1.356 Thread 0x0000021397db2eb0 Exception <a 'sun/nio/fs/WindowsException'{0x0000000084304ea8}> (0x0000000084304ea8) 
thrown [./open/src/hotspot/share/prims/jni.cpp, line 578]
Event: 1.357 Thread 0x0000021397db2eb0 Exception <a 'sun/nio/fs/WindowsException'{0x000000008433a558}> (0x000000008433a558) 
thrown [./open/src/hotspot/share/prims/jni.cpp, line 578]
Event: 1.357 Thread 0x0000021397db2eb0 Exception <a 'sun/nio/fs/WindowsException'{0x000000008433a818}> (0x000000008433a818) 
thrown [./open/src/hotspot/share/prims/jni.cpp, line 578]
Event: 1.359 Thread 0x0000021397db2eb0 Exception <a 'java/lang/NoSuchMethodError'{0x0000000084343c80}: 'int java.lang.invoke.DirectMethodHandle$Holder.invokeStatic(java.lang.Object, java.lang.Object, java.lang.Object, java.lang.Object)'> (0x0000000084343c80) 
thrown [./open/src/hotspot/share/interpreter/linkResolver.cpp, line 782]
Event: 1.372 Thread 0x0000021397db2eb0 Exception <a 'java/lang/NoSuchMethodError'{0x0000000084383740}: 'void java.lang.invoke.DirectMethodHandle$Holder.invokeVirtual(java.lang.Object, java.lang.Object)'> (0x0000000084383740) 
thrown [./open/src/hotspot/share/interpreter/linkResolver.cpp, line 782]
Event: 1.387 Thread 0x0000021397db2eb0 Exception <a 'sun/nio/fs/WindowsException'{0x0000000084201450}> (0x0000000084201450) 
thrown [./open/src/hotspot/share/prims/jni.cpp, line 578]
Event: 1.387 Thread 0x0000021397db2eb0 Exception <a 'sun/nio/fs/WindowsException'{0x0000000084201780}> (0x0000000084201780) 
thrown [./open/src/hotspot/share/prims/jni.cpp, line 578]
Event: 1.388 Thread 0x0000021397db2eb0 Exception <a 'sun/nio/fs/WindowsException'{0x000000008422c5d8}> (0x000000008422c5d8) 
thrown [./open/src/hotspot/share/prims/jni.cpp, line 578]
Event: 1.388 Thread 0x0000021397db2eb0 Exception <a 'sun/nio/fs/WindowsException'{0x000000008422c8c8}> (0x000000008422c8c8) 
thrown [./open/src/hotspot/share/prims/jni.cpp, line 578]
Event: 1.611 Thread 0x0000021397db2eb0 Implicit null exception at 0x00000213a7b93652 to 0x00000213a7b936b1
Event: 1.689 Thread 0x0000021397db2eb0 Implicit null exception at 0x00000213a7b2f20c to 0x00000213a7b2f754
Event: 1.690 Thread 0x0000021397db2eb0 Implicit null exception at 0x00000213a7b0930c to 0x00000213a7b09838
Event: 1.690 Thread 0x0000021397db2eb0 Implicit null exception at 0x00000213a7b0a82f to 0x00000213a7b0a8a9

Events (20 events):
Event: 1.615 Executing VM operation: HandshakeAllThreads
Event: 1.615 Executing VM operation: HandshakeAllThreads done
Event: 1.636 Executing VM operation: HandshakeAllThreads
Event: 1.636 Executing VM operation: HandshakeAllThreads done
Event: 1.692 Executing VM operation: ICBufferFull
Event: 1.692 Executing VM operation: ICBufferFull done
Event: 1.697 loading class java/util/stream/ReduceOps$2
Event: 1.697 loading class java/util/stream/ReduceOps$2 done
Event: 1.697 loading class java/util/stream/ReduceOps$2ReducingSink
Event: 1.697 loading class java/util/stream/ReduceOps$2ReducingSink done
Event: 1.710 Executing VM operation: G1CollectForAllocation
Event: 1.715 Executing VM operation: G1CollectForAllocation done
Event: 1.731 Executing VM operation: G1Concurrent
Event: 1.749 Executing VM operation: G1Concurrent done
Event: 1.756 Executing VM operation: G1Concurrent
Event: 1.757 Executing VM operation: G1Concurrent done
Event: 1.782 loading class java/util/function/ToIntBiFunction
Event: 1.782 loading class java/util/function/ToIntBiFunction done
Event: 1.791 loading class java/io/DataOutputStream
Event: 1.791 loading class java/io/DataOutputStream done


Dynamic libraries:
0x00007ff7c9390000 - 0x00007ff7c9398000 	C:\Program Files\Java\jdk-15.0.2\bin\javac.exe
0x00007ffbf9810000 - 0x00007ffbf9a05000 	C:\WINDOWS\SYSTEM32\ntdll.dll
0x00007ffbf7fe0000 - 0x00007ffbf809d000 	C:\WINDOWS\System32\KERNEL32.DLL
0x00007ffbf7110000 - 0x00007ffbf73d8000 	C:\WINDOWS\System32\KERNELBASE.dll
0x00007ffbf75c0000 - 0x00007ffbf76c0000 	C:\WINDOWS\System32\ucrtbase.dll
0x00007ffbdf320000 - 0x00007ffbdf338000 	C:\Program Files\Java\jdk-15.0.2\bin\jli.dll
0x00007ffbf10b0000 - 0x00007ffbf10c9000 	C:\Program Files\Java\jdk-15.0.2\bin\VCRUNTIME140.dll
0x00007ffbf8e50000 - 0x00007ffbf8efc000 	C:\WINDOWS\System32\ADVAPI32.dll
0x00007ffbf8db0000 - 0x00007ffbf8e4e000 	C:\WINDOWS\System32\msvcrt.dll
0x00007ffbf8270000 - 0x00007ffbf830b000 	C:\WINDOWS\System32\sechost.dll
0x00007ffbf9180000 - 0x00007ffbf92ab000 	C:\WINDOWS\System32\RPCRT4.dll
0x00007ffbf8310000 - 0x00007ffbf84b0000 	C:\WINDOWS\System32\USER32.dll
0x00007ffbf6f50000 - 0x00007ffbf6f72000 	C:\WINDOWS\System32\win32u.dll
0x00007ffbe54e0000 - 0x00007ffbe577a000 	C:\WINDOWS\WinSxS\amd64_microsoft.windows.common-controls_6595b64144ccf1df_6.0.19041.844_none_ca00b6081b84eb1d\COMCTL32.dll
0x00007ffbf81b0000 - 0x00007ffbf81da000 	C:\WINDOWS\System32\GDI32.dll
0x00007ffbf7000000 - 0x00007ffbf710b000 	C:\WINDOWS\System32\gdi32full.dll
0x00007ffbf77d0000 - 0x00007ffbf786d000 	C:\WINDOWS\System32\msvcp_win.dll
0x00007ffbf07d0000 - 0x00007ffbf07da000 	C:\WINDOWS\SYSTEM32\VERSION.dll
0x00007ffbf9310000 - 0x00007ffbf9340000 	C:\WINDOWS\System32\IMM32.DLL
0x00007ffbf1e50000 - 0x00007ffbf1e5c000 	C:\Program Files\Java\jdk-15.0.2\bin\vcruntime140_1.dll
0x00007ffbdaf90000 - 0x00007ffbdb021000 	C:\Program Files\Java\jdk-15.0.2\bin\msvcp140.dll
0x00007ffbb64a0000 - 0x00007ffbb6ffe000 	C:\Program Files\Java\jdk-15.0.2\bin\server\jvm.dll
0x00007ffbf8c10000 - 0x00007ffbf8c18000 	C:\WINDOWS\System32\PSAPI.DLL
0x00007ffbf1f60000 - 0x00007ffbf1f69000 	C:\WINDOWS\SYSTEM32\WSOCK32.dll
0x00007ffbe5ae0000 - 0x00007ffbe5b07000 	C:\WINDOWS\SYSTEM32\WINMM.dll
0x00007ffbf9040000 - 0x00007ffbf90ab000 	C:\WINDOWS\System32\WS2_32.dll
0x00007ffbf4e90000 - 0x00007ffbf4ea2000 	C:\WINDOWS\SYSTEM32\kernel.appcore.dll
0x00007ffbf1c80000 - 0x00007ffbf1c8a000 	C:\Program Files\Java\jdk-15.0.2\bin\jimage.dll
0x00007ffbed850000 - 0x00007ffbeda34000 	C:\WINDOWS\SYSTEM32\DBGHELP.DLL
0x00007ffbed7c0000 - 0x00007ffbed7ec000 	C:\WINDOWS\SYSTEM32\dbgcore.DLL
0x00007ffbf73e0000 - 0x00007ffbf7460000 	C:\WINDOWS\System32\bcryptPrimitives.dll
0x00007ffbec160000 - 0x00007ffbec185000 	C:\Program Files\Java\jdk-15.0.2\bin\java.dll
0x00007ffbf7890000 - 0x00007ffbf7fd2000 	C:\WINDOWS\System32\SHELL32.dll
0x00007ffbf5090000 - 0x00007ffbf5821000 	C:\WINDOWS\SYSTEM32\windows.storage.dll
0x00007ffbf9340000 - 0x00007ffbf9695000 	C:\WINDOWS\System32\combase.dll
0x00007ffbf6950000 - 0x00007ffbf697c000 	C:\WINDOWS\SYSTEM32\Wldp.dll
0x00007ffbf8670000 - 0x00007ffbf871e000 	C:\WINDOWS\System32\SHCORE.dll
0x00007ffbf8f00000 - 0x00007ffbf8f55000 	C:\WINDOWS\System32\shlwapi.dll
0x00007ffbf6e90000 - 0x00007ffbf6eaf000 	C:\WINDOWS\SYSTEM32\profapi.dll
0x00007ffbec140000 - 0x00007ffbec159000 	C:\Program Files\Java\jdk-15.0.2\bin\net.dll
0x00007ffbed4c0000 - 0x00007ffbed5cb000 	C:\WINDOWS\SYSTEM32\WINHTTP.dll
0x00007ffbf66c0000 - 0x00007ffbf672a000 	C:\WINDOWS\system32\mswsock.dll
0x00007ffbec120000 - 0x00007ffbec132000 	C:\Program Files\Java\jdk-15.0.2\bin\nio.dll
0x00007ffbec100000 - 0x00007ffbec118000 	C:\Program Files\Java\jdk-15.0.2\bin\zip.dll

dbghelp: loaded successfully - version: 4.0.5 - missing functions: none
symbol engine: initialized successfully - sym options: 0x614 - pdb path: (cannot be retrieved)

VM Arguments:
jvm_args: -Dapplication.home=C:\Program Files\Java\jdk-15.0.2 --add-modules=ALL-DEFAULT -Xms8m -Djdk.module.main=jdk.compiler 
java_command: jdk.compiler/com.sun.tools.javac.Main -d C:\Users\Burapa\Documents\NetBeansProjects\CardGame\build\classes -classpath C:\Users\Burapa\Documents\NetBeansProjects\CardGame\build\classes;C:\Program Files\Java\javafx-sdk-11.0.2\lib\javafx.base.jar;C:\Program Files\Java\javafx-sdk-11.0.2\lib\javafx.controls.jar;C:\Program Files\Java\javafx-sdk-11.0.2\lib\javafx.fxml.jar;C:\Program Files\Java\javafx-sdk-11.0.2\lib\javafx.graphics.jar;C:\Program Files\Java\javafx-sdk-11.0.2\lib\javafx.media.jar;C:\Program Files\Java\javafx-sdk-11.0.2\lib\javafx.swing.jar;C:\Program Files\Java\javafx-sdk-11.0.2\lib\javafx.web.jar;C:\Program Files\Java\javafx-sdk-11.0.2\lib\javafx-swt.jar -sourcepath C:\Users\Burapa\Documents\NetBeansProjects\CardGame\src -target 15 -encoding UTF-8 -g -processorpath C:\Program Files\Java\javafx-sdk-11.0.2\lib\javafx.base.jar;C:\Program Files\Java\javafx-sdk-11.0.2\lib\javafx.controls.jar;C:\Program Files\Java\javafx-sdk-11.0.2\lib\javafx.fxml.jar;C:\Program Files\Java\javafx-sdk-11.0.2\lib\javafx.graphics.jar;C:\Program Files\Java\javafx-sdk-11.0.2\lib\javafx.media.jar;C:\Program Files\Java\javafx-sdk-11.0.2\lib\javafx.swing.jar;C:\Program Files\Java\javafx-sdk-11.0.2\lib\javafx.web.jar;C:\Program Files\Java\javafx-sdk-11.0.2\lib\javafx-swt.jar;C:\Users\Burapa\Documents\NetBeansProjects\CardGame\build\empty -s C:\Users\Burapa\Documents\NetBeansProjects\CardGame\build\generated-sources\ap-source-output -source 15 --module-path C:\Program Files\Java\javafx-sdk-11.0.2\lib\javafx-swt.jar;C:\Program Files\Java\javafx-sdk-11.0.2\lib\javafx.base.jar;C:\Program Files\Java\javafx-sdk-11.0.2\lib\javafx.controls.jar;C:\Program Files\Java\javafx-sdk-11.0.2\lib\javafx.fxml.jar;C:\Program Files\Java\javafx-sdk-11.0.2\lib\javafx.graphics.jar;C:\Program Files\Java\javafx-sdk-11.0.2\lib\javafx.media.jar;C:\Program Files\Java\javafx-sdk-11.0.2\lib\javafx.swing.jar;C:\Program Files\Java\javafx-sdk-11.0.2\lib\javafx.web.jar C:\Users\Burapa\Documents\NetBeansProj
java_class_path (initial): <not set>
Launcher Type: SUN_STANDARD

[Global flags]
     intx CICompilerCount                          = 4                                         {product} {ergonomic}
     uint ConcGCThreads                            = 2                                         {product} {ergonomic}
     uint G1ConcRefinementThreads                  = 8                                         {product} {ergonomic}
   size_t G1HeapRegionSize                         = 1048576                                   {product} {ergonomic}
    uintx GCDrainStackTargetSize                   = 64                                        {product} {ergonomic}
   size_t InitialHeapSize                          = 8388608                                   {product} {command line}
   size_t MarkStackSize                            = 4194304                                   {product} {ergonomic}
   size_t MaxHeapSize                              = 2099249152                                {product} {ergonomic}
   size_t MaxNewSize                               = 1259339776                                {product} {ergonomic}
   size_t MinHeapDeltaBytes                        = 1048576                                   {product} {ergonomic}
   size_t MinHeapSize                              = 8388608                                   {product} {command line}
    uintx NonNMethodCodeHeapSize                   = 5839372                                {pd product} {ergonomic}
    uintx NonProfiledCodeHeapSize                  = 122909434                              {pd product} {ergonomic}
    uintx ProfiledCodeHeapSize                     = 122909434                              {pd product} {ergonomic}
    uintx ReservedCodeCacheSize                    = 251658240                              {pd product} {ergonomic}
     bool SegmentedCodeCache                       = true                                      {product} {ergonomic}
   size_t SoftMaxHeapSize                          = 2099249152                             {manageable} {ergonomic}
     bool UseCompressedClassPointers               = true                                 {lp64_product} {ergonomic}
     bool UseCompressedOops                        = true                                 {lp64_product} {ergonomic}
     bool UseG1GC                                  = true                                      {product} {ergonomic}
     bool UseLargePagesIndividualAllocation        = false                                  {pd product} {ergonomic}

Logging:
Log output configuration:
 #0: stdout all=warning uptime,level,tags
 #1: stderr all=off uptime,level,tags

Environment Variables:
PATH=C:\Program Files\Common Files\Oracle\Java\javapath;C:\WINDOWS\system32;C:\WINDOWS;C:\WINDOWS\System32\Wbem;C:\WINDOWS\System32\WindowsPowerShell\v1.0\;C:\WINDOWS\System32\OpenSSH\;C:\Cadence\Orcad_9.2.3\tools\Capture;C:\Cadence\Orcad_9.2.3\tools\bin;C:\Cadence\Orcad_9.2.3\tools\jre\bin;C:\Cadence\Orcad_9.2.3\tools\fet\bin;C:\Cadence\Orcad_9.2.3\tools\specctra\bin;C:\Users\Burapa\AppData\Local\Microsoft\WindowsApps;
USERNAME=Burapa
OS=Windows_NT
PROCESSOR_IDENTIFIER=AMD64 Family 23 Model 24 Stepping 1, AuthenticAMD



---------------  S Y S T E M  ---------------

OS:
 Windows 10 , 64 bit Build 19041 (10.0.19041.928)
OS uptime: 2 days 1:42 hours

CPU: total 8 (initial active 8) (8 cores per cpu, 2 threads per core) family 23 model 24 stepping 1 microcode 0x0, cmov, cx8, fxsr, mmx, sse, sse2, sse3, ssse3, sse4.1, sse4.2, popcnt, vzeroupper, avx, avx2, aes, clmul, 3dnowpref, lzcnt, sse4a, ht, tsc, tscinvbit, tscinv, bmi1, bmi2, adx, sha, fma, clflush, clflushopt

Memory: 4k page, system-wide physical 8000M (1070M free)
TotalPageFile size 32576M (AvailPageFile size 4M)
current process WorkingSet (physical memory assigned to process): 129M, peak: 129M
current process commit charge ("private bytes"): 189M, peak: 189M

vm_info: Java HotSpot(TM) 64-Bit Server VM (15.0.2+7-27) for windows-amd64 JRE (15.0.2+7-27), built on Dec  7 2020 20:07:01 by "mach5one" with unknown MS VC++:1925

END.
